#
# There is insufficient memory for the Java Runtime Environment to continue.
# Native memory allocation (malloc) failed to allocate 1503536 bytes for Chunk::new
# Possible reasons:
#   The system is out of physical RAM or swap space
#   The process is running with CompressedOops enabled, and the Java Heap may be blocking the growth of the native heap
# Possible solutions:
#   Reduce memory load on the system
#   Increase physical memory or swap space
#   Check if swap backing store is full
#   Decrease Java heap size (-Xmx/-Xms)
#   Decrease number of Java threads
#   Decrease Java thread stack sizes (-Xss)
#   Set larger code cache with -XX:ReservedCodeCacheSize=
#   JVM is running with Unscaled Compressed Oops mode in which the Java heap is
#     placed in the first 4GB address space. The Java Heap base address is the
#     maximum limit for the native heap growth. Please use -XX:HeapBaseMinAddress
#     to set the Java Heap base and to place the Java Heap above 4GB virtual address.
# This output file may be truncated or incomplete.
#
#  Out of Memory Error (./src/hotspot/share/memory/arena.cpp:197), pid=15120, tid=20364
#
# JRE version: OpenJDK Runtime Environment (11.0.10) (build 11.0.10+0-b96-7249189)
# Java VM: OpenJDK 64-Bit Server VM (11.0.10+0-b96-7249189, mixed mode, tiered, compressed oops, g1 gc, windows-amd64)
# No core dump will be written. Minidumps are not enabled by default on client versions of Windows
#

---------------  S U M M A R Y ------------

Command Line: --add-opens=java.base/java.util=ALL-UNNAMED --add-opens=java.base/java.lang=ALL-UNNAMED --add-opens=java.base/java.lang.invoke=ALL-UNNAMED --add-opens=java.prefs/java.util.prefs=ALL-UNNAMED -Xmx1536m -Dfile.encoding=windows-1252 -Duser.country=US -Duser.language=en -Duser.variant org.gradle.launcher.daemon.bootstrap.GradleDaemon 6.1.1

Host: Intel(R) Core(TM) i5-8250U CPU @ 1.60GHz, 8 cores, 19G,  Windows 10 , 64 bit Build 19041 (10.0.19041.1151)
Time: Wed Aug 18 19:13:44 2021 India Standard Time elapsed time: 27.524449 seconds (0d 0h 0m 27s)

---------------  T H R E A D  ---------------

Current thread (0x000001c176460800):  JavaThread "C2 CompilerThread1" daemon [_thread_in_native, id=20364, stack(0x0000000103b00000,0x0000000103c00000)]


Current CompileTask:
C2:  27524 9454   !   4       java.net.URLClassLoader$1::run (63 bytes)

Stack: [0x0000000103b00000,0x0000000103c00000]
Native frames: (J=compiled Java code, j=interpreted, Vv=VM code, C=native code)
V  [jvm.dll+0x5ecfaa]
V  [jvm.dll+0x722bd5]
V  [jvm.dll+0x72412d]
V  [jvm.dll+0x7247e3]
V  [jvm.dll+0x242928]
V  [jvm.dll+0xbc4fc]
V  [jvm.dll+0xbca0c]
V  [jvm.dll+0x352d7d]
V  [jvm.dll+0x19800c]
V  [jvm.dll+0x1fb70e]
V  [jvm.dll+0x1fa7f4]
V  [jvm.dll+0x18354c]
V  [jvm.dll+0x208ee7]
V  [jvm.dll+0x207731]
V  [jvm.dll+0x6eb1cf]
V  [jvm.dll+0x6e3d45]
V  [jvm.dll+0x5ebe96]
C  [ucrtbase.dll+0x21bb2]
C  [KERNEL32.DLL+0x17034]
C  [ntdll.dll+0x52651]


---------------  P R O C E S S  ---------------

Threads class SMR info:
_java_thread_list=0x000001c16d9e2190, length=39, elements={
0x000001c151ed8800, 0x000001c16d85c800, 0x000001c16d85e000, 0x000001c16d8bb800,
0x000001c16d8bd000, 0x000001c16d8c0800, 0x000001c16d8c8800, 0x000001c16d8ca800,
0x000001c16d8e6000, 0x000001c16da34000, 0x000001c16f20b000, 0x000001c16f434800,
0x000001c16f3db000, 0x000001c16f3e9000, 0x000001c16f3ec000, 0x000001c16f1ef800,
0x000001c16f23a800, 0x000001c16f238800, 0x000001c16f27d000, 0x000001c16f1d3800,
0x000001c16f1d8800, 0x000001c16f1d5800, 0x000001c16f1d4800, 0x000001c16f1d6000,
0x000001c16f1d7000, 0x000001c16f1d3000, 0x000001c16f1d7800, 0x000001c16f1d9800,
0x000001c171d71000, 0x000001c171d76800, 0x000001c171d77800, 0x000001c171d72800,
0x000001c171d75000, 0x000001c171d71800, 0x000001c171d74000, 0x000001c171d73800,
0x000001c171d7c800, 0x000001c176460800, 0x000001c1747aa800
}

Java Threads: ( => current thread )
  0x000001c151ed8800 JavaThread "main" [_thread_blocked, id=8432, stack(0x0000000100600000,0x0000000100700000)]
  0x000001c16d85c800 JavaThread "Reference Handler" daemon [_thread_blocked, id=26436, stack(0x0000000100d00000,0x0000000100e00000)]
  0x000001c16d85e000 JavaThread "Finalizer" daemon [_thread_blocked, id=33824, stack(0x0000000100e00000,0x0000000100f00000)]
  0x000001c16d8bb800 JavaThread "Signal Dispatcher" daemon [_thread_blocked, id=28120, stack(0x0000000100f00000,0x0000000101000000)]
  0x000001c16d8bd000 JavaThread "Attach Listener" daemon [_thread_blocked, id=33916, stack(0x0000000101000000,0x0000000101100000)]
  0x000001c16d8c0800 JavaThread "Service Thread" daemon [_thread_blocked, id=12116, stack(0x0000000101100000,0x0000000101200000)]
  0x000001c16d8c8800 JavaThread "C2 CompilerThread0" daemon [_thread_in_native, id=11256, stack(0x0000000101200000,0x0000000101300000)]
  0x000001c16d8ca800 JavaThread "C1 CompilerThread0" daemon [_thread_blocked, id=5812, stack(0x0000000101300000,0x0000000101400000)]
  0x000001c16d8e6000 JavaThread "Sweeper thread" daemon [_thread_blocked, id=9044, stack(0x0000000101400000,0x0000000101500000)]
  0x000001c16da34000 JavaThread "Common-Cleaner" daemon [_thread_blocked, id=30132, stack(0x0000000101500000,0x0000000101600000)]
  0x000001c16f20b000 JavaThread "Daemon health stats" [_thread_blocked, id=34248, stack(0x0000000101d00000,0x0000000101e00000)]
  0x000001c16f434800 JavaThread "Incoming local TCP Connector on port 52653" [_thread_in_native, id=30544, stack(0x0000000101e00000,0x0000000101f00000)]
  0x000001c16f3db000 JavaThread "Daemon periodic checks" [_thread_blocked, id=18268, stack(0x0000000101f00000,0x0000000102000000)]
  0x000001c16f3e9000 JavaThread "Daemon" [_thread_blocked, id=34488, stack(0x0000000102000000,0x0000000102100000)]
  0x000001c16f3ec000 JavaThread "Handler for socket connection from /127.0.0.1:52653 to /127.0.0.1:52654" [_thread_in_native, id=23872, stack(0x0000000102100000,0x0000000102200000)]
  0x000001c16f1ef800 JavaThread "Cancel handler" [_thread_blocked, id=12348, stack(0x0000000102200000,0x0000000102300000)]
  0x000001c16f23a800 JavaThread "Daemon worker" [_thread_in_native, id=34364, stack(0x0000000102300000,0x0000000102400000)]
  0x000001c16f238800 JavaThread "Asynchronous log dispatcher for DefaultDaemonConnection: socket connection from /127.0.0.1:52653 to /127.0.0.1:52654" [_thread_blocked, id=12884, stack(0x0000000102400000,0x0000000102500000)]
  0x000001c16f27d000 JavaThread "Stdin handler" [_thread_blocked, id=12896, stack(0x0000000102500000,0x0000000102600000)]
  0x000001c16f1d3800 JavaThread "Thread-8" [_thread_blocked, id=29728, stack(0x0000000102600000,0x0000000102700000)]
  0x000001c16f1d8800 JavaThread "Cache worker for journal cache (C:\Users\patel\.gradle\caches\journal-1)" [_thread_blocked, id=34368, stack(0x0000000102700000,0x0000000102800000)]
  0x000001c16f1d5800 JavaThread "File lock request listener" [_thread_in_native, id=8768, stack(0x0000000102800000,0x0000000102900000)]
  0x000001c16f1d4800 JavaThread "Cache worker for file hash cache (C:\Users\patel\.gradle\caches\6.1.1\fileHashes)" [_thread_blocked, id=34520, stack(0x0000000102900000,0x0000000102a00000)]
  0x000001c16f1d6000 JavaThread "Cache worker for checksums cache (C:\Users\patel\AndroidStudioProjects\FoodRunner\.gradle\checksums)" [_thread_blocked, id=17376, stack(0x0000000102c00000,0x0000000102d00000)]
  0x000001c16f1d7000 JavaThread "Cache worker for file hash cache (C:\Users\patel\AndroidStudioProjects\FoodRunner\.gradle\6.1.1\fileHashes)" [_thread_blocked, id=23628, stack(0x0000000102d00000,0x0000000102e00000)]
  0x000001c16f1d3000 JavaThread "Cache worker for cache directory md-supplier (C:\Users\patel\.gradle\caches\6.1.1\md-supplier)" [_thread_blocked, id=7804, stack(0x0000000102e00000,0x0000000102f00000)]
  0x000001c16f1d7800 JavaThread "Cache worker for cache directory md-rule (C:\Users\patel\.gradle\caches\6.1.1\md-rule)" [_thread_blocked, id=31396, stack(0x0000000102f00000,0x0000000103000000)]
  0x000001c16f1d9800 JavaThread "Cache worker for execution history cache (C:\Users\patel\.gradle\caches\6.1.1\executionHistory)" [_thread_blocked, id=31780, stack(0x0000000103000000,0x0000000103100000)]
  0x000001c171d71000 JavaThread "Cache worker for Build Output Cleanup Cache (C:\Users\patel\AndroidStudioProjects\FoodRunner\.gradle\buildOutputCleanup)" [_thread_blocked, id=11404, stack(0x0000000103100000,0x0000000103200000)]
  0x000001c171d76800 JavaThread "Build operations" [_thread_blocked, id=34524, stack(0x0000000103200000,0x0000000103300000)]
  0x000001c171d77800 JavaThread "Build operations Thread 2" [_thread_blocked, id=34448, stack(0x0000000103300000,0x0000000103400000)]
  0x000001c171d72800 JavaThread "Build operations Thread 3" [_thread_blocked, id=34400, stack(0x0000000103400000,0x0000000103500000)]
  0x000001c171d75000 JavaThread "Build operations Thread 4" [_thread_blocked, id=9644, stack(0x0000000103500000,0x0000000103600000)]
  0x000001c171d71800 JavaThread "Build operations Thread 5" [_thread_blocked, id=1164, stack(0x0000000103600000,0x0000000103700000)]
  0x000001c171d74000 JavaThread "Build operations Thread 6" [_thread_blocked, id=8848, stack(0x0000000103700000,0x0000000103800000)]
  0x000001c171d73800 JavaThread "Build operations Thread 7" [_thread_blocked, id=20628, stack(0x0000000103800000,0x0000000103900000)]
  0x000001c171d7c800 JavaThread "Build operations Thread 8" [_thread_blocked, id=22016, stack(0x0000000103900000,0x0000000103a00000)]
=>0x000001c176460800 JavaThread "C2 CompilerThread1" daemon [_thread_in_native, id=20364, stack(0x0000000103b00000,0x0000000103c00000)]
  0x000001c1747aa800 JavaThread "C2 CompilerThread2" daemon [_thread_in_native, id=25452, stack(0x0000000103c00000,0x0000000103d00000)]

Other Threads:
  0x000001c16d838000 VMThread "VM Thread" [stack: 0x0000000100c00000,0x0000000100d00000] [id=34648]
  0x000001c16da39800 WatcherThread [stack: 0x0000000101600000,0x0000000101700000] [id=33140]
  0x000001c151ef0800 GCTaskThread "GC Thread#0" [stack: 0x0000000100700000,0x0000000100800000] [id=33992]
  0x000001c16e377000 GCTaskThread "GC Thread#1" [stack: 0x0000000101700000,0x0000000101800000] [id=16268]
  0x000001c16e42b000 GCTaskThread "GC Thread#2" [stack: 0x0000000101800000,0x0000000101900000] [id=18020]
  0x000001c16e48c800 GCTaskThread "GC Thread#3" [stack: 0x0000000101900000,0x0000000101a00000] [id=15888]
  0x000001c16e48d800 GCTaskThread "GC Thread#4" [stack: 0x0000000101a00000,0x0000000101b00000] [id=15088]
  0x000001c16e3f8000 GCTaskThread "GC Thread#5" [stack: 0x0000000101b00000,0x0000000101c00000] [id=4364]
  0x000001c16df0a000 GCTaskThread "GC Thread#6" [stack: 0x0000000101c00000,0x0000000101d00000] [id=16652]
  0x000001c16fc9f800 GCTaskThread "GC Thread#7" [stack: 0x0000000102a00000,0x0000000102b00000] [id=33756]
  0x000001c151f1c000 ConcurrentGCThread "G1 Main Marker" [stack: 0x0000000100800000,0x0000000100900000] [id=34528]
  0x000001c151f1e000 ConcurrentGCThread "G1 Conc#0" [stack: 0x0000000100900000,0x0000000100a00000] [id=24028]
  0x000001c16e5be000 ConcurrentGCThread "G1 Conc#1" [stack: 0x0000000102b00000,0x0000000102c00000] [id=31768]
  0x000001c16cea2800 ConcurrentGCThread "G1 Refine#0" [stack: 0x0000000100a00000,0x0000000100b00000] [id=34612]
  0x000001c170723800 ConcurrentGCThread "G1 Refine#1" [stack: 0x0000000103a00000,0x0000000103b00000] [id=27096]
  0x000001c16cea3800 ConcurrentGCThread "G1 Young RemSet Sampling" [stack: 0x0000000100b00000,0x0000000100c00000] [id=12780]

Threads with active compile tasks:
C2 CompilerThread0  27564 9580  s    4       java.util.jar.JarFile::getInputStream (72 bytes)
C2 CompilerThread1  27564 9454   !   4       java.net.URLClassLoader$1::run (63 bytes)
C2 CompilerThread2  27564 9494       4       org.gradle.internal.snapshot.SnapshotUtil::getSnapshotFromChild (41 bytes)

VM state:not at safepoint (normal execution)

VM Mutex/Monitor currently owned by a thread: None

Heap address: 0x00000000a0000000, size: 1536 MB, Compressed Oops mode: 32-bit
Narrow klass base: 0x000001c100000000, Narrow klass shift: 0
Compressed class space size: 1073741824 Address: 0x000001c100000000

Heap:
 garbage-first heap   total 327680K, used 100255K [0x00000000a0000000, 0x0000000100000000)
  region size 1024K, 39 young (39936K), 21 survivors (21504K)
 Metaspace       used 88031K, capacity 90319K, committed 90544K, reserved 1128448K
  class space    used 11109K, capacity 11921K, committed 12032K, reserved 1048576K
Heap Regions: E=young(eden), S=young(survivor), O=old, HS=humongous(starts), HC=humongous(continues), CS=collection set, F=free, A=archive, TAMS=top-at-mark-start (previous, next)
|   0|0x00000000a0000000, 0x00000000a0100000, 0x00000000a0100000|100%|HS|  |TAMS 0x00000000a0100000, 0x00000000a0000000| Complete 
|   1|0x00000000a0100000, 0x00000000a0200000, 0x00000000a0200000|100%|HC|  |TAMS 0x00000000a0200000, 0x00000000a0100000| Complete 
|   2|0x00000000a0200000, 0x00000000a0300000, 0x00000000a0300000|100%| O|  |TAMS 0x00000000a0300000, 0x00000000a0200000| Untracked 
|   3|0x00000000a0300000, 0x00000000a0400000, 0x00000000a0400000|100%|HS|  |TAMS 0x00000000a0400000, 0x00000000a0300000| Complete 
|   4|0x00000000a0400000, 0x00000000a0500000, 0x00000000a0500000|100%|HC|  |TAMS 0x00000000a0500000, 0x00000000a0400000| Complete 
|   5|0x00000000a0500000, 0x00000000a0600000, 0x00000000a0600000|100%|HC|  |TAMS 0x00000000a0600000, 0x00000000a0500000| Complete 
|   6|0x00000000a0600000, 0x00000000a0700000, 0x00000000a0700000|100%| O|  |TAMS 0x00000000a0700000, 0x00000000a0600000| Untracked 
|   7|0x00000000a0700000, 0x00000000a0800000, 0x00000000a0800000|100%| O|  |TAMS 0x00000000a0800000, 0x00000000a0700000| Untracked 
|   8|0x00000000a0800000, 0x00000000a0900000, 0x00000000a0900000|100%| O|  |TAMS 0x00000000a0900000, 0x00000000a0800000| Untracked 
|   9|0x00000000a0900000, 0x00000000a0a00000, 0x00000000a0a00000|100%|HS|  |TAMS 0x00000000a0a00000, 0x00000000a0900000| Complete 
|  10|0x00000000a0a00000, 0x00000000a0b00000, 0x00000000a0b00000|100%|HC|  |TAMS 0x00000000a0b00000, 0x00000000a0a00000| Complete 
|  11|0x00000000a0b00000, 0x00000000a0c00000, 0x00000000a0c00000|100%|HC|  |TAMS 0x00000000a0c00000, 0x00000000a0b00000| Complete 
|  12|0x00000000a0c00000, 0x00000000a0d00000, 0x00000000a0d00000|100%|HS|  |TAMS 0x00000000a0d00000, 0x00000000a0c00000| Complete 
|  13|0x00000000a0d00000, 0x00000000a0e00000, 0x00000000a0e00000|100%|HC|  |TAMS 0x00000000a0e00000, 0x00000000a0d00000| Complete 
|  14|0x00000000a0e00000, 0x00000000a0f00000, 0x00000000a0f00000|100%|HC|  |TAMS 0x00000000a0f00000, 0x00000000a0e00000| Complete 
|  15|0x00000000a0f00000, 0x00000000a1000000, 0x00000000a1000000|100%|HC|  |TAMS 0x00000000a1000000, 0x00000000a0f00000| Complete 
|  16|0x00000000a1000000, 0x00000000a1100000, 0x00000000a1100000|100%|HC|  |TAMS 0x00000000a1100000, 0x00000000a1000000| Complete 
|  17|0x00000000a1100000, 0x00000000a1200000, 0x00000000a1200000|100%| O|  |TAMS 0x00000000a1200000, 0x00000000a1100000| Untracked 
|  18|0x00000000a1200000, 0x00000000a1300000, 0x00000000a1300000|100%| O|  |TAMS 0x00000000a1300000, 0x00000000a1200000| Untracked 
|  19|0x00000000a1300000, 0x00000000a1400000, 0x00000000a1400000|100%| O|  |TAMS 0x00000000a1400000, 0x00000000a1300000| Untracked 
|  20|0x00000000a1400000, 0x00000000a1500000, 0x00000000a1500000|100%| O|  |TAMS 0x00000000a1500000, 0x00000000a1400000| Untracked 
|  21|0x00000000a1500000, 0x00000000a15ffff8, 0x00000000a1600000| 99%| O|  |TAMS 0x00000000a15ffff8, 0x00000000a1500000| Untracked 
|  22|0x00000000a1600000, 0x00000000a1700000, 0x00000000a1700000|100%| O|  |TAMS 0x00000000a1700000, 0x00000000a1600000| Untracked 
|  23|0x00000000a1700000, 0x00000000a1800000, 0x00000000a1800000|100%| O|  |TAMS 0x00000000a1800000, 0x00000000a1700000| Untracked 
|  24|0x00000000a1800000, 0x00000000a1900000, 0x00000000a1900000|100%| O|  |TAMS 0x00000000a1900000, 0x00000000a1800000| Untracked 
|  25|0x00000000a1900000, 0x00000000a1a00000, 0x00000000a1a00000|100%| O|  |TAMS 0x00000000a1a00000, 0x00000000a1900000| Untracked 
|  26|0x00000000a1a00000, 0x00000000a1b00000, 0x00000000a1b00000|100%| O|  |TAMS 0x00000000a1b00000, 0x00000000a1a00000| Untracked 
|  27|0x00000000a1b00000, 0x00000000a1c00000, 0x00000000a1c00000|100%|HS|  |TAMS 0x00000000a1c00000, 0x00000000a1b00000| Complete 
|  28|0x00000000a1c00000, 0x00000000a1d00000, 0x00000000a1d00000|100%|HC|  |TAMS 0x00000000a1d00000, 0x00000000a1c00000| Complete 
|  29|0x00000000a1d00000, 0x00000000a1e00000, 0x00000000a1e00000|100%| O|  |TAMS 0x00000000a1e00000, 0x00000000a1d00000| Untracked 
|  30|0x00000000a1e00000, 0x00000000a1f00000, 0x00000000a1f00000|100%| O|  |TAMS 0x00000000a1f00000, 0x00000000a1e00000| Untracked 
|  31|0x00000000a1f00000, 0x00000000a2000000, 0x00000000a2000000|100%| O|  |TAMS 0x00000000a2000000, 0x00000000a1f00000| Untracked 
|  32|0x00000000a2000000, 0x00000000a2100000, 0x00000000a2100000|100%| O|  |TAMS 0x00000000a2100000, 0x00000000a2000000| Untracked 
|  33|0x00000000a2100000, 0x00000000a2200000, 0x00000000a2200000|100%|HS|  |TAMS 0x00000000a2200000, 0x00000000a2100000| Complete 
|  34|0x00000000a2200000, 0x00000000a2300000, 0x00000000a2300000|100%|HC|  |TAMS 0x00000000a2300000, 0x00000000a2200000| Complete 
|  35|0x00000000a2300000, 0x00000000a2400000, 0x00000000a2400000|100%|HC|  |TAMS 0x00000000a2400000, 0x00000000a2300000| Complete 
|  36|0x00000000a2400000, 0x00000000a2500000, 0x00000000a2500000|100%|HS|  |TAMS 0x00000000a2500000, 0x00000000a2400000| Complete 
|  37|0x00000000a2500000, 0x00000000a2600000, 0x00000000a2600000|100%|HC|  |TAMS 0x00000000a2600000, 0x00000000a2500000| Complete 
|  38|0x00000000a2600000, 0x00000000a2700000, 0x00000000a2700000|100%|HC|  |TAMS 0x00000000a2700000, 0x00000000a2600000| Complete 
|  39|0x00000000a2700000, 0x00000000a2800000, 0x00000000a2800000|100%| O|  |TAMS 0x00000000a2718c00, 0x00000000a2700000| Untracked 
|  40|0x00000000a2800000, 0x00000000a2800000, 0x00000000a2900000|  0%| F|  |TAMS 0x00000000a2800000, 0x00000000a2800000| Untracked 
|  41|0x00000000a2900000, 0x00000000a2a00000, 0x00000000a2a00000|100%| O|  |TAMS 0x00000000a2900000, 0x00000000a2900000| Untracked 
|  42|0x00000000a2a00000, 0x00000000a2b00000, 0x00000000a2b00000|100%| O|  |TAMS 0x00000000a2a00000, 0x00000000a2a00000| Untracked 
|  43|0x00000000a2b00000, 0x00000000a2c00000, 0x00000000a2c00000|100%| O|  |TAMS 0x00000000a2b00000, 0x00000000a2b00000| Untracked 
|  44|0x00000000a2c00000, 0x00000000a2d00000, 0x00000000a2d00000|100%| O|  |TAMS 0x00000000a2c00000, 0x00000000a2c00000| Untracked 
|  45|0x00000000a2d00000, 0x00000000a2e00000, 0x00000000a2e00000|100%| O|  |TAMS 0x00000000a2d00000, 0x00000000a2d00000| Untracked 
|  46|0x00000000a2e00000, 0x00000000a2f00000, 0x00000000a2f00000|100%| O|  |TAMS 0x00000000a2e00000, 0x00000000a2e00000| Untracked 
|  47|0x00000000a2f00000, 0x00000000a3000000, 0x00000000a3000000|100%| O|  |TAMS 0x00000000a2f00000, 0x00000000a2f00000| Untracked 
|  48|0x00000000a3000000, 0x00000000a3100000, 0x00000000a3100000|100%| O|  |TAMS 0x00000000a3000000, 0x00000000a3000000| Untracked 
|  49|0x00000000a3100000, 0x00000000a3200000, 0x00000000a3200000|100%| O|  |TAMS 0x00000000a3100000, 0x00000000a3100000| Untracked 
|  50|0x00000000a3200000, 0x00000000a3300000, 0x00000000a3300000|100%| O|  |TAMS 0x00000000a3200000, 0x00000000a3200000| Untracked 
|  51|0x00000000a3300000, 0x00000000a3400000, 0x00000000a3400000|100%| O|  |TAMS 0x00000000a3300000, 0x00000000a3300000| Untracked 
|  52|0x00000000a3400000, 0x00000000a3500000, 0x00000000a3500000|100%| O|  |TAMS 0x00000000a3400000, 0x00000000a3400000| Untracked 
|  53|0x00000000a3500000, 0x00000000a3600000, 0x00000000a3600000|100%| O|  |TAMS 0x00000000a3500000, 0x00000000a3500000| Untracked 
|  54|0x00000000a3600000, 0x00000000a3700000, 0x00000000a3700000|100%| O|  |TAMS 0x00000000a3600000, 0x00000000a3600000| Untracked 
|  55|0x00000000a3700000, 0x00000000a3800000, 0x00000000a3800000|100%| O|  |TAMS 0x00000000a3700000, 0x00000000a3700000| Untracked 
|  56|0x00000000a3800000, 0x00000000a3900000, 0x00000000a3900000|100%| O|  |TAMS 0x00000000a3800000, 0x00000000a3800000| Untracked 
|  57|0x00000000a3900000, 0x00000000a3a00000, 0x00000000a3a00000|100%| O|  |TAMS 0x00000000a3900000, 0x00000000a3900000| Untracked 
|  58|0x00000000a3a00000, 0x00000000a3b00000, 0x00000000a3b00000|100%| O|  |TAMS 0x00000000a3a00000, 0x00000000a3a00000| Untracked 
|  59|0x00000000a3b00000, 0x00000000a3c00000, 0x00000000a3c00000|100%| O|  |TAMS 0x00000000a3b00000, 0x00000000a3b00000| Untracked 
|  60|0x00000000a3c00000, 0x00000000a3d00000, 0x00000000a3d00000|100%| O|  |TAMS 0x00000000a3c00000, 0x00000000a3c00000| Untracked 
|  61|0x00000000a3d00000, 0x00000000a3d5f400, 0x00000000a3e00000| 37%| O|  |TAMS 0x00000000a3d00000, 0x00000000a3d00000| Untracked 
|  62|0x00000000a3e00000, 0x00000000a3e00000, 0x00000000a3f00000|  0%| F|  |TAMS 0x00000000a3e00000, 0x00000000a3e00000| Untracked 
|  63|0x00000000a3f00000, 0x00000000a3f00000, 0x00000000a4000000|  0%| F|  |TAMS 0x00000000a3f00000, 0x00000000a3f00000| Untracked 
|  64|0x00000000a4000000, 0x00000000a4000000, 0x00000000a4100000|  0%| F|  |TAMS 0x00000000a4000000, 0x00000000a4000000| Untracked 
|  65|0x00000000a4100000, 0x00000000a4100000, 0x00000000a4200000|  0%| F|  |TAMS 0x00000000a4100000, 0x00000000a4100000| Untracked 
|  66|0x00000000a4200000, 0x00000000a4200000, 0x00000000a4300000|  0%| F|  |TAMS 0x00000000a4200000, 0x00000000a4200000| Untracked 
|  67|0x00000000a4300000, 0x00000000a4300000, 0x00000000a4400000|  0%| F|  |TAMS 0x00000000a4300000, 0x00000000a4300000| Untracked 
|  68|0x00000000a4400000, 0x00000000a4400000, 0x00000000a4500000|  0%| F|  |TAMS 0x00000000a4400000, 0x00000000a4400000| Untracked 
|  69|0x00000000a4500000, 0x00000000a4500000, 0x00000000a4600000|  0%| F|  |TAMS 0x00000000a4500000, 0x00000000a4500000| Untracked 
|  70|0x00000000a4600000, 0x00000000a4600000, 0x00000000a4700000|  0%| F|  |TAMS 0x00000000a4600000, 0x00000000a4600000| Untracked 
|  71|0x00000000a4700000, 0x00000000a4700000, 0x00000000a4800000|  0%| F|  |TAMS 0x00000000a4700000, 0x00000000a4700000| Untracked 
|  72|0x00000000a4800000, 0x00000000a4800000, 0x00000000a4900000|  0%| F|  |TAMS 0x00000000a4800000, 0x00000000a4800000| Untracked 
|  73|0x00000000a4900000, 0x00000000a4900000, 0x00000000a4a00000|  0%| F|  |TAMS 0x00000000a4900000, 0x00000000a4900000| Untracked 
|  74|0x00000000a4a00000, 0x00000000a4a00000, 0x00000000a4b00000|  0%| F|  |TAMS 0x00000000a4a00000, 0x00000000a4a00000| Untracked 
|  75|0x00000000a4b00000, 0x00000000a4b00000, 0x00000000a4c00000|  0%| F|  |TAMS 0x00000000a4b00000, 0x00000000a4b00000| Untracked 
|  76|0x00000000a4c00000, 0x00000000a4c00000, 0x00000000a4d00000|  0%| F|  |TAMS 0x00000000a4c00000, 0x00000000a4c00000| Untracked 
|  77|0x00000000a4d00000, 0x00000000a4d00000, 0x00000000a4e00000|  0%| F|  |TAMS 0x00000000a4d00000, 0x00000000a4d00000| Untracked 
|  78|0x00000000a4e00000, 0x00000000a4e00000, 0x00000000a4f00000|  0%| F|  |TAMS 0x00000000a4e00000, 0x00000000a4e00000| Untracked 
|  79|0x00000000a4f00000, 0x00000000a4f00000, 0x00000000a5000000|  0%| F|  |TAMS 0x00000000a4f00000, 0x00000000a4f00000| Untracked 
|  80|0x00000000a5000000, 0x00000000a5000000, 0x00000000a5100000|  0%| F|  |TAMS 0x00000000a5000000, 0x00000000a5000000| Untracked 
|  81|0x00000000a5100000, 0x00000000a5100000, 0x00000000a5200000|  0%| F|  |TAMS 0x00000000a5100000, 0x00000000a5100000| Untracked 
|  82|0x00000000a5200000, 0x00000000a5200000, 0x00000000a5300000|  0%| F|  |TAMS 0x00000000a5200000, 0x00000000a5200000| Untracked 
|  83|0x00000000a5300000, 0x00000000a5300000, 0x00000000a5400000|  0%| F|  |TAMS 0x00000000a5300000, 0x00000000a5300000| Untracked 
|  84|0x00000000a5400000, 0x00000000a5400000, 0x00000000a5500000|  0%| F|  |TAMS 0x00000000a5400000, 0x00000000a5400000| Untracked 
|  85|0x00000000a5500000, 0x00000000a5500000, 0x00000000a5600000|  0%| F|  |TAMS 0x00000000a5500000, 0x00000000a5500000| Untracked 
|  86|0x00000000a5600000, 0x00000000a5600000, 0x00000000a5700000|  0%| F|  |TAMS 0x00000000a5600000, 0x00000000a5600000| Untracked 
|  87|0x00000000a5700000, 0x00000000a5700000, 0x00000000a5800000|  0%| F|  |TAMS 0x00000000a5700000, 0x00000000a5700000| Untracked 
|  88|0x00000000a5800000, 0x00000000a5800000, 0x00000000a5900000|  0%| F|  |TAMS 0x00000000a5800000, 0x00000000a5800000| Untracked 
|  89|0x00000000a5900000, 0x00000000a5900000, 0x00000000a5a00000|  0%| F|  |TAMS 0x00000000a5900000, 0x00000000a5900000| Untracked 
|  90|0x00000000a5a00000, 0x00000000a5a00000, 0x00000000a5b00000|  0%| F|  |TAMS 0x00000000a5a00000, 0x00000000a5a00000| Untracked 
|  91|0x00000000a5b00000, 0x00000000a5b00000, 0x00000000a5c00000|  0%| F|  |TAMS 0x00000000a5b00000, 0x00000000a5b00000| Untracked 
|  92|0x00000000a5c00000, 0x00000000a5c00000, 0x00000000a5d00000|  0%| F|  |TAMS 0x00000000a5c00000, 0x00000000a5c00000| Untracked 
|  93|0x00000000a5d00000, 0x00000000a5d00000, 0x00000000a5e00000|  0%| F|  |TAMS 0x00000000a5d00000, 0x00000000a5d00000| Untracked 
|  94|0x00000000a5e00000, 0x00000000a5e00000, 0x00000000a5f00000|  0%| F|  |TAMS 0x00000000a5e00000, 0x00000000a5e00000| Untracked 
|  95|0x00000000a5f00000, 0x00000000a5f00000, 0x00000000a6000000|  0%| F|  |TAMS 0x00000000a5f00000, 0x00000000a5f00000| Untracked 
|  96|0x00000000a6000000, 0x00000000a6000000, 0x00000000a6100000|  0%| F|  |TAMS 0x00000000a6000000, 0x00000000a6000000| Untracked 
|  97|0x00000000a6100000, 0x00000000a6100000, 0x00000000a6200000|  0%| F|  |TAMS 0x00000000a6100000, 0x00000000a6100000| Untracked 
|  98|0x00000000a6200000, 0x00000000a6200000, 0x00000000a6300000|  0%| F|  |TAMS 0x00000000a6200000, 0x00000000a6200000| Untracked 
|  99|0x00000000a6300000, 0x00000000a6300000, 0x00000000a6400000|  0%| F|  |TAMS 0x00000000a6300000, 0x00000000a6300000| Untracked 
| 100|0x00000000a6400000, 0x00000000a6400000, 0x00000000a6500000|  0%| F|  |TAMS 0x00000000a6400000, 0x00000000a6400000| Untracked 
| 101|0x00000000a6500000, 0x00000000a6500000, 0x00000000a6600000|  0%| F|  |TAMS 0x00000000a6500000, 0x00000000a6500000| Untracked 
| 102|0x00000000a6600000, 0x00000000a6600000, 0x00000000a6700000|  0%| F|  |TAMS 0x00000000a6600000, 0x00000000a6600000| Untracked 
| 103|0x00000000a6700000, 0x00000000a6700000, 0x00000000a6800000|  0%| F|  |TAMS 0x00000000a6700000, 0x00000000a6700000| Untracked 
| 104|0x00000000a6800000, 0x00000000a6800000, 0x00000000a6900000|  0%| F|  |TAMS 0x00000000a6800000, 0x00000000a6800000| Untracked 
| 105|0x00000000a6900000, 0x00000000a6900000, 0x00000000a6a00000|  0%| F|  |TAMS 0x00000000a6900000, 0x00000000a6900000| Untracked 
| 106|0x00000000a6a00000, 0x00000000a6a00000, 0x00000000a6b00000|  0%| F|  |TAMS 0x00000000a6a00000, 0x00000000a6a00000| Untracked 
| 107|0x00000000a6b00000, 0x00000000a6b00000, 0x00000000a6c00000|  0%| F|  |TAMS 0x00000000a6b00000, 0x00000000a6b00000| Untracked 
| 108|0x00000000a6c00000, 0x00000000a6c00000, 0x00000000a6d00000|  0%| F|  |TAMS 0x00000000a6c00000, 0x00000000a6c00000| Untracked 
| 109|0x00000000a6d00000, 0x00000000a6d00000, 0x00000000a6e00000|  0%| F|  |TAMS 0x00000000a6d00000, 0x00000000a6d00000| Untracked 
| 110|0x00000000a6e00000, 0x00000000a6e00000, 0x00000000a6f00000|  0%| F|  |TAMS 0x00000000a6e00000, 0x00000000a6e00000| Untracked 
| 111|0x00000000a6f00000, 0x00000000a6f00000, 0x00000000a7000000|  0%| F|  |TAMS 0x00000000a6f00000, 0x00000000a6f00000| Untracked 
| 112|0x00000000a7000000, 0x00000000a7000000, 0x00000000a7100000|  0%| F|  |TAMS 0x00000000a7000000, 0x00000000a7000000| Untracked 
| 113|0x00000000a7100000, 0x00000000a7100000, 0x00000000a7200000|  0%| F|  |TAMS 0x00000000a7100000, 0x00000000a7100000| Untracked 
| 114|0x00000000a7200000, 0x00000000a7200000, 0x00000000a7300000|  0%| F|  |TAMS 0x00000000a7200000, 0x00000000a7200000| Untracked 
| 115|0x00000000a7300000, 0x00000000a7300000, 0x00000000a7400000|  0%| F|  |TAMS 0x00000000a7300000, 0x00000000a7300000| Untracked 
| 116|0x00000000a7400000, 0x00000000a7400000, 0x00000000a7500000|  0%| F|  |TAMS 0x00000000a7400000, 0x00000000a7400000| Untracked 
| 117|0x00000000a7500000, 0x00000000a7500000, 0x00000000a7600000|  0%| F|  |TAMS 0x00000000a7500000, 0x00000000a7500000| Untracked 
| 118|0x00000000a7600000, 0x00000000a7600000, 0x00000000a7700000|  0%| F|  |TAMS 0x00000000a7600000, 0x00000000a7600000| Untracked 
| 119|0x00000000a7700000, 0x00000000a7700000, 0x00000000a7800000|  0%| F|  |TAMS 0x00000000a7700000, 0x00000000a7700000| Untracked 
| 120|0x00000000a7800000, 0x00000000a7800000, 0x00000000a7900000|  0%| F|  |TAMS 0x00000000a7800000, 0x00000000a7800000| Untracked 
| 121|0x00000000a7900000, 0x00000000a7900000, 0x00000000a7a00000|  0%| F|  |TAMS 0x00000000a7900000, 0x00000000a7900000| Untracked 
| 122|0x00000000a7a00000, 0x00000000a7a00000, 0x00000000a7b00000|  0%| F|  |TAMS 0x00000000a7a00000, 0x00000000a7a00000| Untracked 
| 123|0x00000000a7b00000, 0x00000000a7b00000, 0x00000000a7c00000|  0%| F|  |TAMS 0x00000000a7b00000, 0x00000000a7b00000| Untracked 
| 124|0x00000000a7c00000, 0x00000000a7c00000, 0x00000000a7d00000|  0%| F|  |TAMS 0x00000000a7c00000, 0x00000000a7c00000| Untracked 
| 125|0x00000000a7d00000, 0x00000000a7d00000, 0x00000000a7e00000|  0%| F|  |TAMS 0x00000000a7d00000, 0x00000000a7d00000| Untracked 
| 126|0x00000000a7e00000, 0x00000000a7e00000, 0x00000000a7f00000|  0%| F|  |TAMS 0x00000000a7e00000, 0x00000000a7e00000| Untracked 
| 127|0x00000000a7f00000, 0x00000000a7f00000, 0x00000000a8000000|  0%| F|  |TAMS 0x00000000a7f00000, 0x00000000a7f00000| Untracked 
| 128|0x00000000a8000000, 0x00000000a8000000, 0x00000000a8100000|  0%| F|  |TAMS 0x00000000a8000000, 0x00000000a8000000| Untracked 
| 129|0x00000000a8100000, 0x00000000a8100000, 0x00000000a8200000|  0%| F|  |TAMS 0x00000000a8100000, 0x00000000a8100000| Untracked 
| 130|0x00000000a8200000, 0x00000000a8200000, 0x00000000a8300000|  0%| F|  |TAMS 0x00000000a8200000, 0x00000000a8200000| Untracked 
| 131|0x00000000a8300000, 0x00000000a8300000, 0x00000000a8400000|  0%| F|  |TAMS 0x00000000a8300000, 0x00000000a8300000| Untracked 
| 132|0x00000000a8400000, 0x00000000a8400000, 0x00000000a8500000|  0%| F|  |TAMS 0x00000000a8400000, 0x00000000a8400000| Untracked 
| 133|0x00000000a8500000, 0x00000000a8500000, 0x00000000a8600000|  0%| F|  |TAMS 0x00000000a8500000, 0x00000000a8500000| Untracked 
| 134|0x00000000a8600000, 0x00000000a8688a80, 0x00000000a8700000| 53%| S|CS|TAMS 0x00000000a8600000, 0x00000000a8600000| Complete 
| 135|0x00000000a8700000, 0x00000000a8800000, 0x00000000a8800000|100%| S|CS|TAMS 0x00000000a8700000, 0x00000000a8700000| Complete 
| 136|0x00000000a8800000, 0x00000000a8900000, 0x00000000a8900000|100%| S|CS|TAMS 0x00000000a8800000, 0x00000000a8800000| Complete 
| 137|0x00000000a8900000, 0x00000000a8a00000, 0x00000000a8a00000|100%| S|CS|TAMS 0x00000000a8900000, 0x00000000a8900000| Complete 
| 138|0x00000000a8a00000, 0x00000000a8b00000, 0x00000000a8b00000|100%| S|CS|TAMS 0x00000000a8a00000, 0x00000000a8a00000| Complete 
| 139|0x00000000a8b00000, 0x00000000a8c00000, 0x00000000a8c00000|100%| S|CS|TAMS 0x00000000a8b00000, 0x00000000a8b00000| Complete 
| 140|0x00000000a8c00000, 0x00000000a8d00000, 0x00000000a8d00000|100%| S|CS|TAMS 0x00000000a8c00000, 0x00000000a8c00000| Complete 
| 141|0x00000000a8d00000, 0x00000000a8e00000, 0x00000000a8e00000|100%| S|CS|TAMS 0x00000000a8d00000, 0x00000000a8d00000| Complete 
| 142|0x00000000a8e00000, 0x00000000a8f00000, 0x00000000a8f00000|100%| S|CS|TAMS 0x00000000a8e00000, 0x00000000a8e00000| Complete 
| 143|0x00000000a8f00000, 0x00000000a9000000, 0x00000000a9000000|100%| S|CS|TAMS 0x00000000a8f00000, 0x00000000a8f00000| Complete 
| 144|0x00000000a9000000, 0x00000000a9100000, 0x00000000a9100000|100%| S|CS|TAMS 0x00000000a9000000, 0x00000000a9000000| Complete 
| 145|0x00000000a9100000, 0x00000000a9200000, 0x00000000a9200000|100%| S|CS|TAMS 0x00000000a9100000, 0x00000000a9100000| Complete 
| 146|0x00000000a9200000, 0x00000000a9300000, 0x00000000a9300000|100%| S|CS|TAMS 0x00000000a9200000, 0x00000000a9200000| Complete 
| 147|0x00000000a9300000, 0x00000000a9400000, 0x00000000a9400000|100%| S|CS|TAMS 0x00000000a9300000, 0x00000000a9300000| Complete 
| 148|0x00000000a9400000, 0x00000000a9500000, 0x00000000a9500000|100%| S|CS|TAMS 0x00000000a9400000, 0x00000000a9400000| Complete 
| 149|0x00000000a9500000, 0x00000000a9600000, 0x00000000a9600000|100%| S|CS|TAMS 0x00000000a9500000, 0x00000000a9500000| Complete 
| 150|0x00000000a9600000, 0x00000000a9700000, 0x00000000a9700000|100%| S|CS|TAMS 0x00000000a9600000, 0x00000000a9600000| Complete 
| 151|0x00000000a9700000, 0x00000000a9800000, 0x00000000a9800000|100%| S|CS|TAMS 0x00000000a9700000, 0x00000000a9700000| Complete 
| 152|0x00000000a9800000, 0x00000000a9900000, 0x00000000a9900000|100%| S|CS|TAMS 0x00000000a9800000, 0x00000000a9800000| Complete 
| 153|0x00000000a9900000, 0x00000000a9a00000, 0x00000000a9a00000|100%| S|CS|TAMS 0x00000000a9900000, 0x00000000a9900000| Complete 
| 154|0x00000000a9a00000, 0x00000000a9b00000, 0x00000000a9b00000|100%| S|CS|TAMS 0x00000000a9a00000, 0x00000000a9a00000| Complete 
| 155|0x00000000a9b00000, 0x00000000a9b00000, 0x00000000a9c00000|  0%| F|  |TAMS 0x00000000a9b00000, 0x00000000a9b00000| Untracked 
| 156|0x00000000a9c00000, 0x00000000a9c00000, 0x00000000a9d00000|  0%| F|  |TAMS 0x00000000a9c00000, 0x00000000a9c00000| Untracked 
| 157|0x00000000a9d00000, 0x00000000a9d00000, 0x00000000a9e00000|  0%| F|  |TAMS 0x00000000a9d00000, 0x00000000a9d00000| Untracked 
| 158|0x00000000a9e00000, 0x00000000a9e00000, 0x00000000a9f00000|  0%| F|  |TAMS 0x00000000a9e00000, 0x00000000a9e00000| Untracked 
| 159|0x00000000a9f00000, 0x00000000a9f00000, 0x00000000aa000000|  0%| F|  |TAMS 0x00000000a9f00000, 0x00000000a9f00000| Untracked 
| 160|0x00000000aa000000, 0x00000000aa000000, 0x00000000aa100000|  0%| F|  |TAMS 0x00000000aa000000, 0x00000000aa000000| Untracked 
| 161|0x00000000aa100000, 0x00000000aa100000, 0x00000000aa200000|  0%| F|  |TAMS 0x00000000aa100000, 0x00000000aa100000| Untracked 
| 162|0x00000000aa200000, 0x00000000aa200000, 0x00000000aa300000|  0%| F|  |TAMS 0x00000000aa200000, 0x00000000aa200000| Untracked 
| 163|0x00000000aa300000, 0x00000000aa300000, 0x00000000aa400000|  0%| F|  |TAMS 0x00000000aa300000, 0x00000000aa300000| Untracked 
| 164|0x00000000aa400000, 0x00000000aa400000, 0x00000000aa500000|  0%| F|  |TAMS 0x00000000aa400000, 0x00000000aa400000| Untracked 
| 165|0x00000000aa500000, 0x00000000aa500000, 0x00000000aa600000|  0%| F|  |TAMS 0x00000000aa500000, 0x00000000aa500000| Untracked 
| 166|0x00000000aa600000, 0x00000000aa600000, 0x00000000aa700000|  0%| F|  |TAMS 0x00000000aa600000, 0x00000000aa600000| Untracked 
| 167|0x00000000aa700000, 0x00000000aa700000, 0x00000000aa800000|  0%| F|  |TAMS 0x00000000aa700000, 0x00000000aa700000| Untracked 
| 168|0x00000000aa800000, 0x00000000aa800000, 0x00000000aa900000|  0%| F|  |TAMS 0x00000000aa800000, 0x00000000aa800000| Untracked 
| 169|0x00000000aa900000, 0x00000000aa900000, 0x00000000aaa00000|  0%| F|  |TAMS 0x00000000aa900000, 0x00000000aa900000| Untracked 
| 170|0x00000000aaa00000, 0x00000000aaa00000, 0x00000000aab00000|  0%| F|  |TAMS 0x00000000aaa00000, 0x00000000aaa00000| Untracked 
| 171|0x00000000aab00000, 0x00000000aab00000, 0x00000000aac00000|  0%| F|  |TAMS 0x00000000aab00000, 0x00000000aab00000| Untracked 
| 172|0x00000000aac00000, 0x00000000aac00000, 0x00000000aad00000|  0%| F|  |TAMS 0x00000000aac00000, 0x00000000aac00000| Untracked 
| 173|0x00000000aad00000, 0x00000000aad00000, 0x00000000aae00000|  0%| F|  |TAMS 0x00000000aad00000, 0x00000000aad00000| Untracked 
| 174|0x00000000aae00000, 0x00000000aae00000, 0x00000000aaf00000|  0%| F|  |TAMS 0x00000000aae00000, 0x00000000aae00000| Untracked 
| 175|0x00000000aaf00000, 0x00000000aaf00000, 0x00000000ab000000|  0%| F|  |TAMS 0x00000000aaf00000, 0x00000000aaf00000| Untracked 
| 176|0x00000000ab000000, 0x00000000ab000000, 0x00000000ab100000|  0%| F|  |TAMS 0x00000000ab000000, 0x00000000ab000000| Untracked 
| 177|0x00000000ab100000, 0x00000000ab100000, 0x00000000ab200000|  0%| F|  |TAMS 0x00000000ab100000, 0x00000000ab100000| Untracked 
| 178|0x00000000ab200000, 0x00000000ab200000, 0x00000000ab300000|  0%| F|  |TAMS 0x00000000ab200000, 0x00000000ab200000| Untracked 
| 179|0x00000000ab300000, 0x00000000ab300000, 0x00000000ab400000|  0%| F|  |TAMS 0x00000000ab300000, 0x00000000ab300000| Untracked 
| 180|0x00000000ab400000, 0x00000000ab400000, 0x00000000ab500000|  0%| F|  |TAMS 0x00000000ab400000, 0x00000000ab400000| Untracked 
| 181|0x00000000ab500000, 0x00000000ab500000, 0x00000000ab600000|  0%| F|  |TAMS 0x00000000ab500000, 0x00000000ab500000| Untracked 
| 182|0x00000000ab600000, 0x00000000ab600000, 0x00000000ab700000|  0%| F|  |TAMS 0x00000000ab600000, 0x00000000ab600000| Untracked 
| 183|0x00000000ab700000, 0x00000000ab700000, 0x00000000ab800000|  0%| F|  |TAMS 0x00000000ab700000, 0x00000000ab700000| Untracked 
| 184|0x00000000ab800000, 0x00000000ab800000, 0x00000000ab900000|  0%| F|  |TAMS 0x00000000ab800000, 0x00000000ab800000| Untracked 
| 185|0x00000000ab900000, 0x00000000ab900000, 0x00000000aba00000|  0%| F|  |TAMS 0x00000000ab900000, 0x00000000ab900000| Untracked 
| 186|0x00000000aba00000, 0x00000000aba00000, 0x00000000abb00000|  0%| F|  |TAMS 0x00000000aba00000, 0x00000000aba00000| Untracked 
| 187|0x00000000abb00000, 0x00000000abb00000, 0x00000000abc00000|  0%| F|  |TAMS 0x00000000abb00000, 0x00000000abb00000| Untracked 
| 188|0x00000000abc00000, 0x00000000abc00000, 0x00000000abd00000|  0%| F|  |TAMS 0x00000000abc00000, 0x00000000abc00000| Untracked 
| 189|0x00000000abd00000, 0x00000000abd00000, 0x00000000abe00000|  0%| F|  |TAMS 0x00000000abd00000, 0x00000000abd00000| Untracked 
| 190|0x00000000abe00000, 0x00000000abe00000, 0x00000000abf00000|  0%| F|  |TAMS 0x00000000abe00000, 0x00000000abe00000| Untracked 
| 191|0x00000000abf00000, 0x00000000abf00000, 0x00000000ac000000|  0%| F|  |TAMS 0x00000000abf00000, 0x00000000abf00000| Untracked 
| 192|0x00000000ac000000, 0x00000000ac000000, 0x00000000ac100000|  0%| F|  |TAMS 0x00000000ac000000, 0x00000000ac000000| Untracked 
| 193|0x00000000ac100000, 0x00000000ac100000, 0x00000000ac200000|  0%| F|  |TAMS 0x00000000ac100000, 0x00000000ac100000| Untracked 
| 194|0x00000000ac200000, 0x00000000ac200000, 0x00000000ac300000|  0%| F|  |TAMS 0x00000000ac200000, 0x00000000ac200000| Untracked 
| 195|0x00000000ac300000, 0x00000000ac300000, 0x00000000ac400000|  0%| F|  |TAMS 0x00000000ac300000, 0x00000000ac300000| Untracked 
| 196|0x00000000ac400000, 0x00000000ac400000, 0x00000000ac500000|  0%| F|  |TAMS 0x00000000ac400000, 0x00000000ac400000| Untracked 
| 197|0x00000000ac500000, 0x00000000ac500000, 0x00000000ac600000|  0%| F|  |TAMS 0x00000000ac500000, 0x00000000ac500000| Untracked 
| 198|0x00000000ac600000, 0x00000000ac600000, 0x00000000ac700000|  0%| F|  |TAMS 0x00000000ac600000, 0x00000000ac600000| Untracked 
| 199|0x00000000ac700000, 0x00000000ac700000, 0x00000000ac800000|  0%| F|  |TAMS 0x00000000ac700000, 0x00000000ac700000| Untracked 
| 200|0x00000000ac800000, 0x00000000ac800000, 0x00000000ac900000|  0%| F|  |TAMS 0x00000000ac800000, 0x00000000ac800000| Untracked 
| 201|0x00000000ac900000, 0x00000000ac900000, 0x00000000aca00000|  0%| F|  |TAMS 0x00000000ac900000, 0x00000000ac900000| Untracked 
| 202|0x00000000aca00000, 0x00000000aca00000, 0x00000000acb00000|  0%| F|  |TAMS 0x00000000aca00000, 0x00000000aca00000| Untracked 
| 203|0x00000000acb00000, 0x00000000acb00000, 0x00000000acc00000|  0%| F|  |TAMS 0x00000000acb00000, 0x00000000acb00000| Untracked 
| 204|0x00000000acc00000, 0x00000000acc00000, 0x00000000acd00000|  0%| F|  |TAMS 0x00000000acc00000, 0x00000000acc00000| Untracked 
| 205|0x00000000acd00000, 0x00000000acd00000, 0x00000000ace00000|  0%| F|  |TAMS 0x00000000acd00000, 0x00000000acd00000| Untracked 
| 206|0x00000000ace00000, 0x00000000ace00000, 0x00000000acf00000|  0%| F|  |TAMS 0x00000000ace00000, 0x00000000ace00000| Untracked 
| 207|0x00000000acf00000, 0x00000000acf00000, 0x00000000ad000000|  0%| F|  |TAMS 0x00000000acf00000, 0x00000000acf00000| Untracked 
| 208|0x00000000ad000000, 0x00000000ad000000, 0x00000000ad100000|  0%| F|  |TAMS 0x00000000ad000000, 0x00000000ad000000| Untracked 
| 209|0x00000000ad100000, 0x00000000ad100000, 0x00000000ad200000|  0%| F|  |TAMS 0x00000000ad100000, 0x00000000ad100000| Untracked 
| 210|0x00000000ad200000, 0x00000000ad200000, 0x00000000ad300000|  0%| F|  |TAMS 0x00000000ad200000, 0x00000000ad200000| Untracked 
| 211|0x00000000ad300000, 0x00000000ad300000, 0x00000000ad400000|  0%| F|  |TAMS 0x00000000ad300000, 0x00000000ad300000| Untracked 
| 212|0x00000000ad400000, 0x00000000ad400000, 0x00000000ad500000|  0%| F|  |TAMS 0x00000000ad400000, 0x00000000ad400000| Untracked 
| 213|0x00000000ad500000, 0x00000000ad500000, 0x00000000ad600000|  0%| F|  |TAMS 0x00000000ad500000, 0x00000000ad500000| Untracked 
| 214|0x00000000ad600000, 0x00000000ad600000, 0x00000000ad700000|  0%| F|  |TAMS 0x00000000ad600000, 0x00000000ad600000| Untracked 
| 215|0x00000000ad700000, 0x00000000ad700000, 0x00000000ad800000|  0%| F|  |TAMS 0x00000000ad700000, 0x00000000ad700000| Untracked 
| 216|0x00000000ad800000, 0x00000000ad800000, 0x00000000ad900000|  0%| F|  |TAMS 0x00000000ad800000, 0x00000000ad800000| Untracked 
| 217|0x00000000ad900000, 0x00000000ad900000, 0x00000000ada00000|  0%| F|  |TAMS 0x00000000ad900000, 0x00000000ad900000| Untracked 
| 218|0x00000000ada00000, 0x00000000ada00000, 0x00000000adb00000|  0%| F|  |TAMS 0x00000000ada00000, 0x00000000ada00000| Untracked 
| 219|0x00000000adb00000, 0x00000000adb00000, 0x00000000adc00000|  0%| F|  |TAMS 0x00000000adb00000, 0x00000000adb00000| Untracked 
| 220|0x00000000adc00000, 0x00000000adc00000, 0x00000000add00000|  0%| F|  |TAMS 0x00000000adc00000, 0x00000000adc00000| Untracked 
| 221|0x00000000add00000, 0x00000000add00000, 0x00000000ade00000|  0%| F|  |TAMS 0x00000000add00000, 0x00000000add00000| Untracked 
| 222|0x00000000ade00000, 0x00000000ade00000, 0x00000000adf00000|  0%| F|  |TAMS 0x00000000ade00000, 0x00000000ade00000| Untracked 
| 223|0x00000000adf00000, 0x00000000adf00000, 0x00000000ae000000|  0%| F|  |TAMS 0x00000000adf00000, 0x00000000adf00000| Untracked 
| 224|0x00000000ae000000, 0x00000000ae000000, 0x00000000ae100000|  0%| F|  |TAMS 0x00000000ae000000, 0x00000000ae000000| Untracked 
| 225|0x00000000ae100000, 0x00000000ae100000, 0x00000000ae200000|  0%| F|  |TAMS 0x00000000ae100000, 0x00000000ae100000| Untracked 
| 226|0x00000000ae200000, 0x00000000ae200000, 0x00000000ae300000|  0%| F|  |TAMS 0x00000000ae200000, 0x00000000ae200000| Untracked 
| 227|0x00000000ae300000, 0x00000000ae300000, 0x00000000ae400000|  0%| F|  |TAMS 0x00000000ae300000, 0x00000000ae300000| Untracked 
| 228|0x00000000ae400000, 0x00000000ae400000, 0x00000000ae500000|  0%| F|  |TAMS 0x00000000ae400000, 0x00000000ae400000| Untracked 
| 229|0x00000000ae500000, 0x00000000ae500000, 0x00000000ae600000|  0%| F|  |TAMS 0x00000000ae500000, 0x00000000ae500000| Untracked 
| 230|0x00000000ae600000, 0x00000000ae600000, 0x00000000ae700000|  0%| F|  |TAMS 0x00000000ae600000, 0x00000000ae600000| Untracked 
| 231|0x00000000ae700000, 0x00000000ae700000, 0x00000000ae800000|  0%| F|  |TAMS 0x00000000ae700000, 0x00000000ae700000| Untracked 
| 232|0x00000000ae800000, 0x00000000ae800000, 0x00000000ae900000|  0%| F|  |TAMS 0x00000000ae800000, 0x00000000ae800000| Untracked 
| 233|0x00000000ae900000, 0x00000000ae900000, 0x00000000aea00000|  0%| F|  |TAMS 0x00000000ae900000, 0x00000000ae900000| Untracked 
| 234|0x00000000aea00000, 0x00000000aea00000, 0x00000000aeb00000|  0%| F|  |TAMS 0x00000000aea00000, 0x00000000aea00000| Untracked 
| 235|0x00000000aeb00000, 0x00000000aeb00000, 0x00000000aec00000|  0%| F|  |TAMS 0x00000000aeb00000, 0x00000000aeb00000| Untracked 
| 236|0x00000000aec00000, 0x00000000aec00000, 0x00000000aed00000|  0%| F|  |TAMS 0x00000000aec00000, 0x00000000aec00000| Untracked 
| 237|0x00000000aed00000, 0x00000000aed00000, 0x00000000aee00000|  0%| F|  |TAMS 0x00000000aed00000, 0x00000000aed00000| Untracked 
| 238|0x00000000aee00000, 0x00000000aee00000, 0x00000000aef00000|  0%| F|  |TAMS 0x00000000aee00000, 0x00000000aee00000| Untracked 
| 239|0x00000000aef00000, 0x00000000aef00000, 0x00000000af000000|  0%| F|  |TAMS 0x00000000aef00000, 0x00000000aef00000| Untracked 
| 240|0x00000000af000000, 0x00000000af000000, 0x00000000af100000|  0%| F|  |TAMS 0x00000000af000000, 0x00000000af000000| Untracked 
| 241|0x00000000af100000, 0x00000000af100000, 0x00000000af200000|  0%| F|  |TAMS 0x00000000af100000, 0x00000000af100000| Untracked 
| 242|0x00000000af200000, 0x00000000af200000, 0x00000000af300000|  0%| F|  |TAMS 0x00000000af200000, 0x00000000af200000| Untracked 
| 243|0x00000000af300000, 0x00000000af300000, 0x00000000af400000|  0%| F|  |TAMS 0x00000000af300000, 0x00000000af300000| Untracked 
| 244|0x00000000af400000, 0x00000000af400000, 0x00000000af500000|  0%| F|  |TAMS 0x00000000af400000, 0x00000000af400000| Untracked 
| 245|0x00000000af500000, 0x00000000af500000, 0x00000000af600000|  0%| F|  |TAMS 0x00000000af500000, 0x00000000af500000| Untracked 
| 246|0x00000000af600000, 0x00000000af600000, 0x00000000af700000|  0%| F|  |TAMS 0x00000000af600000, 0x00000000af600000| Untracked 
| 247|0x00000000af700000, 0x00000000af700000, 0x00000000af800000|  0%| F|  |TAMS 0x00000000af700000, 0x00000000af700000| Untracked 
| 248|0x00000000af800000, 0x00000000af800000, 0x00000000af900000|  0%| F|  |TAMS 0x00000000af800000, 0x00000000af800000| Untracked 
| 249|0x00000000af900000, 0x00000000af900000, 0x00000000afa00000|  0%| F|  |TAMS 0x00000000af900000, 0x00000000af900000| Untracked 
| 250|0x00000000afa00000, 0x00000000afa00000, 0x00000000afb00000|  0%| F|  |TAMS 0x00000000afa00000, 0x00000000afa00000| Untracked 
| 251|0x00000000afb00000, 0x00000000afb00000, 0x00000000afc00000|  0%| F|  |TAMS 0x00000000afb00000, 0x00000000afb00000| Untracked 
| 252|0x00000000afc00000, 0x00000000afc00000, 0x00000000afd00000|  0%| F|  |TAMS 0x00000000afc00000, 0x00000000afc00000| Untracked 
| 253|0x00000000afd00000, 0x00000000afd00000, 0x00000000afe00000|  0%| F|  |TAMS 0x00000000afd00000, 0x00000000afd00000| Untracked 
| 254|0x00000000afe00000, 0x00000000afe00000, 0x00000000aff00000|  0%| F|  |TAMS 0x00000000afe00000, 0x00000000afe00000| Untracked 
| 255|0x00000000aff00000, 0x00000000aff00000, 0x00000000b0000000|  0%| F|  |TAMS 0x00000000aff00000, 0x00000000aff00000| Untracked 
| 256|0x00000000b0000000, 0x00000000b0000000, 0x00000000b0100000|  0%| F|  |TAMS 0x00000000b0000000, 0x00000000b0000000| Untracked 
| 257|0x00000000b0100000, 0x00000000b0100000, 0x00000000b0200000|  0%| F|  |TAMS 0x00000000b0100000, 0x00000000b0100000| Untracked 
| 258|0x00000000b0200000, 0x00000000b0200000, 0x00000000b0300000|  0%| F|  |TAMS 0x00000000b0200000, 0x00000000b0200000| Untracked 
| 259|0x00000000b0300000, 0x00000000b0300000, 0x00000000b0400000|  0%| F|  |TAMS 0x00000000b0300000, 0x00000000b0300000| Untracked 
| 260|0x00000000b0400000, 0x00000000b0400000, 0x00000000b0500000|  0%| F|  |TAMS 0x00000000b0400000, 0x00000000b0400000| Untracked 
| 261|0x00000000b0500000, 0x00000000b0500000, 0x00000000b0600000|  0%| F|  |TAMS 0x00000000b0500000, 0x00000000b0500000| Untracked 
| 262|0x00000000b0600000, 0x00000000b0600000, 0x00000000b0700000|  0%| F|  |TAMS 0x00000000b0600000, 0x00000000b0600000| Untracked 
| 263|0x00000000b0700000, 0x00000000b0700000, 0x00000000b0800000|  0%| F|  |TAMS 0x00000000b0700000, 0x00000000b0700000| Untracked 
| 264|0x00000000b0800000, 0x00000000b0800000, 0x00000000b0900000|  0%| F|  |TAMS 0x00000000b0800000, 0x00000000b0800000| Untracked 
| 265|0x00000000b0900000, 0x00000000b0900000, 0x00000000b0a00000|  0%| F|  |TAMS 0x00000000b0900000, 0x00000000b0900000| Untracked 
| 266|0x00000000b0a00000, 0x00000000b0a00000, 0x00000000b0b00000|  0%| F|  |TAMS 0x00000000b0a00000, 0x00000000b0a00000| Untracked 
| 267|0x00000000b0b00000, 0x00000000b0b00000, 0x00000000b0c00000|  0%| F|  |TAMS 0x00000000b0b00000, 0x00000000b0b00000| Untracked 
| 268|0x00000000b0c00000, 0x00000000b0c00000, 0x00000000b0d00000|  0%| F|  |TAMS 0x00000000b0c00000, 0x00000000b0c00000| Untracked 
| 269|0x00000000b0d00000, 0x00000000b0d00000, 0x00000000b0e00000|  0%| F|  |TAMS 0x00000000b0d00000, 0x00000000b0d00000| Untracked 
| 270|0x00000000b0e00000, 0x00000000b0e00000, 0x00000000b0f00000|  0%| F|  |TAMS 0x00000000b0e00000, 0x00000000b0e00000| Untracked 
| 271|0x00000000b0f00000, 0x00000000b0f00000, 0x00000000b1000000|  0%| F|  |TAMS 0x00000000b0f00000, 0x00000000b0f00000| Untracked 
| 272|0x00000000b1000000, 0x00000000b1000000, 0x00000000b1100000|  0%| F|  |TAMS 0x00000000b1000000, 0x00000000b1000000| Untracked 
| 273|0x00000000b1100000, 0x00000000b1100000, 0x00000000b1200000|  0%| F|  |TAMS 0x00000000b1100000, 0x00000000b1100000| Untracked 
| 274|0x00000000b1200000, 0x00000000b1200000, 0x00000000b1300000|  0%| F|  |TAMS 0x00000000b1200000, 0x00000000b1200000| Untracked 
| 275|0x00000000b1300000, 0x00000000b1300000, 0x00000000b1400000|  0%| F|  |TAMS 0x00000000b1300000, 0x00000000b1300000| Untracked 
| 276|0x00000000b1400000, 0x00000000b1400000, 0x00000000b1500000|  0%| F|  |TAMS 0x00000000b1400000, 0x00000000b1400000| Untracked 
| 277|0x00000000b1500000, 0x00000000b1500000, 0x00000000b1600000|  0%| F|  |TAMS 0x00000000b1500000, 0x00000000b1500000| Untracked 
| 278|0x00000000b1600000, 0x00000000b1600000, 0x00000000b1700000|  0%| F|  |TAMS 0x00000000b1600000, 0x00000000b1600000| Untracked 
| 279|0x00000000b1700000, 0x00000000b1700000, 0x00000000b1800000|  0%| F|  |TAMS 0x00000000b1700000, 0x00000000b1700000| Untracked 
| 280|0x00000000b1800000, 0x00000000b1800000, 0x00000000b1900000|  0%| F|  |TAMS 0x00000000b1800000, 0x00000000b1800000| Untracked 
| 281|0x00000000b1900000, 0x00000000b1900000, 0x00000000b1a00000|  0%| F|  |TAMS 0x00000000b1900000, 0x00000000b1900000| Untracked 
| 282|0x00000000b1a00000, 0x00000000b1a00000, 0x00000000b1b00000|  0%| F|  |TAMS 0x00000000b1a00000, 0x00000000b1a00000| Untracked 
| 283|0x00000000b1b00000, 0x00000000b1b00000, 0x00000000b1c00000|  0%| F|  |TAMS 0x00000000b1b00000, 0x00000000b1b00000| Untracked 
| 284|0x00000000b1c00000, 0x00000000b1c00000, 0x00000000b1d00000|  0%| F|  |TAMS 0x00000000b1c00000, 0x00000000b1c00000| Untracked 
| 285|0x00000000b1d00000, 0x00000000b1d00000, 0x00000000b1e00000|  0%| F|  |TAMS 0x00000000b1d00000, 0x00000000b1d00000| Untracked 
| 286|0x00000000b1e00000, 0x00000000b1e00000, 0x00000000b1f00000|  0%| F|  |TAMS 0x00000000b1e00000, 0x00000000b1e00000| Untracked 
| 287|0x00000000b1f00000, 0x00000000b1f00000, 0x00000000b2000000|  0%| F|  |TAMS 0x00000000b1f00000, 0x00000000b1f00000| Untracked 
| 288|0x00000000b2000000, 0x00000000b2000000, 0x00000000b2100000|  0%| F|  |TAMS 0x00000000b2000000, 0x00000000b2000000| Untracked 
| 289|0x00000000b2100000, 0x00000000b2100000, 0x00000000b2200000|  0%| F|  |TAMS 0x00000000b2100000, 0x00000000b2100000| Untracked 
| 290|0x00000000b2200000, 0x00000000b2200000, 0x00000000b2300000|  0%| F|  |TAMS 0x00000000b2200000, 0x00000000b2200000| Untracked 
| 291|0x00000000b2300000, 0x00000000b2300000, 0x00000000b2400000|  0%| F|  |TAMS 0x00000000b2300000, 0x00000000b2300000| Untracked 
| 292|0x00000000b2400000, 0x00000000b2400000, 0x00000000b2500000|  0%| F|  |TAMS 0x00000000b2400000, 0x00000000b2400000| Untracked 
| 293|0x00000000b2500000, 0x00000000b2500000, 0x00000000b2600000|  0%| F|  |TAMS 0x00000000b2500000, 0x00000000b2500000| Untracked 
| 294|0x00000000b2600000, 0x00000000b2600000, 0x00000000b2700000|  0%| F|  |TAMS 0x00000000b2600000, 0x00000000b2600000| Untracked 
| 295|0x00000000b2700000, 0x00000000b2700000, 0x00000000b2800000|  0%| F|  |TAMS 0x00000000b2700000, 0x00000000b2700000| Untracked 
| 296|0x00000000b2800000, 0x00000000b2800000, 0x00000000b2900000|  0%| F|  |TAMS 0x00000000b2800000, 0x00000000b2800000| Untracked 
| 297|0x00000000b2900000, 0x00000000b2900000, 0x00000000b2a00000|  0%| F|  |TAMS 0x00000000b2900000, 0x00000000b2900000| Untracked 
| 298|0x00000000b2a00000, 0x00000000b2a00000, 0x00000000b2b00000|  0%| F|  |TAMS 0x00000000b2a00000, 0x00000000b2a00000| Untracked 
| 299|0x00000000b2b00000, 0x00000000b2b00000, 0x00000000b2c00000|  0%| F|  |TAMS 0x00000000b2b00000, 0x00000000b2b00000| Untracked 
| 300|0x00000000b2c00000, 0x00000000b2c00000, 0x00000000b2d00000|  0%| F|  |TAMS 0x00000000b2c00000, 0x00000000b2c00000| Untracked 
| 301|0x00000000b2d00000, 0x00000000b2d840e8, 0x00000000b2e00000| 51%| E|  |TAMS 0x00000000b2d00000, 0x00000000b2d00000| Complete 
| 302|0x00000000b2e00000, 0x00000000b2f00000, 0x00000000b2f00000|100%| E|CS|TAMS 0x00000000b2e00000, 0x00000000b2e00000| Complete 
| 303|0x00000000b2f00000, 0x00000000b3000000, 0x00000000b3000000|100%| E|CS|TAMS 0x00000000b2f00000, 0x00000000b2f00000| Complete 
| 304|0x00000000b3000000, 0x00000000b3100000, 0x00000000b3100000|100%| E|CS|TAMS 0x00000000b3000000, 0x00000000b3000000| Complete 
| 305|0x00000000b3100000, 0x00000000b3200000, 0x00000000b3200000|100%| E|CS|TAMS 0x00000000b3100000, 0x00000000b3100000| Complete 
| 306|0x00000000b3200000, 0x00000000b3300000, 0x00000000b3300000|100%| E|CS|TAMS 0x00000000b3200000, 0x00000000b3200000| Complete 
| 307|0x00000000b3300000, 0x00000000b3400000, 0x00000000b3400000|100%| E|CS|TAMS 0x00000000b3300000, 0x00000000b3300000| Complete 
| 308|0x00000000b3400000, 0x00000000b3500000, 0x00000000b3500000|100%| E|CS|TAMS 0x00000000b3400000, 0x00000000b3400000| Complete 
| 309|0x00000000b3500000, 0x00000000b3600000, 0x00000000b3600000|100%| E|CS|TAMS 0x00000000b3500000, 0x00000000b3500000| Complete 
| 310|0x00000000b3600000, 0x00000000b3700000, 0x00000000b3700000|100%| E|CS|TAMS 0x00000000b3600000, 0x00000000b3600000| Complete 
| 311|0x00000000b3700000, 0x00000000b3800000, 0x00000000b3800000|100%| E|CS|TAMS 0x00000000b3700000, 0x00000000b3700000| Complete 
| 312|0x00000000b3800000, 0x00000000b3900000, 0x00000000b3900000|100%| E|CS|TAMS 0x00000000b3800000, 0x00000000b3800000| Complete 
| 313|0x00000000b3900000, 0x00000000b3a00000, 0x00000000b3a00000|100%| E|CS|TAMS 0x00000000b3900000, 0x00000000b3900000| Complete 
| 314|0x00000000b3a00000, 0x00000000b3b00000, 0x00000000b3b00000|100%| E|CS|TAMS 0x00000000b3a00000, 0x00000000b3a00000| Complete 
| 315|0x00000000b3b00000, 0x00000000b3c00000, 0x00000000b3c00000|100%| E|CS|TAMS 0x00000000b3b00000, 0x00000000b3b00000| Complete 
| 316|0x00000000b3c00000, 0x00000000b3d00000, 0x00000000b3d00000|100%| E|CS|TAMS 0x00000000b3c00000, 0x00000000b3c00000| Complete 
| 317|0x00000000b3d00000, 0x00000000b3e00000, 0x00000000b3e00000|100%| E|CS|TAMS 0x00000000b3d00000, 0x00000000b3d00000| Complete 
| 318|0x00000000b3e00000, 0x00000000b3f00000, 0x00000000b3f00000|100%| E|CS|TAMS 0x00000000b3e00000, 0x00000000b3e00000| Complete 
| 319|0x00000000b3f00000, 0x00000000b4000000, 0x00000000b4000000|100%| E|CS|TAMS 0x00000000b3f00000, 0x00000000b3f00000| Complete 

Card table byte_map: [0x000001c166f10000,0x000001c167210000] _byte_map_base: 0x000001c166a10000

Marking Bits (Prev, Next): (CMBitMap*) 0x000001c151f12ff0, (CMBitMap*) 0x000001c151f12fb8
 Prev Bits: [0x000001c168d10000, 0x000001c16a510000)
 Next Bits: [0x000001c167510000, 0x000001c168d10000)

Polling page: 0x000001c153770000

Metaspace:

Usage:
  Non-class:     76.62 MB capacity,    75.17 MB ( 98%) used,     1.24 MB (  2%) free+waste,   212.44 KB ( <1%) overhead. 
      Class:     11.64 MB capacity,    10.86 MB ( 93%) used,   706.81 KB (  6%) free+waste,    97.13 KB ( <1%) overhead. 
       Both:     88.26 MB capacity,    86.03 MB ( 97%) used,     1.93 MB (  2%) free+waste,   309.56 KB ( <1%) overhead. 

Virtual space:
  Non-class space:       78.00 MB reserved,      76.67 MB ( 98%) committed 
      Class space:        1.00 GB reserved,      11.75 MB (  1%) committed 
             Both:        1.08 GB reserved,      88.42 MB (  8%) committed 

Chunk freelists:
   Non-Class:  50.00 KB
       Class:  15.00 KB
        Both:  65.00 KB

MaxMetaspaceSize: 17179869184.00 GB
CompressedClassSpaceSize: 1.00 GB

CodeHeap 'non-profiled nmethods': size=120000Kb used=4832Kb max_used=4832Kb free=115167Kb
 bounds [0x000001c15ec70000, 0x000001c15f130000, 0x000001c1661a0000]
CodeHeap 'profiled nmethods': size=120000Kb used=21670Kb max_used=21670Kb free=98329Kb
 bounds [0x000001c157740000, 0x000001c158c70000, 0x000001c15ec70000]
CodeHeap 'non-nmethods': size=5760Kb used=2296Kb max_used=2347Kb free=3463Kb
 bounds [0x000001c1571a0000, 0x000001c157410000, 0x000001c157740000]
 total_blobs=10306 nmethods=9424 adapters=793
 compilation: enabled
              stopped_count=0, restarted_count=0
 full_count=0

Compilation events (20 events):
Event: 27.177 Thread 0x000001c16d8c8800 nmethod 9473 0x000001c15f118f90 code [0x000001c15f1193a0, 0x000001c15f11c320]
Event: 27.177 Thread 0x000001c16d8c8800 9565       4       org.gradle.internal.snapshot.SearchUtil::binarySearch (160 bytes)
Event: 27.203 Thread 0x000001c16d8c8800 nmethod 9565 0x000001c15f11e210 code [0x000001c15f11e440, 0x000001c15f11ed30]
Event: 27.203 Thread 0x000001c16d8c8800 9552   !   4       java.io.BufferedReader::readLine (304 bytes)
Event: 27.246 Thread 0x000001c16d8ca800 9585       3       kotlin.collections.CollectionsKt__IterablesKt::collectionSizeOrDefault (27 bytes)
Event: 27.246 Thread 0x000001c16d8ca800 nmethod 9585 0x000001c158c64e10 code [0x000001c158c65000, 0x000001c158c65518]
Event: 27.246 Thread 0x000001c16d8ca800 9586       3       kotlin.reflect.jvm.internal.impl.name.FqNameUnsafe::<init> (28 bytes)
Event: 27.247 Thread 0x000001c16d8ca800 nmethod 9586 0x000001c158c65690 code [0x000001c158c65860, 0x000001c158c65b68]
Event: 27.281 Thread 0x000001c16d8ca800 9588       3       javax.management.ObjectName::<init> (15 bytes)
Event: 27.281 Thread 0x000001c16d8ca800 nmethod 9588 0x000001c158c65c90 code [0x000001c158c65e60, 0x000001c158c65fe8]
Event: 27.281 Thread 0x000001c16d8ca800 9590       3       javax.management.ObjectName::setCanonicalName (251 bytes)
Event: 27.283 Thread 0x000001c16d8ca800 nmethod 9590 0x000001c158c66090 code [0x000001c158c66360, 0x000001c158c67578]
Event: 27.283 Thread 0x000001c16d8ca800 9589       3       javax.management.ObjectName::getInstance (9 bytes)
Event: 27.284 Thread 0x000001c16d8ca800 nmethod 9589 0x000001c158c67c10 code [0x000001c158c67de0, 0x000001c158c68028]
Event: 27.345 Thread 0x000001c16d8ca800 9591       3       java.lang.CompoundEnumeration::next (58 bytes)
Event: 27.346 Thread 0x000001c16d8ca800 nmethod 9591 0x000001c158c68190 code [0x000001c158c68360, 0x000001c158c686a8]
Event: 27.350 Thread 0x000001c16d8c8800 nmethod 9552 0x000001c15f11f490 code [0x000001c15f11f6c0, 0x000001c15f121978]
Event: 27.350 Thread 0x000001c16d8c8800 9584   !   4       jdk.internal.loader.Resource::getBytes (242 bytes)
Event: 27.489 Thread 0x000001c16d8c8800 nmethod 9584 0x000001c15f122810 code [0x000001c15f122b40, 0x000001c15f125198]
Event: 27.489 Thread 0x000001c16d8c8800 9580  s    4       java.util.jar.JarFile::getInputStream (72 bytes)

GC Heap History (16 events):
Event: 1.058 GC heap before
{Heap before GC invocations=0 (full 0):
 garbage-first heap   total 327680K, used 29696K [0x00000000a0000000, 0x0000000100000000)
  region size 1024K, 24 young (24576K), 0 survivors (0K)
 Metaspace       used 10430K, capacity 10633K, committed 10752K, reserved 1058816K
  class space    used 1096K, capacity 1163K, committed 1280K, reserved 1048576K
}
Event: 1.062 GC heap after
{Heap after GC invocations=1 (full 0):
 garbage-first heap   total 327680K, used 8354K [0x00000000a0000000, 0x0000000100000000)
  region size 1024K, 3 young (3072K), 3 survivors (3072K)
 Metaspace       used 10430K, capacity 10633K, committed 10752K, reserved 1058816K
  class space    used 1096K, capacity 1163K, committed 1280K, reserved 1048576K
}
Event: 5.005 GC heap before
{Heap before GC invocations=1 (full 0):
 garbage-first heap   total 327680K, used 92322K [0x00000000a0000000, 0x0000000100000000)
  region size 1024K, 87 young (89088K), 3 survivors (3072K)
 Metaspace       used 20805K, capacity 21219K, committed 21296K, reserved 1069056K
  class space    used 2506K, capacity 2670K, committed 2688K, reserved 1048576K
}
Event: 5.025 GC heap after
{Heap after GC invocations=2 (full 0):
 garbage-first heap   total 327680K, used 16279K [0x00000000a0000000, 0x0000000100000000)
  region size 1024K, 11 young (11264K), 11 survivors (11264K)
 Metaspace       used 20805K, capacity 21219K, committed 21296K, reserved 1069056K
  class space    used 2506K, capacity 2670K, committed 2688K, reserved 1048576K
}
Event: 8.648 GC heap before
{Heap before GC invocations=3 (full 0):
 garbage-first heap   total 327680K, used 87959K [0x00000000a0000000, 0x0000000100000000)
  region size 1024K, 72 young (73728K), 11 survivors (11264K)
 Metaspace       used 27954K, capacity 28702K, committed 28976K, reserved 1075200K
  class space    used 3612K, capacity 3869K, committed 3968K, reserved 1048576K
}
Event: 8.662 GC heap after
{Heap after GC invocations=4 (full 0):
 garbage-first heap   total 327680K, used 30993K [0x00000000a0000000, 0x0000000100000000)
  region size 1024K, 5 young (5120K), 5 survivors (5120K)
 Metaspace       used 27954K, capacity 28702K, committed 28976K, reserved 1075200K
  class space    used 3612K, capacity 3869K, committed 3968K, reserved 1048576K
}
Event: 9.843 GC heap before
{Heap before GC invocations=4 (full 0):
 garbage-first heap   total 327680K, used 64785K [0x00000000a0000000, 0x0000000100000000)
  region size 1024K, 37 young (37888K), 5 survivors (5120K)
 Metaspace       used 35014K, capacity 35814K, committed 35888K, reserved 1081344K
  class space    used 4398K, capacity 4684K, committed 4736K, reserved 1048576K
}
Event: 9.861 GC heap after
{Heap after GC invocations=5 (full 0):
 garbage-first heap   total 327680K, used 35619K [0x00000000a0000000, 0x0000000100000000)
  region size 1024K, 8 young (8192K), 8 survivors (8192K)
 Metaspace       used 35014K, capacity 35814K, committed 35888K, reserved 1081344K
  class space    used 4398K, capacity 4684K, committed 4736K, reserved 1048576K
}
Event: 15.711 GC heap before
{Heap before GC invocations=6 (full 0):
 garbage-first heap   total 327680K, used 128803K [0x00000000a0000000, 0x0000000100000000)
  region size 1024K, 99 young (101376K), 8 survivors (8192K)
 Metaspace       used 44079K, capacity 45143K, committed 45232K, reserved 1089536K
  class space    used 5454K, capacity 5816K, committed 5888K, reserved 1048576K
}
Event: 15.733 GC heap after
{Heap after GC invocations=7 (full 0):
 garbage-first heap   total 327680K, used 40099K [0x00000000a0000000, 0x0000000100000000)
  region size 1024K, 10 young (10240K), 10 survivors (10240K)
 Metaspace       used 44079K, capacity 45143K, committed 45232K, reserved 1089536K
  class space    used 5454K, capacity 5816K, committed 5888K, reserved 1048576K
}
Event: 21.885 GC heap before
{Heap before GC invocations=7 (full 0):
 garbage-first heap   total 327680K, used 199843K [0x00000000a0000000, 0x0000000100000000)
  region size 1024K, 160 young (163840K), 10 survivors (10240K)
 Metaspace       used 58626K, capacity 60115K, committed 60208K, reserved 1101824K
  class space    used 7309K, capacity 7771K, committed 7808K, reserved 1048576K
}
Event: 21.927 GC heap after
{Heap after GC invocations=8 (full 0):
 garbage-first heap   total 327680K, used 62562K [0x00000000a0000000, 0x0000000100000000)
  region size 1024K, 22 young (22528K), 22 survivors (22528K)
 Metaspace       used 58626K, capacity 60115K, committed 60208K, reserved 1101824K
  class space    used 7309K, capacity 7771K, committed 7808K, reserved 1048576K
}
Event: 24.951 GC heap before
{Heap before GC invocations=9 (full 0):
 garbage-first heap   total 327680K, used 237666K [0x00000000a0000000, 0x0000000100000000)
  region size 1024K, 192 young (196608K), 22 survivors (22528K)
 Metaspace       used 75726K, capacity 77592K, committed 77744K, reserved 1116160K
  class space    used 9666K, capacity 10230K, committed 10240K, reserved 1048576K
}
Event: 24.973 GC heap after
{Heap after GC invocations=10 (full 0):
 garbage-first heap   total 327680K, used 72437K [0x00000000a0000000, 0x0000000100000000)
  region size 1024K, 11 young (11264K), 11 survivors (11264K)
 Metaspace       used 75726K, capacity 77592K, committed 77744K, reserved 1116160K
  class space    used 9666K, capacity 10230K, committed 10240K, reserved 1048576K
}
Event: 27.121 GC heap before
{Heap before GC invocations=10 (full 0):
 garbage-first heap   total 327680K, used 241397K [0x00000000a0000000, 0x0000000100000000)
  region size 1024K, 176 young (180224K), 11 survivors (11264K)
 Metaspace       used 86372K, capacity 88655K, committed 89008K, reserved 1126400K
  class space    used 10881K, capacity 11665K, committed 11776K, reserved 1048576K
}
Event: 27.151 GC heap after
{Heap after GC invocations=11 (full 0):
 garbage-first heap   total 327680K, used 82847K [0x00000000a0000000, 0x0000000100000000)
  region size 1024K, 21 young (21504K), 21 survivors (21504K)
 Metaspace       used 86372K, capacity 88655K, committed 89008K, reserved 1126400K
  class space    used 10881K, capacity 11665K, committed 11776K, reserved 1048576K
}

Deoptimization events (20 events):
Event: 26.955 Thread 0x000001c16f23a800 Uncommon trap: trap_request=0xffffffde fr.pc=0x000001c15f0b0830 relative=0x0000000000000250
Event: 26.955 Thread 0x000001c16f23a800 Uncommon trap: reason=class_check action=maybe_recompile pc=0x000001c15f0b0830 method=com.google.common.collect.MapMakerInternalMap$Segment.getEntry(Ljava/lang/Object;I)Lcom/google/common/collect/MapMakerInternalMap$InternalEntry; @ 31 c2
Event: 26.955 Thread 0x000001c16f23a800 DEOPT PACKING pc=0x000001c15f0b0830 sp=0x00000001023f64e0
Event: 26.955 Thread 0x000001c16f23a800 DEOPT UNPACKING pc=0x000001c1571c7aaf sp=0x00000001023f6498 mode 2
Event: 27.048 Thread 0x000001c171d71800 Uncommon trap: trap_request=0xffffffbe fr.pc=0x000001c15f1180d0 relative=0x0000000000000710
Event: 27.048 Thread 0x000001c171d71800 Uncommon trap: reason=profile_predicate action=maybe_recompile pc=0x000001c15f1180d0 method=org.gradle.internal.snapshot.SearchUtil.binarySearch(Ljava/util/List;Ljava/lang/Comparable;)I @ 88 c2
Event: 27.048 Thread 0x000001c171d71800 DEOPT PACKING pc=0x000001c15f1180d0 sp=0x00000001036fca40
Event: 27.048 Thread 0x000001c171d71800 DEOPT UNPACKING pc=0x000001c1571c7aaf sp=0x00000001036fc9c8 mode 2
Event: 27.048 Thread 0x000001c171d71800 Uncommon trap: trap_request=0xffffffbe fr.pc=0x000001c15f1180d0 relative=0x0000000000000710
Event: 27.048 Thread 0x000001c171d71800 Uncommon trap: reason=profile_predicate action=maybe_recompile pc=0x000001c15f1180d0 method=org.gradle.internal.snapshot.SearchUtil.binarySearch(Ljava/util/List;Ljava/lang/Comparable;)I @ 88 c2
Event: 27.048 Thread 0x000001c171d71800 DEOPT PACKING pc=0x000001c15f1180d0 sp=0x00000001036fc8f0
Event: 27.048 Thread 0x000001c171d71800 DEOPT UNPACKING pc=0x000001c1571c7aaf sp=0x00000001036fc878 mode 2
Event: 27.048 Thread 0x000001c171d72800 Uncommon trap: trap_request=0xffffffbe fr.pc=0x000001c15f1180d0 relative=0x0000000000000710
Event: 27.048 Thread 0x000001c171d72800 Uncommon trap: reason=profile_predicate action=maybe_recompile pc=0x000001c15f1180d0 method=org.gradle.internal.snapshot.SearchUtil.binarySearch(Ljava/util/List;Ljava/lang/Comparable;)I @ 88 c2
Event: 27.048 Thread 0x000001c171d72800 DEOPT PACKING pc=0x000001c15f1180d0 sp=0x00000001034fc6c0
Event: 27.048 Thread 0x000001c171d72800 DEOPT UNPACKING pc=0x000001c1571c7aaf sp=0x00000001034fc648 mode 2
Event: 27.048 Thread 0x000001c171d72800 Uncommon trap: trap_request=0xffffffbe fr.pc=0x000001c15f1180d0 relative=0x0000000000000710
Event: 27.048 Thread 0x000001c171d72800 Uncommon trap: reason=profile_predicate action=maybe_recompile pc=0x000001c15f1180d0 method=org.gradle.internal.snapshot.SearchUtil.binarySearch(Ljava/util/List;Ljava/lang/Comparable;)I @ 88 c2
Event: 27.048 Thread 0x000001c171d72800 DEOPT PACKING pc=0x000001c15f1180d0 sp=0x00000001034fc570
Event: 27.048 Thread 0x000001c171d72800 DEOPT UNPACKING pc=0x000001c1571c7aaf sp=0x00000001034fc4f8 mode 2

Classes redefined (0 events):
No events

Internal exceptions (20 events):
Event: 25.331 Thread 0x000001c16f23a800 Exception <a 'java/lang/ClassNotFoundException'{0x00000000b193f898}: java/util/HashMapCustomizer> (0x00000000b193f898) thrown at [./src/hotspot/share/classfile/systemDictionary.cpp, line 231]
Event: 25.331 Thread 0x000001c16f23a800 Exception <a 'java/lang/ClassNotFoundException'{0x00000000b195cd98}: java/util/LinkedHashMapCustomizer> (0x00000000b195cd98) thrown at [./src/hotspot/share/classfile/systemDictionary.cpp, line 231]
Event: 25.691 Thread 0x000001c16f23a800 Exception <a 'java/lang/reflect/InvocationTargetException'{0x00000000b00cd078}> (0x00000000b00cd078) thrown at [./src/hotspot/share/runtime/reflection.cpp, line 1247]
Event: 26.101 Thread 0x000001c16f23a800 Exception <a 'java/lang/NoSuchMethodError'{0x00000000ae76ca28}: 'java.lang.Object java.lang.invoke.DirectMethodHandle$Holder.invokeSpecialIFC(java.lang.Object, java.lang.Object, java.lang.Object)'> (0x00000000ae76ca28) thrown at [./src/hotspot/share/interpreter/linkResolver.cpp, line 773]
Event: 26.104 Thread 0x000001c171d74000 Exception <a 'java/lang/NoSuchMethodError'{0x00000000aee2a498}: 'java.lang.Object java.lang.invoke.DirectMethodHandle$Holder.invokeSpecial(java.lang.Object, java.lang.Object, java.lang.Object, java.lang.Object, java.lang.Object, java.lang.Object, java.lang.Object, java.lang.Object, java.lang.Object, java.lang.Object, java.lang.Object, java.lang.Object, java.lang.Object)'> (0x00000000aee2a498) thrown at [./src/hotspot/share/interpreter/linkResolver.cpp, line 773]
Event: 26.106 Thread 0x000001c171d74000 Exception <a 'java/lang/NoSuchMethodError'{0x00000000ae60cdb0}: 'java.lang.Object java.lang.invoke.DirectMethodHandle$Holder.invokeSpecial(java.lang.Object, java.lang.Object, java.lang.Object, java.lang.Object, java.lang.Object, java.lang.Object, java.lang.Object, java.lang.Object, java.lang.Object, java.lang.Object, java.lang.Object, java.lang.Object)'> (0x00000000ae60cdb0) thrown at [./src/hotspot/share/interpreter/linkResolver.cpp, line 773]
Event: 26.106 Thread 0x000001c171d76800 Exception <a 'java/lang/NoSuchMethodError'{0x00000000ae638410}: 'java.lang.Object java.lang.invoke.DirectMethodHandle$Holder.invokeSpecial(java.lang.Object, java.lang.Object, java.lang.Object, java.lang.Object, java.lang.Object, java.lang.Object, java.lang.Object, java.lang.Object, java.lang.Object, java.lang.Object, java.lang.Object, java.lang.Object)'> (0x00000000ae638410) thrown at [./src/hotspot/share/interpreter/linkResolver.cpp, line 773]
Event: 26.106 Thread 0x000001c171d75000 Exception <a 'java/lang/NoSuchMethodError'{0x00000000aeed47b8}: 'java.lang.Object java.lang.invoke.DirectMethodHandle$Holder.invokeSpecial(java.lang.Object, java.lang.Object, java.lang.Object, java.lang.Object, java.lang.Object, java.lang.Object, java.lang.Object, java.lang.Object, java.lang.Object, java.lang.Object, java.lang.Object, java.lang.Object)'> (0x00000000aeed47b8) thrown at [./src/hotspot/share/interpreter/linkResolver.cpp, line 773]
Event: 26.107 Thread 0x000001c171d75000 Exception <a 'java/lang/NoSuchMethodError'{0x00000000ae66f638}: 'java.lang.Object java.lang.invoke.Invokers$Holder.linkToTargetMethod(java.lang.Object, java.lang.Object, java.lang.Object, java.lang.Object, java.lang.Object, java.lang.Object, java.lang.Object, java.lang.Object, java.lang.Object, java.lang.Object, java.lang.Object)'> (0x00000000ae66f638) thrown at [./src/hotspot/share/interpreter/linkResolver.cpp, line 773]
Event: 26.107 Thread 0x000001c171d76800 Exception <a 'java/lang/NoSuchMethodError'{0x00000000ae63ca70}: 'java.lang.Object java.lang.invoke.Invokers$Holder.linkToTargetMethod(java.lang.Object, java.lang.Object, java.lang.Object, java.lang.Object, java.lang.Object, java.lang.Object, java.lang.Object, java.lang.Object, java.lang.Object, java.lang.Object, java.lang.Object)'> (0x00000000ae63ca70) thrown at [./src/hotspot/share/interpreter/linkResolver.cpp, line 773]
Event: 26.107 Thread 0x000001c171d74000 Exception <a 'java/lang/NoSuchMethodError'{0x00000000ae6113e8}: 'java.lang.Object java.lang.invoke.Invokers$Holder.linkToTargetMethod(java.lang.Object, java.lang.Object, java.lang.Object, java.lang.Object, java.lang.Object, java.lang.Object, java.lang.Object, java.lang.Object, java.lang.Object, java.lang.Object, java.lang.Object)'> (0x00000000ae6113e8) thrown at [./src/hotspot/share/interpreter/linkResolver.cpp, line 773]
Event: 26.116 Thread 0x000001c171d76800 Exception <a 'java/lang/NoSuchMethodError'{0x00000000ae656488}: 'java.lang.Object java.lang.invoke.Invokers$Holder.linkToTargetMethod(java.lang.Object, java.lang.Object, java.lang.Object, java.lang.Object, java.lang.Object, java.lang.Object, java.lang.Object, java.lang.Object, java.lang.Object, java.lang.Object, java.lang.Object, java.lang.Object)'> (0x00000000ae656488) thrown at [./src/hotspot/share/interpreter/linkResolver.cpp, line 773]
Event: 26.116 Thread 0x000001c171d74000 Exception <a 'java/lang/NoSuchMethodError'{0x00000000ae514660}: 'java.lang.Object java.lang.invoke.Invokers$Holder.linkToTargetMethod(java.lang.Object, java.lang.Object, java.lang.Object, java.lang.Object, java.lang.Object, java.lang.Object, java.lang.Object, java.lang.Object, java.lang.Object, java.lang.Object, java.lang.Object, java.lang.Object)'> (0x00000000ae514660) thrown at [./src/hotspot/share/interpreter/linkResolver.cpp, line 773]
Event: 26.116 Thread 0x000001c171d7c800 Exception <a 'java/lang/NoSuchMethodError'{0x00000000aed7b588}: 'java.lang.Object java.lang.invoke.Invokers$Holder.linkToTargetMethod(java.lang.Object, java.lang.Object, java.lang.Object, java.lang.Object, java.lang.Object, java.lang.Object, java.lang.Object, java.lang.Object, java.lang.Object, java.lang.Object, java.lang.Object, java.lang.Object)'> (0x00000000aed7b588) thrown at [./src/hotspot/share/interpreter/linkResolver.cpp, line 773]
Event: 26.116 Thread 0x000001c171d72800 Exception <a 'java/lang/NoSuchMethodError'{0x00000000ae55c3b0}: 'java.lang.Object java.lang.invoke.Invokers$Holder.linkToTargetMethod(java.lang.Object, java.lang.Object, java.lang.Object, java.lang.Object, java.lang.Object, java.lang.Object, java.lang.Object, java.lang.Object, java.lang.Object, java.lang.Object, java.lang.Object, java.lang.Object)'> (0x00000000ae55c3b0) thrown at [./src/hotspot/share/interpreter/linkResolver.cpp, line 773]
Event: 26.116 Thread 0x000001c171d73800 Exception <a 'java/lang/NoSuchMethodError'{0x00000000ae6ad828}: 'java.lang.Object java.lang.invoke.Invokers$Holder.linkToTargetMethod(java.lang.Object, java.lang.Object, java.lang.Object, java.lang.Object, java.lang.Object, java.lang.Object, java.lang.Object, java.lang.Object, java.lang.Object, java.lang.Object, java.lang.Object, java.lang.Object)'> (0x00000000ae6ad828) thrown at [./src/hotspot/share/interpreter/linkResolver.cpp, line 773]
Event: 26.116 Thread 0x000001c171d75000 Exception <a 'java/lang/NoSuchMethodError'{0x00000000ae696530}: 'java.lang.Object java.lang.invoke.Invokers$Holder.linkToTargetMethod(java.lang.Object, java.lang.Object, java.lang.Object, java.lang.Object, java.lang.Object, java.lang.Object, java.lang.Object, java.lang.Object, java.lang.Object, java.lang.Object, java.lang.Object, java.lang.Object)'> (0x00000000ae696530) thrown at [./src/hotspot/share/interpreter/linkResolver.cpp, line 773]
Event: 26.145 Thread 0x000001c171d76800 Exception <a 'java/lang/NoSuchMethodError'{0x00000000ae20d010}: 'void java.lang.invoke.DirectMethodHandle$Holder.invokeStatic(java.lang.Object, java.lang.Object, java.lang.Object, java.lang.Object, java.lang.Object, int, java.lang.Object)'> (0x00000000ae20d010) thrown at [./src/hotspot/share/interpreter/linkResolver.cpp, line 773]
Event: 26.145 Thread 0x000001c171d73800 Exception <a 'java/lang/NoSuchMethodError'{0x00000000ae270f18}: 'void java.lang.invoke.DirectMethodHandle$Holder.invokeStatic(java.lang.Object, java.lang.Object, java.lang.Object, java.lang.Object, java.lang.Object, int, java.lang.Object)'> (0x00000000ae270f18) thrown at [./src/hotspot/share/interpreter/linkResolver.cpp, line 773]
Event: 26.783 Thread 0x000001c16f23a800 Exception <a 'java/lang/NoSuchMethodError'{0x00000000aad31950}: 'int java.lang.invoke.DirectMethodHandle$Holder.invokeSpecialIFC(java.lang.Object, java.lang.Object, java.lang.Object)'> (0x00000000aad31950) thrown at [./src/hotspot/share/interpreter/linkResolver.cpp, line 773]

Events (20 events):
Event: 27.481 loading class kotlin/reflect/jvm/internal/impl/serialization/deserialization/FlexibleTypeDeserializer$ThrowException
Event: 27.481 loading class kotlin/reflect/jvm/internal/impl/serialization/deserialization/FlexibleTypeDeserializer$ThrowException done
Event: 27.481 loading class kotlin/reflect/jvm/internal/impl/descriptors/deserialization/ClassDescriptorFactory
Event: 27.481 loading class kotlin/reflect/jvm/internal/impl/descriptors/deserialization/ClassDescriptorFactory done
Event: 27.482 loading class kotlin/reflect/jvm/internal/impl/builtins/functions/BuiltInFictitiousFunctionClassFactory
Event: 27.482 loading class kotlin/reflect/jvm/internal/impl/builtins/functions/BuiltInFictitiousFunctionClassFactory done
Event: 27.483 loading class kotlin/reflect/jvm/internal/impl/builtins/functions/BuiltInFictitiousFunctionClassFactory$Companion
Event: 27.483 loading class kotlin/reflect/jvm/internal/impl/builtins/functions/BuiltInFictitiousFunctionClassFactory$Companion done
Event: 27.488 loading class kotlin/reflect/jvm/internal/impl/builtins/jvm/JvmBuiltInClassDescriptorFactory
Event: 27.488 loading class kotlin/reflect/jvm/internal/impl/builtins/jvm/JvmBuiltInClassDescriptorFactory done
Event: 27.495 loading class kotlin/reflect/jvm/internal/impl/builtins/jvm/JvmBuiltInClassDescriptorFactory$Companion
Event: 27.495 loading class kotlin/reflect/jvm/internal/impl/builtins/jvm/JvmBuiltInClassDescriptorFactory$Companion done
Event: 27.501 loading class kotlin/reflect/jvm/internal/impl/builtins/jvm/JvmBuiltInClassDescriptorFactory$1
Event: 27.501 loading class kotlin/reflect/jvm/internal/impl/builtins/jvm/JvmBuiltInClassDescriptorFactory$1 done
Event: 27.508 loading class kotlin/reflect/jvm/internal/impl/builtins/jvm/JvmBuiltInClassDescriptorFactory$cloneable$2
Event: 27.508 loading class kotlin/reflect/jvm/internal/impl/builtins/jvm/JvmBuiltInClassDescriptorFactory$cloneable$2 done
Event: 27.512 loading class kotlin/reflect/jvm/internal/impl/descriptors/impl/ModuleDependenciesImpl
Event: 27.512 loading class kotlin/reflect/jvm/internal/impl/descriptors/impl/ModuleDependenciesImpl done
Event: 27.513 loading class kotlin/reflect/jvm/internal/impl/descriptors/impl/ModuleDependencies
Event: 27.513 loading class kotlin/reflect/jvm/internal/impl/descriptors/impl/ModuleDependencies done


Dynamic libraries:
0x00007ff797e50000 - 0x00007ff797e5a000 	C:\Program Files\Android\Android Studio\jre\bin\java.exe
0x00007fffdbb70000 - 0x00007fffdbd65000 	C:\Windows\SYSTEM32\ntdll.dll
0x00007fffdb420000 - 0x00007fffdb4dd000 	C:\Windows\System32\KERNEL32.DLL
0x00007fffd9590000 - 0x00007fffd9859000 	C:\Windows\System32\KERNELBASE.dll
0x00007fffd9990000 - 0x00007fffd9a90000 	C:\Windows\System32\ucrtbase.dll
0x00007fffa6ca0000 - 0x00007fffa6cb7000 	C:\Program Files\Android\Android Studio\jre\bin\VCRUNTIME140.dll
0x00007fffb97c0000 - 0x00007fffb97d9000 	C:\Program Files\Android\Android Studio\jre\bin\jli.dll
0x00007fffd9bd0000 - 0x00007fffd9d70000 	C:\Windows\System32\USER32.dll
0x00007fffd9450000 - 0x00007fffd9472000 	C:\Windows\System32\win32u.dll
0x00007fffdb3e0000 - 0x00007fffdb40a000 	C:\Windows\System32\GDI32.dll
0x00007fffd9480000 - 0x00007fffd958b000 	C:\Windows\System32\gdi32full.dll
0x00007fffd9890000 - 0x00007fffd992d000 	C:\Windows\System32\msvcp_win.dll
0x00007fffbe7b0000 - 0x00007fffbea4a000 	C:\Windows\WinSxS\amd64_microsoft.windows.common-controls_6595b64144ccf1df_6.0.19041.1110_none_60b5254171f9507e\COMCTL32.dll
0x00007fffdb800000 - 0x00007fffdb89e000 	C:\Windows\System32\msvcrt.dll
0x00007fffdb170000 - 0x00007fffdb1a0000 	C:\Windows\System32\IMM32.DLL
0x00007fffa6060000 - 0x00007fffa60fd000 	C:\Program Files\Android\Android Studio\jre\bin\msvcp140.dll
0x00007fff86c20000 - 0x00007fff876ef000 	C:\Program Files\Android\Android Studio\jre\bin\server\jvm.dll
0x00007fffdb330000 - 0x00007fffdb3dc000 	C:\Windows\System32\ADVAPI32.dll
0x00007fffdb4e0000 - 0x00007fffdb57b000 	C:\Windows\System32\sechost.dll
0x00007fffda850000 - 0x00007fffda97a000 	C:\Windows\System32\RPCRT4.dll
0x00007fffdb160000 - 0x00007fffdb168000 	C:\Windows\System32\PSAPI.DLL
0x00007fffd6540000 - 0x00007fffd6549000 	C:\Windows\SYSTEM32\WSOCK32.dll
0x00007fffdb8a0000 - 0x00007fffdb90b000 	C:\Windows\System32\WS2_32.dll
0x00007fffbd740000 - 0x00007fffbd767000 	C:\Windows\SYSTEM32\WINMM.dll
0x00007fffceed0000 - 0x00007fffceeda000 	C:\Windows\SYSTEM32\VERSION.dll
0x00007fffd7b40000 - 0x00007fffd7b52000 	C:\Windows\SYSTEM32\kernel.appcore.dll
0x00007fffd4320000 - 0x00007fffd4331000 	C:\Program Files\Android\Android Studio\jre\bin\verify.dll
0x00007fffd7820000 - 0x00007fffd7a04000 	C:\Windows\SYSTEM32\DBGHELP.DLL
0x00007fffbfdc0000 - 0x00007fffbfdec000 	C:\Windows\SYSTEM32\dbgcore.DLL
0x00007fffd9b40000 - 0x00007fffd9bc3000 	C:\Windows\System32\bcryptPrimitives.dll
0x00007fffd1f00000 - 0x00007fffd1f29000 	C:\Program Files\Android\Android Studio\jre\bin\java.dll
0x00007fffd64f0000 - 0x00007fffd64fb000 	C:\Program Files\Android\Android Studio\jre\bin\jimage.dll
0x00007fffd1ee0000 - 0x00007fffd1ef8000 	C:\Program Files\Android\Android Studio\jre\bin\zip.dll
0x00007fffda980000 - 0x00007fffdb0bf000 	C:\Windows\System32\SHELL32.dll
0x00007fffd6fc0000 - 0x00007fffd7750000 	C:\Windows\SYSTEM32\windows.storage.dll
0x00007fffda4f0000 - 0x00007fffda845000 	C:\Windows\System32\combase.dll
0x00007fffd8d00000 - 0x00007fffd8d2c000 	C:\Windows\SYSTEM32\Wldp.dll
0x00007fffdb630000 - 0x00007fffdb6de000 	C:\Windows\System32\SHCORE.dll
0x00007fffd9d70000 - 0x00007fffd9dc5000 	C:\Windows\System32\shlwapi.dll
0x00007fffd91e0000 - 0x00007fffd91ff000 	C:\Windows\SYSTEM32\profapi.dll
0x00007fffd1870000 - 0x00007fffd188a000 	C:\Program Files\Android\Android Studio\jre\bin\net.dll
0x00007fffc8db0000 - 0x00007fffc8eb8000 	C:\Windows\SYSTEM32\WINHTTP.dll
0x00007fffd8a60000 - 0x00007fffd8aca000 	C:\Windows\system32\mswsock.dll
0x00007fffd1850000 - 0x00007fffd1864000 	C:\Program Files\Android\Android Studio\jre\bin\nio.dll
0x00007fffb3280000 - 0x00007fffb32a6000 	C:\Users\patel\.gradle\native\31\windows-amd64\native-platform.dll
0x00007fffd4760000 - 0x00007fffd476a000 	C:\Program Files\Android\Android Studio\jre\bin\management.dll
0x00007fffd4430000 - 0x00007fffd443c000 	C:\Program Files\Android\Android Studio\jre\bin\management_ext.dll
0x00007fffd8c50000 - 0x00007fffd8c68000 	C:\Windows\SYSTEM32\CRYPTSP.dll
0x00007fffd8370000 - 0x00007fffd83a4000 	C:\Windows\system32\rsaenh.dll
0x00007fffd9860000 - 0x00007fffd9887000 	C:\Windows\System32\bcrypt.dll
0x00007fffd91a0000 - 0x00007fffd91ce000 	C:\Windows\SYSTEM32\USERENV.dll
0x00007fffd8c70000 - 0x00007fffd8c7c000 	C:\Windows\SYSTEM32\CRYPTBASE.dll
0x00007fffd8700000 - 0x00007fffd873b000 	C:\Windows\SYSTEM32\IPHLPAPI.DLL
0x00007fffdb9f0000 - 0x00007fffdb9f8000 	C:\Windows\System32\NSI.dll
0x00007fffcee80000 - 0x00007fffcee97000 	C:\Windows\SYSTEM32\dhcpcsvc6.DLL
0x00007fffcf2a0000 - 0x00007fffcf2bd000 	C:\Windows\SYSTEM32\dhcpcsvc.DLL
0x00007fffd8740000 - 0x00007fffd880c000 	C:\Windows\SYSTEM32\DNSAPI.dll

dbghelp: loaded successfully - version: 4.0.5 - missing functions: none
symbol engine: initialized successfully - sym options: 0x614 - pdb path: .;C:\Program Files\Android\Android Studio\jre\bin;C:\Windows\SYSTEM32;C:\Windows\WinSxS\amd64_microsoft.windows.common-controls_6595b64144ccf1df_6.0.19041.1110_none_60b5254171f9507e;C:\Program Files\Android\Android Studio\jre\bin\server;C:\Users\patel\.gradle\native\31\windows-amd64

VM Arguments:
jvm_args: --add-opens=java.base/java.util=ALL-UNNAMED --add-opens=java.base/java.lang=ALL-UNNAMED --add-opens=java.base/java.lang.invoke=ALL-UNNAMED --add-opens=java.prefs/java.util.prefs=ALL-UNNAMED -Xmx1536m -Dfile.encoding=windows-1252 -Duser.country=US -Duser.language=en -Duser.variant 
java_command: org.gradle.launcher.daemon.bootstrap.GradleDaemon 6.1.1
java_class_path (initial): C:\Users\patel\.gradle\wrapper\dists\gradle-6.1.1-all\cfmwm155h49vnt3hynmlrsdst\gradle-6.1.1\lib\gradle-launcher-6.1.1.jar
Launcher Type: SUN_STANDARD

[Global flags]
     intx CICompilerCount                          = 4                                         {product} {ergonomic}
     uint ConcGCThreads                            = 2                                         {product} {ergonomic}
     uint G1ConcRefinementThreads                  = 8                                         {product} {ergonomic}
   size_t G1HeapRegionSize                         = 1048576                                   {product} {ergonomic}
    uintx GCDrainStackTargetSize                   = 64                                        {product} {ergonomic}
   size_t InitialHeapSize                          = 335544320                                 {product} {ergonomic}
   size_t MarkStackSize                            = 4194304                                   {product} {ergonomic}
   size_t MaxHeapSize                              = 1610612736                                {product} {command line}
   size_t MaxNewSize                               = 965738496                                 {product} {ergonomic}
   size_t MinHeapDeltaBytes                        = 1048576                                   {product} {ergonomic}
    uintx NonNMethodCodeHeapSize                   = 5836300                                {pd product} {ergonomic}
    uintx NonProfiledCodeHeapSize                  = 122910970                              {pd product} {ergonomic}
    uintx ProfiledCodeHeapSize                     = 122910970                              {pd product} {ergonomic}
    uintx ReservedCodeCacheSize                    = 251658240                              {pd product} {ergonomic}
     bool SegmentedCodeCache                       = true                                      {product} {ergonomic}
     bool UseCompressedClassPointers               = true                                 {lp64_product} {ergonomic}
     bool UseCompressedOops                        = true                                 {lp64_product} {ergonomic}
     bool UseG1GC                                  = true                                      {product} {ergonomic}
     bool UseLargePagesIndividualAllocation        = false                                  {pd product} {ergonomic}

Logging:
Log output configuration:
 #0: stdout all=warning uptime,level,tags
 #1: stderr all=off uptime,level,tags

Environment Variables:
PATH=C:\Program Files\Common Files\Oracle\Java\javapath;C:\Python39\Scripts\;C:\Python39\;C:\Program Files (x86)\Intel\Intel(R) Management Engine Components\iCLS\;C:\Program Files\Intel\Intel(R) Management Engine Components\iCLS\;C:\Windows\system32;C:\Windows;C:\Windows\System32\Wbem;C:\Windows\System32\WindowsPowerShell\v1.0\;C:\Program Files (x86)\Intel\Intel(R) Management Engine Components\DAL;C:\Program Files\Intel\Intel(R) Management Engine Components\DAL;C:\Program Files (x86)\Intel\Intel(R) Management Engine Components\IPT;C:\Program Files\Intel\Intel(R) Management Engine Components\IPT;C:\Windows\System32\OpenSSH\;H:\Internshala Trainings\Python Programing;C:\Users\patel\OneDrive\Desktop;H:\PracPackage;C:\Program Files\Java\jdk-16.0.1\bin;C:\TDM-GCC-64\bin;C:\Program Files\Git\cmd;C:\Users\patel\AppData\Local\Microsoft\WindowsApps;C:\Program Files\Java\jdk-14.0.1\bin;C:\Users\patel\AppData\Local\Programs\Microsoft VS Code\bin;H:\Practice;C:\TDM-GCC-64\bin;
USERNAME=patel
OS=Windows_NT
PROCESSOR_IDENTIFIER=Intel64 Family 6 Model 142 Stepping 10, GenuineIntel



---------------  S Y S T E M  ---------------

OS: Windows 10 , 64 bit Build 19041 (10.0.19041.1151)
OS uptime: 1 days 0:38 hours

CPU:total 8 (initial active 8) (4 cores per cpu, 2 threads per core) family 6 model 142 stepping 10 microcode 0xb4, cmov, cx8, fxsr, mmx, sse, sse2, sse3, ssse3, sse4.1, sse4.2, popcnt, avx, avx2, aes, clmul, erms, 3dnowpref, lzcnt, ht, tsc, tscinvbit, bmi1, bmi2, adx, fma

Memory: 4k page, system-wide physical 20389M (480M free)
TotalPageFile size 79847M (AvailPageFile size 4M)
current process WorkingSet (physical memory assigned to process): 533M, peak: 536M
current process commit charge ("private bytes"): 633M, peak: 635M

vm_info: OpenJDK 64-Bit Server VM (11.0.10+0-b96-7249189) for windows-amd64 JRE (11.0.10+0-b96-7249189), built on Mar 31 2021 21:44:00 by "builder" with MS VC++ 14.0 (VS2015)

END.
