#
# There is insufficient memory for the Java Runtime Environment to continue.
# Native memory allocation (malloc) failed to allocate 166576 bytes for Chunk::new
# Possible reasons:
#   The system is out of physical RAM or swap space
#   The process is running with CompressedOops enabled, and the Java Heap may be blocking the growth of the native heap
# Possible solutions:
#   Reduce memory load on the system
#   Increase physical memory or swap space
#   Check if swap backing store is full
#   Decrease Java heap size (-Xmx/-Xms)
#   Decrease number of Java threads
#   Decrease Java thread stack sizes (-Xss)
#   Set larger code cache with -XX:ReservedCodeCacheSize=
#   JVM is running with Unscaled Compressed Oops mode in which the Java heap is
#     placed in the first 4GB address space. The Java Heap base address is the
#     maximum limit for the native heap growth. Please use -XX:HeapBaseMinAddress
#     to set the Java Heap base and to place the Java Heap above 4GB virtual address.
# This output file may be truncated or incomplete.
#
#  Out of Memory Error (./src/hotspot/share/memory/arena.cpp:197), pid=34644, tid=30132
#
# JRE version: OpenJDK Runtime Environment (11.0.10) (build 11.0.10+0-b96-7249189)
# Java VM: OpenJDK 64-Bit Server VM (11.0.10+0-b96-7249189, mixed mode, tiered, compressed oops, g1 gc, windows-amd64)
# No core dump will be written. Minidumps are not enabled by default on client versions of Windows
#

---------------  S U M M A R Y ------------

Command Line: --add-opens=java.base/java.util=ALL-UNNAMED --add-opens=java.base/java.lang=ALL-UNNAMED --add-opens=java.base/java.lang.invoke=ALL-UNNAMED --add-opens=java.prefs/java.util.prefs=ALL-UNNAMED -Xmx1536m -Dfile.encoding=windows-1252 -Duser.country=US -Duser.language=en -Duser.variant org.gradle.launcher.daemon.bootstrap.GradleDaemon 6.1.1

Host: Intel(R) Core(TM) i5-8250U CPU @ 1.60GHz, 8 cores, 19G,  Windows 10 , 64 bit Build 19041 (10.0.19041.1151)
Time: Wed Aug 18 19:17:32 2021 India Standard Time elapsed time: 141.400560 seconds (0d 0h 2m 21s)

---------------  T H R E A D  ---------------

Current thread (0x000001e4c1be8800):  JavaThread "C2 CompilerThread0" daemon [_thread_in_native, id=30132, stack(0x00000051ef400000,0x00000051ef500000)]


Current CompileTask:
C2: 141400 17452       4       org.gradle.internal.hash.HashingOutputStream::<init> (28 bytes)

Stack: [0x00000051ef400000,0x00000051ef500000]
Native frames: (J=compiled Java code, j=interpreted, Vv=VM code, C=native code)
V  [jvm.dll+0x5ecfaa]
V  [jvm.dll+0x722bd5]
V  [jvm.dll+0x72412d]
V  [jvm.dll+0x7247e3]
V  [jvm.dll+0x242928]
V  [jvm.dll+0xbc4fc]
V  [jvm.dll+0xbca0c]
V  [jvm.dll+0x352d3b]
V  [jvm.dll+0x320ad3]
V  [jvm.dll+0x31ffca]
V  [jvm.dll+0x1fb602]
V  [jvm.dll+0x1fa7f4]
V  [jvm.dll+0x18354c]
V  [jvm.dll+0x208ee7]
V  [jvm.dll+0x207731]
V  [jvm.dll+0x6eb1cf]
V  [jvm.dll+0x6e3d45]
V  [jvm.dll+0x5ebe96]
C  [ucrtbase.dll+0x21bb2]
C  [KERNEL32.DLL+0x17034]
C  [ntdll.dll+0x52651]


---------------  P R O C E S S  ---------------

Threads class SMR info:
_java_thread_list=0x000001e4ce239a90, length=54, elements={
0x000001e4a79ba000, 0x000001e4c1b7e000, 0x000001e4c1b82000, 0x000001e4c1bdd800,
0x000001e4c1bde800, 0x000001e4c1be0800, 0x000001e4c1be8800, 0x000001e4c1beb800,
0x000001e4c1c0d000, 0x000001e4c1d6c000, 0x000001e4c37fe800, 0x000001e4c2814000,
0x000001e4c311a800, 0x000001e4c29cc000, 0x000001e4c29cc800, 0x000001e4c29cd800,
0x000001e4c29c8800, 0x000001e4c5eb2000, 0x000001e4c5eb3000, 0x000001e4c28ea000,
0x000001e4c28e9800, 0x000001e4c45a0800, 0x000001e4c28e4800, 0x000001e4c28e5800,
0x000001e4c28eb000, 0x000001e4c28e7000, 0x000001e4c28e7800, 0x000001e4c28ec000,
0x000001e4c28e6000, 0x000001e4c28ed800, 0x000001e4c28ec800, 0x000001e4c28e8800,
0x000001e4c28ee000, 0x000001e4c28ef000, 0x000001e4c28f2800, 0x000001e4c28f3000,
0x000001e4c28f0000, 0x000001e4c28f0800, 0x000001e4c28f1800, 0x000001e4c5eac800,
0x000001e4c5ead000, 0x000001e4c5eb3800, 0x000001e4c5eae000, 0x000001e4c5eaf000,
0x000001e4c5eb5800, 0x000001e4c5eaf800, 0x000001e4c5eba000, 0x000001e4c5eb7000,
0x000001e4c5ebb000, 0x000001e4c5eb8000, 0x000001e4c5eb8800, 0x000001e4c5eb9800,
0x000001e4c45a1000, 0x000001e4c459e000
}

Java Threads: ( => current thread )
  0x000001e4a79ba000 JavaThread "main" [_thread_blocked, id=24840, stack(0x00000051ee800000,0x00000051ee900000)]
  0x000001e4c1b7e000 JavaThread "Reference Handler" daemon [_thread_blocked, id=2920, stack(0x00000051eef00000,0x00000051ef000000)]
  0x000001e4c1b82000 JavaThread "Finalizer" daemon [_thread_blocked, id=12260, stack(0x00000051ef000000,0x00000051ef100000)]
  0x000001e4c1bdd800 JavaThread "Signal Dispatcher" daemon [_thread_blocked, id=15088, stack(0x00000051ef100000,0x00000051ef200000)]
  0x000001e4c1bde800 JavaThread "Attach Listener" daemon [_thread_blocked, id=15888, stack(0x00000051ef200000,0x00000051ef300000)]
  0x000001e4c1be0800 JavaThread "Service Thread" daemon [_thread_blocked, id=18020, stack(0x00000051ef300000,0x00000051ef400000)]
=>0x000001e4c1be8800 JavaThread "C2 CompilerThread0" daemon [_thread_in_native, id=30132, stack(0x00000051ef400000,0x00000051ef500000)]
  0x000001e4c1beb800 JavaThread "C1 CompilerThread0" daemon [_thread_blocked, id=9044, stack(0x00000051ef500000,0x00000051ef600000)]
  0x000001e4c1c0d000 JavaThread "Sweeper thread" daemon [_thread_blocked, id=5812, stack(0x00000051ef600000,0x00000051ef700000)]
  0x000001e4c1d6c000 JavaThread "Common-Cleaner" daemon [_thread_blocked, id=16268, stack(0x00000051ef700000,0x00000051ef800000)]
  0x000001e4c37fe800 JavaThread "Daemon health stats" [_thread_blocked, id=23872, stack(0x00000051f0000000,0x00000051f0100000)]
  0x000001e4c2814000 JavaThread "Incoming local TCP Connector on port 62186" [_thread_in_native, id=12348, stack(0x00000051ef900000,0x00000051efa00000)]
  0x000001e4c311a800 JavaThread "Daemon periodic checks" [_thread_blocked, id=34364, stack(0x00000051f0100000,0x00000051f0200000)]
  0x000001e4c29cc000 JavaThread "Cache worker for journal cache (C:\Users\patel\.gradle\caches\journal-1)" [_thread_blocked, id=34524, stack(0x00000051f0900000,0x00000051f0a00000)]
  0x000001e4c29cc800 JavaThread "File lock request listener" [_thread_in_native, id=12884, stack(0x00000051f0a00000,0x00000051f0b00000)]
  0x000001e4c29cd800 JavaThread "Cache worker for file hash cache (C:\Users\patel\.gradle\caches\6.1.1\fileHashes)" [_thread_blocked, id=23628, stack(0x00000051f0b00000,0x00000051f0c00000)]
  0x000001e4c29c8800 JavaThread "Cache worker for execution history cache (C:\Users\patel\.gradle\caches\6.1.1\executionHistory)" [_thread_blocked, id=30544, stack(0x00000051f1200000,0x00000051f1300000)]
  0x000001e4c5eb2000 JavaThread "Daemon Thread 2" [_thread_blocked, id=23928, stack(0x00000051ee500000,0x00000051ee600000)]
  0x000001e4c5eb3000 JavaThread "Daemon worker Thread 2" [_thread_blocked, id=23936, stack(0x00000051f0200000,0x00000051f0300000)]
  0x000001e4c28ea000 JavaThread "Memory manager" [_thread_blocked, id=15856, stack(0x00000051f1b00000,0x00000051f1c00000)]
  0x000001e4c28e9800 JavaThread "Cache worker for file content cache (C:\Users\patel\.gradle\caches\6.1.1\fileContent)" [_thread_blocked, id=14420, stack(0x00000051f1c00000,0x00000051f1d00000)]
  0x000001e4c45a0800 JavaThread "Java2D Disposer" daemon [_thread_blocked, id=34764, stack(0x00000051f3a00000,0x00000051f3b00000)]
  0x000001e4c28e4800 JavaThread "Handler for socket connection from /127.0.0.1:62186 to /127.0.0.1:62374" [_thread_in_native, id=27912, stack(0x00000051ee600000,0x00000051ee700000)]
  0x000001e4c28e5800 JavaThread "Cancel handler" [_thread_blocked, id=16048, stack(0x00000051ee700000,0x00000051ee800000)]
  0x000001e4c28eb000 JavaThread "Asynchronous log dispatcher for DefaultDaemonConnection: socket connection from /127.0.0.1:62186 to /127.0.0.1:62374" [_thread_blocked, id=11528, stack(0x00000051f0500000,0x00000051f0600000)]
  0x000001e4c28e7000 JavaThread "Stdin handler" [_thread_blocked, id=20360, stack(0x00000051f0600000,0x00000051f0700000)]
  0x000001e4c28e7800 JavaThread "Thread-73" [_thread_blocked, id=20848, stack(0x00000051f0700000,0x00000051f0800000)]
  0x000001e4c28ec000 JavaThread "Cache worker for checksums cache (C:\Users\patel\AndroidStudioProjects\FoodRunner\.gradle\checksums)" [_thread_blocked, id=9696, stack(0x00000051f0800000,0x00000051f0900000)]
  0x000001e4c28e6000 JavaThread "Cache worker for file hash cache (C:\Users\patel\AndroidStudioProjects\FoodRunner\.gradle\6.1.1\fileHashes)" [_thread_blocked, id=26388, stack(0x00000051f0e00000,0x00000051f0f00000)]
  0x000001e4c28ed800 JavaThread "Cache worker for cache directory md-supplier (C:\Users\patel\.gradle\caches\6.1.1\md-supplier)" [_thread_blocked, id=16976, stack(0x00000051f0f00000,0x00000051f1000000)]
  0x000001e4c28ec800 JavaThread "Cache worker for cache directory md-rule (C:\Users\patel\.gradle\caches\6.1.1\md-rule)" [_thread_blocked, id=33908, stack(0x00000051f1000000,0x00000051f1100000)]
  0x000001e4c28e8800 JavaThread "Build operations" [_thread_blocked, id=32052, stack(0x00000051f1100000,0x00000051f1200000)]
  0x000001e4c28ee000 JavaThread "Build operations Thread 2" [_thread_blocked, id=31520, stack(0x00000051f1300000,0x00000051f1400000)]
  0x000001e4c28ef000 JavaThread "Build operations Thread 3" [_thread_blocked, id=9916, stack(0x00000051f1400000,0x00000051f1500000)]
  0x000001e4c28f2800 JavaThread "Build operations Thread 4" [_thread_blocked, id=10076, stack(0x00000051f1500000,0x00000051f1600000)]
  0x000001e4c28f3000 JavaThread "Build operations Thread 5" [_thread_blocked, id=4768, stack(0x00000051f1600000,0x00000051f1700000)]
  0x000001e4c28f0000 JavaThread "Build operations Thread 6" [_thread_blocked, id=25036, stack(0x00000051f1700000,0x00000051f1800000)]
  0x000001e4c28f0800 JavaThread "Build operations Thread 7" [_thread_blocked, id=34588, stack(0x00000051f1800000,0x00000051f1900000)]
  0x000001e4c28f1800 JavaThread "Build operations Thread 8" [_thread_blocked, id=12780, stack(0x00000051f1900000,0x00000051f1a00000)]
  0x000001e4c5eac800 JavaThread "Cache worker for Build Output Cleanup Cache (C:\Users\patel\AndroidStudioProjects\FoodRunner\.gradle\buildOutputCleanup)" [_thread_blocked, id=24020, stack(0x00000051f1a00000,0x00000051f1b00000)]
  0x000001e4c5ead000 JavaThread "Cache worker for file content cache (C:\Users\patel\AndroidStudioProjects\FoodRunner\.gradle\6.1.1\fileContent)" [_thread_blocked, id=34612, stack(0x00000051f1d00000,0x00000051f1e00000)]
  0x000001e4c5eb3800 JavaThread "Execution worker for ':'" [_thread_blocked, id=33836, stack(0x00000051f1f00000,0x00000051f2000000)]
  0x000001e4c5eae000 JavaThread "Execution worker for ':' Thread 2" [_thread_blocked, id=1712, stack(0x00000051f2000000,0x00000051f2100000)]
  0x000001e4c5eaf000 JavaThread "Execution worker for ':' Thread 3" [_thread_blocked, id=2168, stack(0x00000051f2100000,0x00000051f2200000)]
  0x000001e4c5eb5800 JavaThread "Execution worker for ':' Thread 4" [_thread_blocked, id=8264, stack(0x00000051f2200000,0x00000051f2300000)]
  0x000001e4c5eaf800 JavaThread "Execution worker for ':' Thread 5" [_thread_blocked, id=13268, stack(0x00000051f2300000,0x00000051f2400000)]
  0x000001e4c5eba000 JavaThread "Execution worker for ':' Thread 6" [_thread_in_native, id=8668, stack(0x00000051f2400000,0x00000051f2500000)]
  0x000001e4c5eb7000 JavaThread "Execution worker for ':' Thread 7" [_thread_blocked, id=22752, stack(0x00000051f2500000,0x00000051f2600000)]
  0x000001e4c5ebb000 JavaThread "Cache worker for execution history cache (C:\Users\patel\AndroidStudioProjects\FoodRunner\.gradle\6.1.1\executionHistory)" [_thread_blocked, id=8756, stack(0x00000051f2600000,0x00000051f2700000)]
  0x000001e4c5eb8000 JavaThread "WorkerExecutor Queue" [_thread_blocked, id=10280, stack(0x00000051f2800000,0x00000051f2900000)]
  0x000001e4c5eb8800 JavaThread "WorkerExecutor Queue Thread 2" [_thread_blocked, id=21068, stack(0x00000051f2900000,0x00000051f2a00000)]
  0x000001e4c5eb9800 JavaThread "pool-6-thread-1" [_thread_blocked, id=17316, stack(0x00000051f2a00000,0x00000051f2b00000)]
  0x000001e4c45a1000 JavaThread "stderr" [_thread_in_native, id=28124, stack(0x00000051f2b00000,0x00000051f2c00000)]
  0x000001e4c459e000 JavaThread "stdout" [_thread_in_native, id=11652, stack(0x00000051f2c00000,0x00000051f2d00000)]

Other Threads:
  0x000001e4c1b5b800 VMThread "VM Thread" [stack: 0x00000051eee00000,0x00000051eef00000] [id=34528]
  0x000001e4c1d75000 WatcherThread [stack: 0x00000051ef800000,0x00000051ef900000] [id=12116]
  0x000001e4a79d2000 GCTaskThread "GC Thread#0" [stack: 0x00000051ee900000,0x00000051eea00000] [id=25940]
  0x000001e4c2854000 GCTaskThread "GC Thread#1" [stack: 0x00000051efa00000,0x00000051efb00000] [id=34452]
  0x000001e4c2856800 GCTaskThread "GC Thread#2" [stack: 0x00000051efb00000,0x00000051efc00000] [id=33824]
  0x000001e4c2857800 GCTaskThread "GC Thread#3" [stack: 0x00000051efc00000,0x00000051efd00000] [id=26436]
  0x000001e4c2858000 GCTaskThread "GC Thread#4" [stack: 0x00000051efd00000,0x00000051efe00000] [id=34648]
  0x000001e4c2876000 GCTaskThread "GC Thread#5" [stack: 0x00000051efe00000,0x00000051eff00000] [id=33992]
  0x000001e4c2877000 GCTaskThread "GC Thread#6" [stack: 0x00000051eff00000,0x00000051f0000000] [id=33140]
  0x000001e4c3763000 GCTaskThread "GC Thread#7" [stack: 0x00000051f0c00000,0x00000051f0d00000] [id=33756]
  0x000001e4a79f8000 ConcurrentGCThread "G1 Main Marker" [stack: 0x00000051eea00000,0x00000051eeb00000] [id=33780]
  0x000001e4a79fd000 ConcurrentGCThread "G1 Conc#0" [stack: 0x00000051eeb00000,0x00000051eec00000] [id=23620]
  0x000001e4c22a7800 ConcurrentGCThread "G1 Conc#1" [stack: 0x00000051f0d00000,0x00000051f0e00000] [id=7804]
  0x000001e4a7a9e000 ConcurrentGCThread "G1 Refine#0" [stack: 0x00000051eec00000,0x00000051eed00000] [id=33944]
  0x000001e4c11c2800 ConcurrentGCThread "G1 Young RemSet Sampling" [stack: 0x00000051eed00000,0x00000051eee00000] [id=14864]

Threads with active compile tasks:
C2 CompilerThread0 141418 17452       4       org.gradle.internal.hash.HashingOutputStream::<init> (28 bytes)

VM state:not at safepoint (normal execution)

VM Mutex/Monitor currently owned by a thread: None

OutOfMemory and StackOverflow Exception counts:
OutOfMemoryError java_heap_errors=2
LinkageErrors=218

Heap address: 0x00000000a0000000, size: 1536 MB, Compressed Oops mode: 32-bit
Narrow klass base: 0x0000000000000000, Narrow klass shift: 3
Compressed class space size: 1073741824 Address: 0x0000000100000000

Heap:
 garbage-first heap   total 327680K, used 215641K [0x00000000a0000000, 0x0000000100000000)
  region size 1024K, 91 young (93184K), 5 survivors (5120K)
 Metaspace       used 114604K, capacity 117479K, committed 117928K, reserved 1153024K
  class space    used 13805K, capacity 14749K, committed 14956K, reserved 1048576K
Heap Regions: E=young(eden), S=young(survivor), O=old, HS=humongous(starts), HC=humongous(continues), CS=collection set, F=free, A=archive, TAMS=top-at-mark-start (previous, next)
|   0|0x00000000a0000000, 0x00000000a0100000, 0x00000000a0100000|100%|HS|  |TAMS 0x00000000a0100000, 0x00000000a0000000| Complete 
|   1|0x00000000a0100000, 0x00000000a0200000, 0x00000000a0200000|100%|HC|  |TAMS 0x00000000a0200000, 0x00000000a0100000| Complete 
|   2|0x00000000a0200000, 0x00000000a0300000, 0x00000000a0300000|100%| O|  |TAMS 0x00000000a0300000, 0x00000000a0200000| Untracked 
|   3|0x00000000a0300000, 0x00000000a0400000, 0x00000000a0400000|100%|HS|  |TAMS 0x00000000a0400000, 0x00000000a0300000| Complete 
|   4|0x00000000a0400000, 0x00000000a0500000, 0x00000000a0500000|100%|HC|  |TAMS 0x00000000a0500000, 0x00000000a0400000| Complete 
|   5|0x00000000a0500000, 0x00000000a0600000, 0x00000000a0600000|100%|HC|  |TAMS 0x00000000a0600000, 0x00000000a0500000| Complete 
|   6|0x00000000a0600000, 0x00000000a0700000, 0x00000000a0700000|100%| O|  |TAMS 0x00000000a0700000, 0x00000000a0600000| Untracked 
|   7|0x00000000a0700000, 0x00000000a0800000, 0x00000000a0800000|100%| O|  |TAMS 0x00000000a0800000, 0x00000000a0700000| Untracked 
|   8|0x00000000a0800000, 0x00000000a0900000, 0x00000000a0900000|100%| O|  |TAMS 0x00000000a0900000, 0x00000000a0800000| Untracked 
|   9|0x00000000a0900000, 0x00000000a0a00000, 0x00000000a0a00000|100%|HS|  |TAMS 0x00000000a0a00000, 0x00000000a0900000| Complete 
|  10|0x00000000a0a00000, 0x00000000a0b00000, 0x00000000a0b00000|100%|HC|  |TAMS 0x00000000a0b00000, 0x00000000a0a00000| Complete 
|  11|0x00000000a0b00000, 0x00000000a0c00000, 0x00000000a0c00000|100%|HC|  |TAMS 0x00000000a0c00000, 0x00000000a0b00000| Complete 
|  12|0x00000000a0c00000, 0x00000000a0d00000, 0x00000000a0d00000|100%|HS|  |TAMS 0x00000000a0d00000, 0x00000000a0c00000| Complete 
|  13|0x00000000a0d00000, 0x00000000a0e00000, 0x00000000a0e00000|100%|HC|  |TAMS 0x00000000a0e00000, 0x00000000a0d00000| Complete 
|  14|0x00000000a0e00000, 0x00000000a0f00000, 0x00000000a0f00000|100%|HC|  |TAMS 0x00000000a0f00000, 0x00000000a0e00000| Complete 
|  15|0x00000000a0f00000, 0x00000000a1000000, 0x00000000a1000000|100%|HC|  |TAMS 0x00000000a1000000, 0x00000000a0f00000| Complete 
|  16|0x00000000a1000000, 0x00000000a1100000, 0x00000000a1100000|100%|HC|  |TAMS 0x00000000a1100000, 0x00000000a1000000| Complete 
|  17|0x00000000a1100000, 0x00000000a1200000, 0x00000000a1200000|100%| O|  |TAMS 0x00000000a1200000, 0x00000000a1100000| Untracked 
|  18|0x00000000a1200000, 0x00000000a1300000, 0x00000000a1300000|100%| O|  |TAMS 0x00000000a1300000, 0x00000000a1200000| Untracked 
|  19|0x00000000a1300000, 0x00000000a1400000, 0x00000000a1400000|100%| O|  |TAMS 0x00000000a1400000, 0x00000000a1300000| Untracked 
|  20|0x00000000a1400000, 0x00000000a1500000, 0x00000000a1500000|100%| O|  |TAMS 0x00000000a1500000, 0x00000000a1400000| Untracked 
|  21|0x00000000a1500000, 0x00000000a1600000, 0x00000000a1600000|100%| O|  |TAMS 0x00000000a1600000, 0x00000000a1500000| Untracked 
|  22|0x00000000a1600000, 0x00000000a1700000, 0x00000000a1700000|100%| O|  |TAMS 0x00000000a1700000, 0x00000000a1600000| Untracked 
|  23|0x00000000a1700000, 0x00000000a1800000, 0x00000000a1800000|100%| O|  |TAMS 0x00000000a1800000, 0x00000000a1700000| Untracked 
|  24|0x00000000a1800000, 0x00000000a1900000, 0x00000000a1900000|100%| O|  |TAMS 0x00000000a1900000, 0x00000000a1800000| Untracked 
|  25|0x00000000a1900000, 0x00000000a1a00000, 0x00000000a1a00000|100%| O|  |TAMS 0x00000000a1a00000, 0x00000000a1900000| Untracked 
|  26|0x00000000a1a00000, 0x00000000a1b00000, 0x00000000a1b00000|100%| O|  |TAMS 0x00000000a1b00000, 0x00000000a1a00000| Untracked 
|  27|0x00000000a1b00000, 0x00000000a1c00000, 0x00000000a1c00000|100%|HS|  |TAMS 0x00000000a1c00000, 0x00000000a1b00000| Complete 
|  28|0x00000000a1c00000, 0x00000000a1d00000, 0x00000000a1d00000|100%|HC|  |TAMS 0x00000000a1d00000, 0x00000000a1c00000| Complete 
|  29|0x00000000a1d00000, 0x00000000a1e00000, 0x00000000a1e00000|100%| O|  |TAMS 0x00000000a1e00000, 0x00000000a1d00000| Untracked 
|  30|0x00000000a1e00000, 0x00000000a1f00000, 0x00000000a1f00000|100%| O|  |TAMS 0x00000000a1f00000, 0x00000000a1e00000| Untracked 
|  31|0x00000000a1f00000, 0x00000000a2000000, 0x00000000a2000000|100%| O|  |TAMS 0x00000000a2000000, 0x00000000a1f00000| Complete 
|  32|0x00000000a2000000, 0x00000000a2100000, 0x00000000a2100000|100%|HS|  |TAMS 0x00000000a2100000, 0x00000000a2000000| Complete 
|  33|0x00000000a2100000, 0x00000000a2200000, 0x00000000a2200000|100%|HC|  |TAMS 0x00000000a2200000, 0x00000000a2100000| Complete 
|  34|0x00000000a2200000, 0x00000000a2300000, 0x00000000a2300000|100%|HC|  |TAMS 0x00000000a2300000, 0x00000000a2200000| Complete 
|  35|0x00000000a2300000, 0x00000000a2400000, 0x00000000a2400000|100%|HS|  |TAMS 0x00000000a2400000, 0x00000000a2300000| Complete 
|  36|0x00000000a2400000, 0x00000000a2500000, 0x00000000a2500000|100%|HC|  |TAMS 0x00000000a2500000, 0x00000000a2400000| Complete 
|  37|0x00000000a2500000, 0x00000000a2600000, 0x00000000a2600000|100%|HC|  |TAMS 0x00000000a2600000, 0x00000000a2500000| Complete 
|  38|0x00000000a2600000, 0x00000000a2700000, 0x00000000a2700000|100%| O|  |TAMS 0x00000000a2700000, 0x00000000a2600000| Untracked 
|  39|0x00000000a2700000, 0x00000000a2800000, 0x00000000a2800000|100%| O|  |TAMS 0x00000000a2800000, 0x00000000a2700000| Untracked 
|  40|0x00000000a2800000, 0x00000000a2900000, 0x00000000a2900000|100%| O|  |TAMS 0x00000000a2900000, 0x00000000a2800000| Untracked 
|  41|0x00000000a2900000, 0x00000000a2a00000, 0x00000000a2a00000|100%| O|  |TAMS 0x00000000a2a00000, 0x00000000a2900000| Complete 
|  42|0x00000000a2a00000, 0x00000000a2b00000, 0x00000000a2b00000|100%| O|  |TAMS 0x00000000a2b00000, 0x00000000a2a00000| Untracked 
|  43|0x00000000a2b00000, 0x00000000a2c00000, 0x00000000a2c00000|100%| O|  |TAMS 0x00000000a2c00000, 0x00000000a2b00000| Untracked 
|  44|0x00000000a2c00000, 0x00000000a2d00000, 0x00000000a2d00000|100%| O|  |TAMS 0x00000000a2d00000, 0x00000000a2c00000| Untracked 
|  45|0x00000000a2d00000, 0x00000000a2e00000, 0x00000000a2e00000|100%| O|  |TAMS 0x00000000a2e00000, 0x00000000a2d00000| Untracked 
|  46|0x00000000a2e00000, 0x00000000a2f00000, 0x00000000a2f00000|100%| O|  |TAMS 0x00000000a2f00000, 0x00000000a2e00000| Complete 
|  47|0x00000000a2f00000, 0x00000000a3000000, 0x00000000a3000000|100%| O|  |TAMS 0x00000000a3000000, 0x00000000a2f00000| Complete 
|  48|0x00000000a3000000, 0x00000000a3100000, 0x00000000a3100000|100%| O|  |TAMS 0x00000000a3100000, 0x00000000a3000000| Untracked 
|  49|0x00000000a3100000, 0x00000000a3200000, 0x00000000a3200000|100%| O|  |TAMS 0x00000000a3200000, 0x00000000a3100000| Untracked 
|  50|0x00000000a3200000, 0x00000000a3300000, 0x00000000a3300000|100%| O|  |TAMS 0x00000000a3300000, 0x00000000a3200000| Untracked 
|  51|0x00000000a3300000, 0x00000000a3400000, 0x00000000a3400000|100%| O|  |TAMS 0x00000000a3400000, 0x00000000a3300000| Complete 
|  52|0x00000000a3400000, 0x00000000a3500000, 0x00000000a3500000|100%| O|  |TAMS 0x00000000a3500000, 0x00000000a3400000| Complete 
|  53|0x00000000a3500000, 0x00000000a3600000, 0x00000000a3600000|100%| O|  |TAMS 0x00000000a3600000, 0x00000000a3500000| Untracked 
|  54|0x00000000a3600000, 0x00000000a3700000, 0x00000000a3700000|100%| O|  |TAMS 0x00000000a3700000, 0x00000000a3600000| Complete 
|  55|0x00000000a3700000, 0x00000000a3800000, 0x00000000a3800000|100%| O|  |TAMS 0x00000000a3800000, 0x00000000a3700000| Untracked 
|  56|0x00000000a3800000, 0x00000000a3900000, 0x00000000a3900000|100%| O|  |TAMS 0x00000000a3900000, 0x00000000a3800000| Untracked 
|  57|0x00000000a3900000, 0x00000000a3a00000, 0x00000000a3a00000|100%| O|  |TAMS 0x00000000a3a00000, 0x00000000a3900000| Untracked 
|  58|0x00000000a3a00000, 0x00000000a3b00000, 0x00000000a3b00000|100%| O|  |TAMS 0x00000000a3b00000, 0x00000000a3a00000| Complete 
|  59|0x00000000a3b00000, 0x00000000a3c00000, 0x00000000a3c00000|100%| O|  |TAMS 0x00000000a3c00000, 0x00000000a3b00000| Complete 
|  60|0x00000000a3c00000, 0x00000000a3d00000, 0x00000000a3d00000|100%| O|  |TAMS 0x00000000a3d00000, 0x00000000a3c00000| Complete 
|  61|0x00000000a3d00000, 0x00000000a3e00000, 0x00000000a3e00000|100%| O|  |TAMS 0x00000000a3e00000, 0x00000000a3d00000| Untracked 
|  62|0x00000000a3e00000, 0x00000000a3f00000, 0x00000000a3f00000|100%| O|  |TAMS 0x00000000a3f00000, 0x00000000a3e00000| Complete 
|  63|0x00000000a3f00000, 0x00000000a4000000, 0x00000000a4000000|100%| O|  |TAMS 0x00000000a4000000, 0x00000000a3f00000| Untracked 
|  64|0x00000000a4000000, 0x00000000a4100000, 0x00000000a4100000|100%| O|  |TAMS 0x00000000a4100000, 0x00000000a4000000| Complete 
|  65|0x00000000a4100000, 0x00000000a4200000, 0x00000000a4200000|100%| O|  |TAMS 0x00000000a4200000, 0x00000000a4100000| Complete 
|  66|0x00000000a4200000, 0x00000000a4300000, 0x00000000a4300000|100%| O|  |TAMS 0x00000000a4300000, 0x00000000a4200000| Complete 
|  67|0x00000000a4300000, 0x00000000a4400000, 0x00000000a4400000|100%| O|  |TAMS 0x00000000a4400000, 0x00000000a4300000| Untracked 
|  68|0x00000000a4400000, 0x00000000a4500000, 0x00000000a4500000|100%| O|  |TAMS 0x00000000a4500000, 0x00000000a4400000| Untracked 
|  69|0x00000000a4500000, 0x00000000a4600000, 0x00000000a4600000|100%| O|  |TAMS 0x00000000a4600000, 0x00000000a4500000| Complete 
|  70|0x00000000a4600000, 0x00000000a4700000, 0x00000000a4700000|100%| O|  |TAMS 0x00000000a4700000, 0x00000000a4600000| Untracked 
|  71|0x00000000a4700000, 0x00000000a4800000, 0x00000000a4800000|100%| O|  |TAMS 0x00000000a4800000, 0x00000000a4700000| Untracked 
|  72|0x00000000a4800000, 0x00000000a4900000, 0x00000000a4900000|100%| O|  |TAMS 0x00000000a4900000, 0x00000000a4800000| Complete 
|  73|0x00000000a4900000, 0x00000000a4a00000, 0x00000000a4a00000|100%| O|  |TAMS 0x00000000a4a00000, 0x00000000a4900000| Complete 
|  74|0x00000000a4a00000, 0x00000000a4b00000, 0x00000000a4b00000|100%| O|  |TAMS 0x00000000a4b00000, 0x00000000a4a00000| Complete 
|  75|0x00000000a4b00000, 0x00000000a4c00000, 0x00000000a4c00000|100%| O|  |TAMS 0x00000000a4c00000, 0x00000000a4b00000| Complete 
|  76|0x00000000a4c00000, 0x00000000a4d00000, 0x00000000a4d00000|100%| O|  |TAMS 0x00000000a4d00000, 0x00000000a4c00000| Complete 
|  77|0x00000000a4d00000, 0x00000000a4e00000, 0x00000000a4e00000|100%| O|  |TAMS 0x00000000a4e00000, 0x00000000a4d00000| Complete 
|  78|0x00000000a4e00000, 0x00000000a4f00000, 0x00000000a4f00000|100%| O|  |TAMS 0x00000000a4f00000, 0x00000000a4e00000| Untracked 
|  79|0x00000000a4f00000, 0x00000000a5000000, 0x00000000a5000000|100%| O|  |TAMS 0x00000000a5000000, 0x00000000a4f00000| Complete 
|  80|0x00000000a5000000, 0x00000000a5100000, 0x00000000a5100000|100%| O|  |TAMS 0x00000000a5100000, 0x00000000a5000000| Complete 
|  81|0x00000000a5100000, 0x00000000a5200000, 0x00000000a5200000|100%| O|  |TAMS 0x00000000a5200000, 0x00000000a5100000| Untracked 
|  82|0x00000000a5200000, 0x00000000a5300000, 0x00000000a5300000|100%| O|  |TAMS 0x00000000a5300000, 0x00000000a5200000| Complete 
|  83|0x00000000a5300000, 0x00000000a5400000, 0x00000000a5400000|100%| O|  |TAMS 0x00000000a5400000, 0x00000000a5300000| Complete 
|  84|0x00000000a5400000, 0x00000000a5500000, 0x00000000a5500000|100%| O|  |TAMS 0x00000000a5500000, 0x00000000a5400000| Complete 
|  85|0x00000000a5500000, 0x00000000a5600000, 0x00000000a5600000|100%|HS|  |TAMS 0x00000000a5500000, 0x00000000a5500000| Complete 
|  86|0x00000000a5600000, 0x00000000a5700000, 0x00000000a5700000|100%|HC|  |TAMS 0x00000000a5600000, 0x00000000a5600000| Complete 
|  87|0x00000000a5700000, 0x00000000a5800000, 0x00000000a5800000|100%| O|  |TAMS 0x00000000a5800000, 0x00000000a5700000| Complete 
|  88|0x00000000a5800000, 0x00000000a5900000, 0x00000000a5900000|100%| O|  |TAMS 0x00000000a5900000, 0x00000000a5800000| Complete 
|  89|0x00000000a5900000, 0x00000000a5a00000, 0x00000000a5a00000|100%| O|  |TAMS 0x00000000a5a00000, 0x00000000a5900000| Complete 
|  90|0x00000000a5a00000, 0x00000000a5b00000, 0x00000000a5b00000|100%| O|  |TAMS 0x00000000a5b00000, 0x00000000a5a00000| Complete 
|  91|0x00000000a5b00000, 0x00000000a5c00000, 0x00000000a5c00000|100%| O|  |TAMS 0x00000000a5c00000, 0x00000000a5b00000| Complete 
|  92|0x00000000a5c00000, 0x00000000a5d00000, 0x00000000a5d00000|100%| O|  |TAMS 0x00000000a5d00000, 0x00000000a5c00000| Complete 
|  93|0x00000000a5d00000, 0x00000000a5d00000, 0x00000000a5e00000|  0%| F|  |TAMS 0x00000000a5d00000, 0x00000000a5d00000| Untracked 
|  94|0x00000000a5e00000, 0x00000000a5f00000, 0x00000000a5f00000|100%| O|  |TAMS 0x00000000a5f00000, 0x00000000a5e00000| Complete 
|  95|0x00000000a5f00000, 0x00000000a6000000, 0x00000000a6000000|100%| O|  |TAMS 0x00000000a6000000, 0x00000000a5f00000| Untracked 
|  96|0x00000000a6000000, 0x00000000a6000000, 0x00000000a6100000|  0%| F|  |TAMS 0x00000000a6000000, 0x00000000a6000000| Untracked 
|  97|0x00000000a6100000, 0x00000000a6200000, 0x00000000a6200000|100%| O|  |TAMS 0x00000000a6200000, 0x00000000a6100000| Untracked 
|  98|0x00000000a6200000, 0x00000000a6248400, 0x00000000a6300000| 28%| O|  |TAMS 0x00000000a6248400, 0x00000000a6200000| Untracked 
|  99|0x00000000a6300000, 0x00000000a6300000, 0x00000000a6400000|  0%| F|  |TAMS 0x00000000a6300000, 0x00000000a6300000| Untracked 
| 100|0x00000000a6400000, 0x00000000a6500000, 0x00000000a6500000|100%| O|  |TAMS 0x00000000a6500000, 0x00000000a6400000| Complete 
| 101|0x00000000a6500000, 0x00000000a6600000, 0x00000000a6600000|100%| O|  |TAMS 0x00000000a6600000, 0x00000000a6500000| Complete 
| 102|0x00000000a6600000, 0x00000000a6700000, 0x00000000a6700000|100%| O|  |TAMS 0x00000000a6700000, 0x00000000a6600000| Complete 
| 103|0x00000000a6700000, 0x00000000a6800000, 0x00000000a6800000|100%| O|  |TAMS 0x00000000a6800000, 0x00000000a6700000| Complete 
| 104|0x00000000a6800000, 0x00000000a6900000, 0x00000000a6900000|100%| O|  |TAMS 0x00000000a6900000, 0x00000000a6800000| Complete 
| 105|0x00000000a6900000, 0x00000000a6a00000, 0x00000000a6a00000|100%| O|  |TAMS 0x00000000a6a00000, 0x00000000a6900000| Complete 
| 106|0x00000000a6a00000, 0x00000000a6b00000, 0x00000000a6b00000|100%| O|  |TAMS 0x00000000a6b00000, 0x00000000a6a00000| Complete 
| 107|0x00000000a6b00000, 0x00000000a6c00000, 0x00000000a6c00000|100%| O|  |TAMS 0x00000000a6c00000, 0x00000000a6b00000| Complete 
| 108|0x00000000a6c00000, 0x00000000a6d00000, 0x00000000a6d00000|100%| O|  |TAMS 0x00000000a6d00000, 0x00000000a6c00000| Complete 
| 109|0x00000000a6d00000, 0x00000000a6e00000, 0x00000000a6e00000|100%| O|  |TAMS 0x00000000a6e00000, 0x00000000a6d00000| Complete 
| 110|0x00000000a6e00000, 0x00000000a6e00000, 0x00000000a6f00000|  0%| F|  |TAMS 0x00000000a6e00000, 0x00000000a6e00000| Untracked 
| 111|0x00000000a6f00000, 0x00000000a6f00000, 0x00000000a7000000|  0%| F|  |TAMS 0x00000000a6f00000, 0x00000000a6f00000| Untracked 
| 112|0x00000000a7000000, 0x00000000a7000000, 0x00000000a7100000|  0%| F|  |TAMS 0x00000000a7000000, 0x00000000a7000000| Untracked 
| 113|0x00000000a7100000, 0x00000000a7100000, 0x00000000a7200000|  0%| F|  |TAMS 0x00000000a7100000, 0x00000000a7100000| Untracked 
| 114|0x00000000a7200000, 0x00000000a7200000, 0x00000000a7300000|  0%| F|  |TAMS 0x00000000a7200000, 0x00000000a7200000| Untracked 
| 115|0x00000000a7300000, 0x00000000a7400000, 0x00000000a7400000|100%| O|  |TAMS 0x00000000a7400000, 0x00000000a7300000| Complete 
| 116|0x00000000a7400000, 0x00000000a7500000, 0x00000000a7500000|100%| O|  |TAMS 0x00000000a7500000, 0x00000000a7400000| Complete 
| 117|0x00000000a7500000, 0x00000000a7600000, 0x00000000a7600000|100%| O|  |TAMS 0x00000000a7600000, 0x00000000a7500000| Complete 
| 118|0x00000000a7600000, 0x00000000a7600000, 0x00000000a7700000|  0%| F|  |TAMS 0x00000000a7600000, 0x00000000a7600000| Untracked 
| 119|0x00000000a7700000, 0x00000000a7800000, 0x00000000a7800000|100%| O|  |TAMS 0x00000000a7800000, 0x00000000a7700000| Complete 
| 120|0x00000000a7800000, 0x00000000a7900000, 0x00000000a7900000|100%| O|  |TAMS 0x00000000a7900000, 0x00000000a7800000| Complete 
| 121|0x00000000a7900000, 0x00000000a7a00000, 0x00000000a7a00000|100%| O|  |TAMS 0x00000000a7a00000, 0x00000000a7900000| Complete 
| 122|0x00000000a7a00000, 0x00000000a7b00000, 0x00000000a7b00000|100%| O|  |TAMS 0x00000000a7b00000, 0x00000000a7a00000| Complete 
| 123|0x00000000a7b00000, 0x00000000a7c00000, 0x00000000a7c00000|100%| O|  |TAMS 0x00000000a7c00000, 0x00000000a7b00000| Complete 
| 124|0x00000000a7c00000, 0x00000000a7d00000, 0x00000000a7d00000|100%| O|  |TAMS 0x00000000a7d00000, 0x00000000a7c00000| Complete 
| 125|0x00000000a7d00000, 0x00000000a7e00000, 0x00000000a7e00000|100%| O|  |TAMS 0x00000000a7e00000, 0x00000000a7d00000| Complete 
| 126|0x00000000a7e00000, 0x00000000a7f00000, 0x00000000a7f00000|100%| O|  |TAMS 0x00000000a7f00000, 0x00000000a7e00000| Complete 
| 127|0x00000000a7f00000, 0x00000000a8000000, 0x00000000a8000000|100%| O|  |TAMS 0x00000000a8000000, 0x00000000a7f00000| Complete 
| 128|0x00000000a8000000, 0x00000000a8000000, 0x00000000a8100000|  0%| F|  |TAMS 0x00000000a8000000, 0x00000000a8000000| Untracked 
| 129|0x00000000a8100000, 0x00000000a8100000, 0x00000000a8200000|  0%| F|  |TAMS 0x00000000a8100000, 0x00000000a8100000| Untracked 
| 130|0x00000000a8200000, 0x00000000a8300000, 0x00000000a8300000|100%| O|  |TAMS 0x00000000a8300000, 0x00000000a8200000| Complete 
| 131|0x00000000a8300000, 0x00000000a8300000, 0x00000000a8400000|  0%| F|  |TAMS 0x00000000a8300000, 0x00000000a8300000| Untracked 
| 132|0x00000000a8400000, 0x00000000a8400000, 0x00000000a8500000|  0%| F|  |TAMS 0x00000000a8400000, 0x00000000a8400000| Untracked 
| 133|0x00000000a8500000, 0x00000000a8500000, 0x00000000a8600000|  0%| F|  |TAMS 0x00000000a8500000, 0x00000000a8500000| Untracked 
| 134|0x00000000a8600000, 0x00000000a8600000, 0x00000000a8700000|  0%| F|  |TAMS 0x00000000a8600000, 0x00000000a8600000| Untracked 
| 135|0x00000000a8700000, 0x00000000a8800000, 0x00000000a8800000|100%| O|  |TAMS 0x00000000a8800000, 0x00000000a8700000| Complete 
| 136|0x00000000a8800000, 0x00000000a8800000, 0x00000000a8900000|  0%| F|  |TAMS 0x00000000a8800000, 0x00000000a8800000| Untracked 
| 137|0x00000000a8900000, 0x00000000a8900000, 0x00000000a8a00000|  0%| F|  |TAMS 0x00000000a8900000, 0x00000000a8900000| Untracked 
| 138|0x00000000a8a00000, 0x00000000a8a00000, 0x00000000a8b00000|  0%| F|  |TAMS 0x00000000a8a00000, 0x00000000a8a00000| Untracked 
| 139|0x00000000a8b00000, 0x00000000a8b00000, 0x00000000a8c00000|  0%| F|  |TAMS 0x00000000a8b00000, 0x00000000a8b00000| Untracked 
| 140|0x00000000a8c00000, 0x00000000a8c00000, 0x00000000a8d00000|  0%| F|  |TAMS 0x00000000a8c00000, 0x00000000a8c00000| Untracked 
| 141|0x00000000a8d00000, 0x00000000a8d00000, 0x00000000a8e00000|  0%| F|  |TAMS 0x00000000a8d00000, 0x00000000a8d00000| Untracked 
| 142|0x00000000a8e00000, 0x00000000a8e00000, 0x00000000a8f00000|  0%| F|  |TAMS 0x00000000a8e00000, 0x00000000a8e00000| Untracked 
| 143|0x00000000a8f00000, 0x00000000a8f00000, 0x00000000a9000000|  0%| F|  |TAMS 0x00000000a8f00000, 0x00000000a8f00000| Untracked 
| 144|0x00000000a9000000, 0x00000000a9000000, 0x00000000a9100000|  0%| F|  |TAMS 0x00000000a9000000, 0x00000000a9000000| Untracked 
| 145|0x00000000a9100000, 0x00000000a9100000, 0x00000000a9200000|  0%| F|  |TAMS 0x00000000a9100000, 0x00000000a9100000| Untracked 
| 146|0x00000000a9200000, 0x00000000a9200000, 0x00000000a9300000|  0%| F|  |TAMS 0x00000000a9200000, 0x00000000a9200000| Untracked 
| 147|0x00000000a9300000, 0x00000000a9300000, 0x00000000a9400000|  0%| F|  |TAMS 0x00000000a9300000, 0x00000000a9300000| Untracked 
| 148|0x00000000a9400000, 0x00000000a9400000, 0x00000000a9500000|  0%| F|  |TAMS 0x00000000a9400000, 0x00000000a9400000| Untracked 
| 149|0x00000000a9500000, 0x00000000a9500000, 0x00000000a9600000|  0%| F|  |TAMS 0x00000000a9500000, 0x00000000a9500000| Untracked 
| 150|0x00000000a9600000, 0x00000000a9600000, 0x00000000a9700000|  0%| F|  |TAMS 0x00000000a9600000, 0x00000000a9600000| Untracked 
| 151|0x00000000a9700000, 0x00000000a9700000, 0x00000000a9800000|  0%| F|  |TAMS 0x00000000a9700000, 0x00000000a9700000| Untracked 
| 152|0x00000000a9800000, 0x00000000a9800000, 0x00000000a9900000|  0%| F|  |TAMS 0x00000000a9800000, 0x00000000a9800000| Untracked 
| 153|0x00000000a9900000, 0x00000000a9900000, 0x00000000a9a00000|  0%| F|  |TAMS 0x00000000a9900000, 0x00000000a9900000| Untracked 
| 154|0x00000000a9a00000, 0x00000000a9a00000, 0x00000000a9b00000|  0%| F|  |TAMS 0x00000000a9a00000, 0x00000000a9a00000| Untracked 
| 155|0x00000000a9b00000, 0x00000000a9b00000, 0x00000000a9c00000|  0%| F|  |TAMS 0x00000000a9b00000, 0x00000000a9b00000| Untracked 
| 156|0x00000000a9c00000, 0x00000000a9c00000, 0x00000000a9d00000|  0%| F|  |TAMS 0x00000000a9c00000, 0x00000000a9c00000| Untracked 
| 157|0x00000000a9d00000, 0x00000000a9d00000, 0x00000000a9e00000|  0%| F|  |TAMS 0x00000000a9d00000, 0x00000000a9d00000| Untracked 
| 158|0x00000000a9e00000, 0x00000000a9e00000, 0x00000000a9f00000|  0%| F|  |TAMS 0x00000000a9e00000, 0x00000000a9e00000| Untracked 
| 159|0x00000000a9f00000, 0x00000000a9f00000, 0x00000000aa000000|  0%| F|  |TAMS 0x00000000a9f00000, 0x00000000a9f00000| Untracked 
| 160|0x00000000aa000000, 0x00000000aa000000, 0x00000000aa100000|  0%| F|  |TAMS 0x00000000aa000000, 0x00000000aa000000| Untracked 
| 161|0x00000000aa100000, 0x00000000aa100000, 0x00000000aa200000|  0%| F|  |TAMS 0x00000000aa100000, 0x00000000aa100000| Untracked 
| 162|0x00000000aa200000, 0x00000000aa200000, 0x00000000aa300000|  0%| F|  |TAMS 0x00000000aa200000, 0x00000000aa200000| Untracked 
| 163|0x00000000aa300000, 0x00000000aa300000, 0x00000000aa400000|  0%| F|  |TAMS 0x00000000aa300000, 0x00000000aa300000| Untracked 
| 164|0x00000000aa400000, 0x00000000aa400000, 0x00000000aa500000|  0%| F|  |TAMS 0x00000000aa400000, 0x00000000aa400000| Untracked 
| 165|0x00000000aa500000, 0x00000000aa500000, 0x00000000aa600000|  0%| F|  |TAMS 0x00000000aa500000, 0x00000000aa500000| Untracked 
| 166|0x00000000aa600000, 0x00000000aa700000, 0x00000000aa700000|100%| O|  |TAMS 0x00000000aa700000, 0x00000000aa600000| Complete 
| 167|0x00000000aa700000, 0x00000000aa700000, 0x00000000aa800000|  0%| F|  |TAMS 0x00000000aa700000, 0x00000000aa700000| Untracked 
| 168|0x00000000aa800000, 0x00000000aa800000, 0x00000000aa900000|  0%| F|  |TAMS 0x00000000aa800000, 0x00000000aa800000| Untracked 
| 169|0x00000000aa900000, 0x00000000aa900000, 0x00000000aaa00000|  0%| F|  |TAMS 0x00000000aa900000, 0x00000000aa900000| Untracked 
| 170|0x00000000aaa00000, 0x00000000aaa00000, 0x00000000aab00000|  0%| F|  |TAMS 0x00000000aaa00000, 0x00000000aaa00000| Untracked 
| 171|0x00000000aab00000, 0x00000000aab00000, 0x00000000aac00000|  0%| F|  |TAMS 0x00000000aab00000, 0x00000000aab00000| Untracked 
| 172|0x00000000aac00000, 0x00000000aac00000, 0x00000000aad00000|  0%| F|  |TAMS 0x00000000aac00000, 0x00000000aac00000| Untracked 
| 173|0x00000000aad00000, 0x00000000aad00000, 0x00000000aae00000|  0%| F|  |TAMS 0x00000000aad00000, 0x00000000aad00000| Untracked 
| 174|0x00000000aae00000, 0x00000000aae00000, 0x00000000aaf00000|  0%| F|  |TAMS 0x00000000aae00000, 0x00000000aae00000| Untracked 
| 175|0x00000000aaf00000, 0x00000000aaf00000, 0x00000000ab000000|  0%| F|  |TAMS 0x00000000aaf00000, 0x00000000aaf00000| Untracked 
| 176|0x00000000ab000000, 0x00000000ab000000, 0x00000000ab100000|  0%| F|  |TAMS 0x00000000ab000000, 0x00000000ab000000| Untracked 
| 177|0x00000000ab100000, 0x00000000ab100000, 0x00000000ab200000|  0%| F|  |TAMS 0x00000000ab100000, 0x00000000ab100000| Untracked 
| 178|0x00000000ab200000, 0x00000000ab200000, 0x00000000ab300000|  0%| F|  |TAMS 0x00000000ab200000, 0x00000000ab200000| Untracked 
| 179|0x00000000ab300000, 0x00000000ab300000, 0x00000000ab400000|  0%| F|  |TAMS 0x00000000ab300000, 0x00000000ab300000| Untracked 
| 180|0x00000000ab400000, 0x00000000ab400000, 0x00000000ab500000|  0%| F|  |TAMS 0x00000000ab400000, 0x00000000ab400000| Untracked 
| 181|0x00000000ab500000, 0x00000000ab500000, 0x00000000ab600000|  0%| F|  |TAMS 0x00000000ab500000, 0x00000000ab500000| Untracked 
| 182|0x00000000ab600000, 0x00000000ab600000, 0x00000000ab700000|  0%| F|  |TAMS 0x00000000ab600000, 0x00000000ab600000| Untracked 
| 183|0x00000000ab700000, 0x00000000ab700000, 0x00000000ab800000|  0%| F|  |TAMS 0x00000000ab700000, 0x00000000ab700000| Untracked 
| 184|0x00000000ab800000, 0x00000000ab800000, 0x00000000ab900000|  0%| F|  |TAMS 0x00000000ab800000, 0x00000000ab800000| Untracked 
| 185|0x00000000ab900000, 0x00000000ab900000, 0x00000000aba00000|  0%| F|  |TAMS 0x00000000ab900000, 0x00000000ab900000| Untracked 
| 186|0x00000000aba00000, 0x00000000aba00000, 0x00000000abb00000|  0%| F|  |TAMS 0x00000000aba00000, 0x00000000aba00000| Untracked 
| 187|0x00000000abb00000, 0x00000000abb00000, 0x00000000abc00000|  0%| F|  |TAMS 0x00000000abb00000, 0x00000000abb00000| Untracked 
| 188|0x00000000abc00000, 0x00000000abc00000, 0x00000000abd00000|  0%| F|  |TAMS 0x00000000abc00000, 0x00000000abc00000| Untracked 
| 189|0x00000000abd00000, 0x00000000abd00000, 0x00000000abe00000|  0%| F|  |TAMS 0x00000000abd00000, 0x00000000abd00000| Untracked 
| 190|0x00000000abe00000, 0x00000000abe00000, 0x00000000abf00000|  0%| F|  |TAMS 0x00000000abe00000, 0x00000000abe00000| Untracked 
| 191|0x00000000abf00000, 0x00000000abf00000, 0x00000000ac000000|  0%| F|  |TAMS 0x00000000abf00000, 0x00000000abf00000| Untracked 
| 192|0x00000000ac000000, 0x00000000ac000000, 0x00000000ac100000|  0%| F|  |TAMS 0x00000000ac000000, 0x00000000ac000000| Untracked 
| 193|0x00000000ac100000, 0x00000000ac100000, 0x00000000ac200000|  0%| F|  |TAMS 0x00000000ac100000, 0x00000000ac100000| Untracked 
| 194|0x00000000ac200000, 0x00000000ac200000, 0x00000000ac300000|  0%| F|  |TAMS 0x00000000ac200000, 0x00000000ac200000| Untracked 
| 195|0x00000000ac300000, 0x00000000ac300000, 0x00000000ac400000|  0%| F|  |TAMS 0x00000000ac300000, 0x00000000ac300000| Untracked 
| 196|0x00000000ac400000, 0x00000000ac400000, 0x00000000ac500000|  0%| F|  |TAMS 0x00000000ac400000, 0x00000000ac400000| Untracked 
| 197|0x00000000ac500000, 0x00000000ac500000, 0x00000000ac600000|  0%| F|  |TAMS 0x00000000ac500000, 0x00000000ac500000| Untracked 
| 198|0x00000000ac600000, 0x00000000ac600000, 0x00000000ac700000|  0%| F|  |TAMS 0x00000000ac600000, 0x00000000ac600000| Untracked 
| 199|0x00000000ac700000, 0x00000000ac700000, 0x00000000ac800000|  0%| F|  |TAMS 0x00000000ac700000, 0x00000000ac700000| Untracked 
| 200|0x00000000ac800000, 0x00000000ac800000, 0x00000000ac900000|  0%| F|  |TAMS 0x00000000ac800000, 0x00000000ac800000| Untracked 
| 201|0x00000000ac900000, 0x00000000ac900000, 0x00000000aca00000|  0%| F|  |TAMS 0x00000000ac900000, 0x00000000ac900000| Untracked 
| 202|0x00000000aca00000, 0x00000000aca00000, 0x00000000acb00000|  0%| F|  |TAMS 0x00000000aca00000, 0x00000000aca00000| Untracked 
| 203|0x00000000acb00000, 0x00000000acb00000, 0x00000000acc00000|  0%| F|  |TAMS 0x00000000acb00000, 0x00000000acb00000| Untracked 
| 204|0x00000000acc00000, 0x00000000acc00000, 0x00000000acd00000|  0%| F|  |TAMS 0x00000000acc00000, 0x00000000acc00000| Untracked 
| 205|0x00000000acd00000, 0x00000000acd00000, 0x00000000ace00000|  0%| F|  |TAMS 0x00000000acd00000, 0x00000000acd00000| Untracked 
| 206|0x00000000ace00000, 0x00000000ace00000, 0x00000000acf00000|  0%| F|  |TAMS 0x00000000ace00000, 0x00000000ace00000| Untracked 
| 207|0x00000000acf00000, 0x00000000acf00000, 0x00000000ad000000|  0%| F|  |TAMS 0x00000000acf00000, 0x00000000acf00000| Untracked 
| 208|0x00000000ad000000, 0x00000000ad000000, 0x00000000ad100000|  0%| F|  |TAMS 0x00000000ad000000, 0x00000000ad000000| Untracked 
| 209|0x00000000ad100000, 0x00000000ad100000, 0x00000000ad200000|  0%| F|  |TAMS 0x00000000ad100000, 0x00000000ad100000| Untracked 
| 210|0x00000000ad200000, 0x00000000ad200000, 0x00000000ad300000|  0%| F|  |TAMS 0x00000000ad200000, 0x00000000ad200000| Untracked 
| 211|0x00000000ad300000, 0x00000000ad300000, 0x00000000ad400000|  0%| F|  |TAMS 0x00000000ad300000, 0x00000000ad300000| Untracked 
| 212|0x00000000ad400000, 0x00000000ad400000, 0x00000000ad500000|  0%| F|  |TAMS 0x00000000ad400000, 0x00000000ad400000| Untracked 
| 213|0x00000000ad500000, 0x00000000ad500000, 0x00000000ad600000|  0%| F|  |TAMS 0x00000000ad500000, 0x00000000ad500000| Untracked 
| 214|0x00000000ad600000, 0x00000000ad64e150, 0x00000000ad700000| 30%| S|CS|TAMS 0x00000000ad600000, 0x00000000ad600000| Complete 
| 215|0x00000000ad700000, 0x00000000ad800000, 0x00000000ad800000|100%| S|CS|TAMS 0x00000000ad700000, 0x00000000ad700000| Complete 
| 216|0x00000000ad800000, 0x00000000ad900000, 0x00000000ad900000|100%| S|CS|TAMS 0x00000000ad800000, 0x00000000ad800000| Complete 
| 217|0x00000000ad900000, 0x00000000ada00000, 0x00000000ada00000|100%| S|CS|TAMS 0x00000000ad900000, 0x00000000ad900000| Complete 
| 218|0x00000000ada00000, 0x00000000adb00000, 0x00000000adb00000|100%| S|CS|TAMS 0x00000000ada00000, 0x00000000ada00000| Complete 
| 219|0x00000000adb00000, 0x00000000adb00000, 0x00000000adc00000|  0%| F|  |TAMS 0x00000000adb00000, 0x00000000adb00000| Untracked 
| 220|0x00000000adc00000, 0x00000000adc00000, 0x00000000add00000|  0%| F|  |TAMS 0x00000000adc00000, 0x00000000adc00000| Untracked 
| 221|0x00000000add00000, 0x00000000add00000, 0x00000000ade00000|  0%| F|  |TAMS 0x00000000add00000, 0x00000000add00000| Untracked 
| 222|0x00000000ade00000, 0x00000000ade00000, 0x00000000adf00000|  0%| F|  |TAMS 0x00000000ade00000, 0x00000000ade00000| Untracked 
| 223|0x00000000adf00000, 0x00000000adf00000, 0x00000000ae000000|  0%| F|  |TAMS 0x00000000adf00000, 0x00000000adf00000| Untracked 
| 224|0x00000000ae000000, 0x00000000ae000000, 0x00000000ae100000|  0%| F|  |TAMS 0x00000000ae000000, 0x00000000ae000000| Untracked 
| 225|0x00000000ae100000, 0x00000000ae100000, 0x00000000ae200000|  0%| F|  |TAMS 0x00000000ae100000, 0x00000000ae100000| Untracked 
| 226|0x00000000ae200000, 0x00000000ae200000, 0x00000000ae300000|  0%| F|  |TAMS 0x00000000ae200000, 0x00000000ae200000| Untracked 
| 227|0x00000000ae300000, 0x00000000ae300000, 0x00000000ae400000|  0%| F|  |TAMS 0x00000000ae300000, 0x00000000ae300000| Untracked 
| 228|0x00000000ae400000, 0x00000000ae400000, 0x00000000ae500000|  0%| F|  |TAMS 0x00000000ae400000, 0x00000000ae400000| Untracked 
| 229|0x00000000ae500000, 0x00000000ae500000, 0x00000000ae600000|  0%| F|  |TAMS 0x00000000ae500000, 0x00000000ae500000| Untracked 
| 230|0x00000000ae600000, 0x00000000ae600000, 0x00000000ae700000|  0%| F|  |TAMS 0x00000000ae600000, 0x00000000ae600000| Untracked 
| 231|0x00000000ae700000, 0x00000000ae700000, 0x00000000ae800000|  0%| F|  |TAMS 0x00000000ae700000, 0x00000000ae700000| Untracked 
| 232|0x00000000ae800000, 0x00000000ae800000, 0x00000000ae900000|  0%| F|  |TAMS 0x00000000ae800000, 0x00000000ae800000| Untracked 
| 233|0x00000000ae900000, 0x00000000ae900000, 0x00000000aea00000|  0%| F|  |TAMS 0x00000000ae900000, 0x00000000ae900000| Untracked 
| 234|0x00000000aea00000, 0x00000000aea47158, 0x00000000aeb00000| 27%| E|  |TAMS 0x00000000aea00000, 0x00000000aea00000| Complete 
| 235|0x00000000aeb00000, 0x00000000aec00000, 0x00000000aec00000|100%| E|CS|TAMS 0x00000000aeb00000, 0x00000000aeb00000| Complete 
| 236|0x00000000aec00000, 0x00000000aed00000, 0x00000000aed00000|100%| E|CS|TAMS 0x00000000aec00000, 0x00000000aec00000| Complete 
| 237|0x00000000aed00000, 0x00000000aee00000, 0x00000000aee00000|100%| E|CS|TAMS 0x00000000aed00000, 0x00000000aed00000| Complete 
| 238|0x00000000aee00000, 0x00000000aef00000, 0x00000000aef00000|100%| E|CS|TAMS 0x00000000aee00000, 0x00000000aee00000| Complete 
| 239|0x00000000aef00000, 0x00000000af000000, 0x00000000af000000|100%| E|CS|TAMS 0x00000000aef00000, 0x00000000aef00000| Complete 
| 240|0x00000000af000000, 0x00000000af100000, 0x00000000af100000|100%| E|CS|TAMS 0x00000000af000000, 0x00000000af000000| Complete 
| 241|0x00000000af100000, 0x00000000af200000, 0x00000000af200000|100%| E|CS|TAMS 0x00000000af100000, 0x00000000af100000| Complete 
| 242|0x00000000af200000, 0x00000000af300000, 0x00000000af300000|100%| E|CS|TAMS 0x00000000af200000, 0x00000000af200000| Complete 
| 243|0x00000000af300000, 0x00000000af400000, 0x00000000af400000|100%| E|CS|TAMS 0x00000000af300000, 0x00000000af300000| Complete 
| 244|0x00000000af400000, 0x00000000af500000, 0x00000000af500000|100%| E|CS|TAMS 0x00000000af400000, 0x00000000af400000| Complete 
| 245|0x00000000af500000, 0x00000000af600000, 0x00000000af600000|100%| E|CS|TAMS 0x00000000af500000, 0x00000000af500000| Complete 
| 246|0x00000000af600000, 0x00000000af700000, 0x00000000af700000|100%| E|CS|TAMS 0x00000000af600000, 0x00000000af600000| Complete 
| 247|0x00000000af700000, 0x00000000af800000, 0x00000000af800000|100%| E|CS|TAMS 0x00000000af700000, 0x00000000af700000| Complete 
| 248|0x00000000af800000, 0x00000000af900000, 0x00000000af900000|100%| E|CS|TAMS 0x00000000af800000, 0x00000000af800000| Complete 
| 249|0x00000000af900000, 0x00000000afa00000, 0x00000000afa00000|100%| E|CS|TAMS 0x00000000af900000, 0x00000000af900000| Complete 
| 250|0x00000000afa00000, 0x00000000afb00000, 0x00000000afb00000|100%| E|CS|TAMS 0x00000000afa00000, 0x00000000afa00000| Complete 
| 251|0x00000000afb00000, 0x00000000afc00000, 0x00000000afc00000|100%| E|CS|TAMS 0x00000000afb00000, 0x00000000afb00000| Complete 
| 252|0x00000000afc00000, 0x00000000afd00000, 0x00000000afd00000|100%| E|CS|TAMS 0x00000000afc00000, 0x00000000afc00000| Complete 
| 253|0x00000000afd00000, 0x00000000afe00000, 0x00000000afe00000|100%| E|CS|TAMS 0x00000000afd00000, 0x00000000afd00000| Complete 
| 254|0x00000000afe00000, 0x00000000aff00000, 0x00000000aff00000|100%| E|CS|TAMS 0x00000000afe00000, 0x00000000afe00000| Complete 
| 255|0x00000000aff00000, 0x00000000b0000000, 0x00000000b0000000|100%| E|CS|TAMS 0x00000000aff00000, 0x00000000aff00000| Complete 
| 256|0x00000000b0000000, 0x00000000b0100000, 0x00000000b0100000|100%| E|CS|TAMS 0x00000000b0000000, 0x00000000b0000000| Complete 
| 257|0x00000000b0100000, 0x00000000b0200000, 0x00000000b0200000|100%| E|CS|TAMS 0x00000000b0100000, 0x00000000b0100000| Complete 
| 258|0x00000000b0200000, 0x00000000b0300000, 0x00000000b0300000|100%| E|CS|TAMS 0x00000000b0200000, 0x00000000b0200000| Complete 
| 259|0x00000000b0300000, 0x00000000b0400000, 0x00000000b0400000|100%| E|CS|TAMS 0x00000000b0300000, 0x00000000b0300000| Complete 
| 260|0x00000000b0400000, 0x00000000b0500000, 0x00000000b0500000|100%| E|CS|TAMS 0x00000000b0400000, 0x00000000b0400000| Complete 
| 261|0x00000000b0500000, 0x00000000b0600000, 0x00000000b0600000|100%| E|CS|TAMS 0x00000000b0500000, 0x00000000b0500000| Complete 
| 262|0x00000000b0600000, 0x00000000b0700000, 0x00000000b0700000|100%| E|CS|TAMS 0x00000000b0600000, 0x00000000b0600000| Complete 
| 263|0x00000000b0700000, 0x00000000b0800000, 0x00000000b0800000|100%| E|CS|TAMS 0x00000000b0700000, 0x00000000b0700000| Complete 
| 264|0x00000000b0800000, 0x00000000b0900000, 0x00000000b0900000|100%| E|CS|TAMS 0x00000000b0800000, 0x00000000b0800000| Complete 
| 265|0x00000000b0900000, 0x00000000b0a00000, 0x00000000b0a00000|100%| E|CS|TAMS 0x00000000b0900000, 0x00000000b0900000| Complete 
| 266|0x00000000b0a00000, 0x00000000b0b00000, 0x00000000b0b00000|100%| E|CS|TAMS 0x00000000b0a00000, 0x00000000b0a00000| Complete 
| 267|0x00000000b0b00000, 0x00000000b0c00000, 0x00000000b0c00000|100%| E|CS|TAMS 0x00000000b0b00000, 0x00000000b0b00000| Complete 
| 268|0x00000000b0c00000, 0x00000000b0d00000, 0x00000000b0d00000|100%| E|CS|TAMS 0x00000000b0c00000, 0x00000000b0c00000| Complete 
| 269|0x00000000b0d00000, 0x00000000b0e00000, 0x00000000b0e00000|100%| E|CS|TAMS 0x00000000b0d00000, 0x00000000b0d00000| Complete 
| 270|0x00000000b0e00000, 0x00000000b0f00000, 0x00000000b0f00000|100%| E|CS|TAMS 0x00000000b0e00000, 0x00000000b0e00000| Complete 
| 271|0x00000000b0f00000, 0x00000000b1000000, 0x00000000b1000000|100%| E|CS|TAMS 0x00000000b0f00000, 0x00000000b0f00000| Complete 
| 272|0x00000000b1000000, 0x00000000b1100000, 0x00000000b1100000|100%| E|CS|TAMS 0x00000000b1000000, 0x00000000b1000000| Complete 
| 273|0x00000000b1100000, 0x00000000b1200000, 0x00000000b1200000|100%| E|CS|TAMS 0x00000000b1100000, 0x00000000b1100000| Complete 
| 274|0x00000000b1200000, 0x00000000b1300000, 0x00000000b1300000|100%| E|CS|TAMS 0x00000000b1200000, 0x00000000b1200000| Complete 
| 275|0x00000000b1300000, 0x00000000b1400000, 0x00000000b1400000|100%| E|CS|TAMS 0x00000000b1300000, 0x00000000b1300000| Complete 
| 276|0x00000000b1400000, 0x00000000b1500000, 0x00000000b1500000|100%| E|CS|TAMS 0x00000000b1400000, 0x00000000b1400000| Complete 
| 277|0x00000000b1500000, 0x00000000b1600000, 0x00000000b1600000|100%| E|CS|TAMS 0x00000000b1500000, 0x00000000b1500000| Complete 
| 278|0x00000000b1600000, 0x00000000b1700000, 0x00000000b1700000|100%| E|CS|TAMS 0x00000000b1600000, 0x00000000b1600000| Complete 
| 279|0x00000000b1700000, 0x00000000b1800000, 0x00000000b1800000|100%| E|CS|TAMS 0x00000000b1700000, 0x00000000b1700000| Complete 
| 280|0x00000000b1800000, 0x00000000b1900000, 0x00000000b1900000|100%| E|CS|TAMS 0x00000000b1800000, 0x00000000b1800000| Complete 
| 281|0x00000000b1900000, 0x00000000b1a00000, 0x00000000b1a00000|100%| E|CS|TAMS 0x00000000b1900000, 0x00000000b1900000| Complete 
| 282|0x00000000b1a00000, 0x00000000b1b00000, 0x00000000b1b00000|100%| E|CS|TAMS 0x00000000b1a00000, 0x00000000b1a00000| Complete 
| 283|0x00000000b1b00000, 0x00000000b1c00000, 0x00000000b1c00000|100%| E|CS|TAMS 0x00000000b1b00000, 0x00000000b1b00000| Complete 
| 284|0x00000000b1c00000, 0x00000000b1d00000, 0x00000000b1d00000|100%| E|CS|TAMS 0x00000000b1c00000, 0x00000000b1c00000| Complete 
| 285|0x00000000b1d00000, 0x00000000b1e00000, 0x00000000b1e00000|100%| E|CS|TAMS 0x00000000b1d00000, 0x00000000b1d00000| Complete 
| 286|0x00000000b1e00000, 0x00000000b1f00000, 0x00000000b1f00000|100%| E|CS|TAMS 0x00000000b1e00000, 0x00000000b1e00000| Complete 
| 287|0x00000000b1f00000, 0x00000000b2000000, 0x00000000b2000000|100%| E|CS|TAMS 0x00000000b1f00000, 0x00000000b1f00000| Complete 
| 288|0x00000000b2000000, 0x00000000b2100000, 0x00000000b2100000|100%| E|CS|TAMS 0x00000000b2000000, 0x00000000b2000000| Complete 
| 289|0x00000000b2100000, 0x00000000b2200000, 0x00000000b2200000|100%| E|CS|TAMS 0x00000000b2100000, 0x00000000b2100000| Complete 
| 290|0x00000000b2200000, 0x00000000b2300000, 0x00000000b2300000|100%| E|CS|TAMS 0x00000000b2200000, 0x00000000b2200000| Complete 
| 291|0x00000000b2300000, 0x00000000b2400000, 0x00000000b2400000|100%| E|CS|TAMS 0x00000000b2300000, 0x00000000b2300000| Complete 
| 292|0x00000000b2400000, 0x00000000b2500000, 0x00000000b2500000|100%| E|CS|TAMS 0x00000000b2400000, 0x00000000b2400000| Complete 
| 293|0x00000000b2500000, 0x00000000b2600000, 0x00000000b2600000|100%| E|CS|TAMS 0x00000000b2500000, 0x00000000b2500000| Complete 
| 294|0x00000000b2600000, 0x00000000b2700000, 0x00000000b2700000|100%| E|CS|TAMS 0x00000000b2600000, 0x00000000b2600000| Complete 
| 295|0x00000000b2700000, 0x00000000b2800000, 0x00000000b2800000|100%| E|CS|TAMS 0x00000000b2700000, 0x00000000b2700000| Complete 
| 296|0x00000000b2800000, 0x00000000b2900000, 0x00000000b2900000|100%| E|CS|TAMS 0x00000000b2800000, 0x00000000b2800000| Complete 
| 297|0x00000000b2900000, 0x00000000b2a00000, 0x00000000b2a00000|100%| E|CS|TAMS 0x00000000b2900000, 0x00000000b2900000| Complete 
| 298|0x00000000b2a00000, 0x00000000b2b00000, 0x00000000b2b00000|100%| E|CS|TAMS 0x00000000b2a00000, 0x00000000b2a00000| Complete 
| 299|0x00000000b2b00000, 0x00000000b2c00000, 0x00000000b2c00000|100%| E|CS|TAMS 0x00000000b2b00000, 0x00000000b2b00000| Complete 
| 300|0x00000000b2c00000, 0x00000000b2d00000, 0x00000000b2d00000|100%| E|CS|TAMS 0x00000000b2c00000, 0x00000000b2c00000| Complete 
| 301|0x00000000b2d00000, 0x00000000b2e00000, 0x00000000b2e00000|100%| E|CS|TAMS 0x00000000b2d00000, 0x00000000b2d00000| Complete 
| 302|0x00000000b2e00000, 0x00000000b2f00000, 0x00000000b2f00000|100%| E|CS|TAMS 0x00000000b2e00000, 0x00000000b2e00000| Complete 
| 303|0x00000000b2f00000, 0x00000000b3000000, 0x00000000b3000000|100%| E|CS|TAMS 0x00000000b2f00000, 0x00000000b2f00000| Complete 
| 304|0x00000000b3000000, 0x00000000b3100000, 0x00000000b3100000|100%| E|CS|TAMS 0x00000000b3000000, 0x00000000b3000000| Complete 
| 305|0x00000000b3100000, 0x00000000b3200000, 0x00000000b3200000|100%| E|CS|TAMS 0x00000000b3100000, 0x00000000b3100000| Complete 
| 306|0x00000000b3200000, 0x00000000b3300000, 0x00000000b3300000|100%| E|CS|TAMS 0x00000000b3200000, 0x00000000b3200000| Complete 
| 307|0x00000000b3300000, 0x00000000b3400000, 0x00000000b3400000|100%| E|CS|TAMS 0x00000000b3300000, 0x00000000b3300000| Complete 
| 308|0x00000000b3400000, 0x00000000b3500000, 0x00000000b3500000|100%| E|CS|TAMS 0x00000000b3400000, 0x00000000b3400000| Complete 
| 309|0x00000000b3500000, 0x00000000b3600000, 0x00000000b3600000|100%| E|CS|TAMS 0x00000000b3500000, 0x00000000b3500000| Complete 
| 310|0x00000000b3600000, 0x00000000b3700000, 0x00000000b3700000|100%| E|CS|TAMS 0x00000000b3600000, 0x00000000b3600000| Complete 
| 311|0x00000000b3700000, 0x00000000b3800000, 0x00000000b3800000|100%| E|CS|TAMS 0x00000000b3700000, 0x00000000b3700000| Complete 
| 312|0x00000000b3800000, 0x00000000b3900000, 0x00000000b3900000|100%| E|CS|TAMS 0x00000000b3800000, 0x00000000b3800000| Complete 
| 313|0x00000000b3900000, 0x00000000b3a00000, 0x00000000b3a00000|100%| E|CS|TAMS 0x00000000b3900000, 0x00000000b3900000| Complete 
| 314|0x00000000b3a00000, 0x00000000b3b00000, 0x00000000b3b00000|100%| E|CS|TAMS 0x00000000b3a00000, 0x00000000b3a00000| Complete 
| 315|0x00000000b3b00000, 0x00000000b3c00000, 0x00000000b3c00000|100%| E|CS|TAMS 0x00000000b3b00000, 0x00000000b3b00000| Complete 
| 316|0x00000000b3c00000, 0x00000000b3d00000, 0x00000000b3d00000|100%| E|CS|TAMS 0x00000000b3c00000, 0x00000000b3c00000| Complete 
| 317|0x00000000b3d00000, 0x00000000b3e00000, 0x00000000b3e00000|100%| E|CS|TAMS 0x00000000b3d00000, 0x00000000b3d00000| Complete 
| 318|0x00000000b3e00000, 0x00000000b3f00000, 0x00000000b3f00000|100%| E|CS|TAMS 0x00000000b3e00000, 0x00000000b3e00000| Complete 
| 319|0x00000000b3f00000, 0x00000000b4000000, 0x00000000b4000000|100%| E|CS|TAMS 0x00000000b3f00000, 0x00000000b3f00000| Complete 

Card table byte_map: [0x000001e4bb230000,0x000001e4bb530000] _byte_map_base: 0x000001e4bad30000

Marking Bits (Prev, Next): (CMBitMap*) 0x000001e4a79f1668, (CMBitMap*) 0x000001e4a79f16a0
 Prev Bits: [0x000001e4bb830000, 0x000001e4bd030000)
 Next Bits: [0x000001e4bd030000, 0x000001e4be830000)

Polling page: 0x000001e4a61e0000

Metaspace:

Usage:
  Non-class:    100.32 MB capacity,    98.44 MB ( 98%) used,     1.61 MB (  2%) free+waste,   287.50 KB ( <1%) overhead. 
      Class:     14.40 MB capacity,    13.48 MB ( 94%) used,   818.50 KB (  6%) free+waste,   124.88 KB ( <1%) overhead. 
       Both:    114.73 MB capacity,   111.92 MB ( 98%) used,     2.40 MB (  2%) free+waste,   412.38 KB ( <1%) overhead. 

Virtual space:
  Non-class space:      102.00 MB reserved,     100.56 MB ( 99%) committed 
      Class space:        1.00 GB reserved,      14.61 MB (  1%) committed 
             Both:        1.10 GB reserved,     115.16 MB ( 10%) committed 

Chunk freelists:
   Non-Class:  50.00 KB
       Class:  99.00 KB
        Both:  149.00 KB

MaxMetaspaceSize: 17179869184.00 GB
CompressedClassSpaceSize: 1.00 GB

CodeHeap 'non-profiled nmethods': size=120000Kb used=7739Kb max_used=7739Kb free=112260Kb
 bounds [0x000001e4b2f90000, 0x000001e4b3720000, 0x000001e4ba4c0000]
CodeHeap 'profiled nmethods': size=120000Kb used=36292Kb max_used=36292Kb free=83707Kb
 bounds [0x000001e4aba60000, 0x000001e4adde0000, 0x000001e4b2f90000]
CodeHeap 'non-nmethods': size=5760Kb used=2416Kb max_used=2472Kb free=3343Kb
 bounds [0x000001e4ab4c0000, 0x000001e4ab730000, 0x000001e4aba60000]
 total_blobs=17862 nmethods=16791 adapters=981
 compilation: enabled
              stopped_count=0, restarted_count=0
 full_count=0

Compilation events (20 events):
Event: 141.366 Thread 0x000001e4c1be8800 nmethod 17446 0x000001e4b371a910 code [0x000001e4b371ab20, 0x000001e4b371c0f0]
Event: 141.366 Thread 0x000001e4c1be8800 17447       4       java.io.RandomAccessFile::readFully (45 bytes)
Event: 141.367 Thread 0x000001e4c1be8800 nmethod 17447 0x000001e4b371cc10 code [0x000001e4b371cdc0, 0x000001e4b371ce88]
Event: 141.367 Thread 0x000001e4c1be8800 17448       4       org.gradle.internal.hash.Hashing$MessageDigestHasher::putBytes (11 bytes)
Event: 141.368 Thread 0x000001e4c1be8800 nmethod 17448 0x000001e4b371cf90 code [0x000001e4b371d120, 0x000001e4b371d218]
Event: 141.370 Thread 0x000001e4c1be8800 17449       4       com.google.common.collect.AbstractIterator::next (34 bytes)
Event: 141.371 Thread 0x000001e4c1beb800 17451       3       java.util.WeakHashMap::transfer (107 bytes)
Event: 141.372 Thread 0x000001e4c1beb800 nmethod 17451 0x000001e4addceb10 code [0x000001e4addced20, 0x000001e4addcf4d8]
Event: 141.376 Thread 0x000001e4c1be8800 nmethod 17449 0x000001e4b371d390 code [0x000001e4b371d540, 0x000001e4b371d9f8]
Event: 141.376 Thread 0x000001e4c1be8800 17450       4       org.gradle.api.internal.changedetection.state.RuntimeClasspathResourceHasher::hash (20 bytes)
Event: 141.392 Thread 0x000001e4c1be8800 nmethod 17450 0x000001e4b371db90 code [0x000001e4b371ddc0, 0x000001e4b371e7e8]
Event: 141.392 Thread 0x000001e4c1be8800 17452       4       org.gradle.internal.hash.HashingOutputStream::<init> (28 bytes)
Event: 141.393 Thread 0x000001e4c1beb800 17453       3       java.util.WeakHashMap$KeyIterator::next (8 bytes)
Event: 141.393 Thread 0x000001e4c1beb800 nmethod 17453 0x000001e4addcf710 code [0x000001e4addcf8e0, 0x000001e4addcfc68]
Event: 141.393 Thread 0x000001e4c1beb800 17455       3       java.util.WeakHashMap$HashIterator::hasNext (95 bytes)
Event: 141.393 Thread 0x000001e4c1beb800 nmethod 17455 0x000001e4addcfd90 code [0x000001e4addcff80, 0x000001e4addd04d8]
Event: 141.393 Thread 0x000001e4c1beb800 17454       3       java.util.WeakHashMap$HashIterator::nextEntry (81 bytes)
Event: 141.393 Thread 0x000001e4c1beb800 nmethod 17454 0x000001e4addd0690 code [0x000001e4addd08a0, 0x000001e4addd0e08]
Event: 141.396 Thread 0x000001e4c1beb800 17457       2       jdk.internal.ref.PhantomCleanable::clean (16 bytes)
Event: 141.396 Thread 0x000001e4c1beb800 nmethod 17457 0x000001e4addd0f90 code [0x000001e4addd1160, 0x000001e4addd12d8]

GC Heap History (20 events):
Event: 113.206 GC heap before
{Heap before GC invocations=34 (full 0):
 garbage-first heap   total 327680K, used 176684K [0x00000000a0000000, 0x0000000100000000)
  region size 1024K, 16 young (16384K), 4 survivors (4096K)
 Metaspace       used 106412K, capacity 108947K, committed 109992K, reserved 1144832K
  class space    used 13003K, capacity 13847K, committed 14188K, reserved 1048576K
}
Event: 113.208 GC heap after
{Heap after GC invocations=35 (full 0):
 garbage-first heap   total 327680K, used 146804K [0x00000000a0000000, 0x0000000100000000)
  region size 1024K, 2 young (2048K), 2 survivors (2048K)
 Metaspace       used 106412K, capacity 108947K, committed 109992K, reserved 1144832K
  class space    used 13003K, capacity 13847K, committed 14188K, reserved 1048576K
}
Event: 113.709 GC heap before
{Heap before GC invocations=35 (full 0):
 garbage-first heap   total 327680K, used 255348K [0x00000000a0000000, 0x0000000100000000)
  region size 1024K, 108 young (110592K), 2 survivors (2048K)
 Metaspace       used 106469K, capacity 109017K, committed 109992K, reserved 1144832K
  class space    used 13005K, capacity 13848K, committed 14188K, reserved 1048576K
}
Event: 113.712 GC heap after
{Heap after GC invocations=36 (full 0):
 garbage-first heap   total 327680K, used 149071K [0x00000000a0000000, 0x0000000100000000)
  region size 1024K, 4 young (4096K), 4 survivors (4096K)
 Metaspace       used 106469K, capacity 109017K, committed 109992K, reserved 1144832K
  class space    used 13005K, capacity 13848K, committed 14188K, reserved 1048576K
}
Event: 114.743 GC heap before
{Heap before GC invocations=36 (full 0):
 garbage-first heap   total 327680K, used 260687K [0x00000000a0000000, 0x0000000100000000)
  region size 1024K, 114 young (116736K), 4 survivors (4096K)
 Metaspace       used 106867K, capacity 109454K, committed 110632K, reserved 1146880K
  class space    used 13039K, capacity 13884K, committed 14316K, reserved 1048576K
}
Event: 114.747 GC heap after
{Heap after GC invocations=37 (full 0):
 garbage-first heap   total 327680K, used 151899K [0x00000000a0000000, 0x0000000100000000)
  region size 1024K, 7 young (7168K), 7 survivors (7168K)
 Metaspace       used 106867K, capacity 109454K, committed 110632K, reserved 1146880K
  class space    used 13039K, capacity 13884K, committed 14316K, reserved 1048576K
}
Event: 117.791 GC heap before
{Heap before GC invocations=37 (full 0):
 garbage-first heap   total 327680K, used 238939K [0x00000000a0000000, 0x0000000100000000)
  region size 1024K, 93 young (95232K), 7 survivors (7168K)
 Metaspace       used 109596K, capacity 112341K, committed 113192K, reserved 1148928K
  class space    used 13310K, capacity 14221K, committed 14572K, reserved 1048576K
}
Event: 117.835 GC heap after
{Heap after GC invocations=38 (full 0):
 garbage-first heap   total 327680K, used 164951K [0x00000000a0000000, 0x0000000100000000)
  region size 1024K, 15 young (15360K), 15 survivors (15360K)
 Metaspace       used 109596K, capacity 112341K, committed 113192K, reserved 1148928K
  class space    used 13310K, capacity 14221K, committed 14572K, reserved 1048576K
}
Event: 121.860 GC heap before
{Heap before GC invocations=39 (full 0):
 garbage-first heap   total 327680K, used 273495K [0x00000000a0000000, 0x0000000100000000)
  region size 1024K, 113 young (115712K), 15 survivors (15360K)
 Metaspace       used 113018K, capacity 115870K, committed 116264K, reserved 1150976K
  class space    used 13658K, capacity 14607K, committed 14828K, reserved 1048576K
}
Event: 121.878 GC heap after
{Heap after GC invocations=40 (full 0):
 garbage-first heap   total 327680K, used 166414K [0x00000000a0000000, 0x0000000100000000)
  region size 1024K, 7 young (7168K), 7 survivors (7168K)
 Metaspace       used 113018K, capacity 115870K, committed 116264K, reserved 1150976K
  class space    used 13658K, capacity 14607K, committed 14828K, reserved 1048576K
}
Event: 124.376 GC heap before
{Heap before GC invocations=40 (full 0):
 garbage-first heap   total 327680K, used 175630K [0x00000000a0000000, 0x0000000100000000)
  region size 1024K, 16 young (16384K), 7 survivors (7168K)
 Metaspace       used 113498K, capacity 116369K, committed 116776K, reserved 1150976K
  class space    used 13712K, capacity 14644K, committed 14828K, reserved 1048576K
}
Event: 124.389 GC heap after
{Heap after GC invocations=41 (full 0):
 garbage-first heap   total 327680K, used 156878K [0x00000000a0000000, 0x0000000100000000)
  region size 1024K, 2 young (2048K), 2 survivors (2048K)
 Metaspace       used 113498K, capacity 116369K, committed 116776K, reserved 1150976K
  class space    used 13712K, capacity 14644K, committed 14828K, reserved 1048576K
}
Event: 125.051 GC heap before
{Heap before GC invocations=41 (full 0):
 garbage-first heap   total 327680K, used 219342K [0x00000000a0000000, 0x0000000100000000)
  region size 1024K, 65 young (66560K), 2 survivors (2048K)
 Metaspace       used 113917K, capacity 116823K, committed 117160K, reserved 1150976K
  class space    used 13760K, capacity 14710K, committed 14956K, reserved 1048576K
}
Event: 125.057 GC heap after
{Heap after GC invocations=42 (full 0):
 garbage-first heap   total 327680K, used 155532K [0x00000000a0000000, 0x0000000100000000)
  region size 1024K, 1 young (1024K), 1 survivors (1024K)
 Metaspace       used 113917K, capacity 116823K, committed 117160K, reserved 1150976K
  class space    used 13760K, capacity 14710K, committed 14956K, reserved 1048576K
}
Event: 138.882 GC heap before
{Heap before GC invocations=43 (full 0):
 garbage-first heap   total 327680K, used 242572K [0x00000000a0000000, 0x0000000100000000)
  region size 1024K, 107 young (109568K), 1 survivors (1024K)
 Metaspace       used 114358K, capacity 117303K, committed 117672K, reserved 1153024K
  class space    used 13794K, capacity 14741K, committed 14956K, reserved 1048576K
}
Event: 138.889 GC heap after
{Heap after GC invocations=44 (full 0):
 garbage-first heap   total 327680K, used 135502K [0x00000000a0000000, 0x0000000100000000)
  region size 1024K, 4 young (4096K), 4 survivors (4096K)
 Metaspace       used 114358K, capacity 117303K, committed 117672K, reserved 1153024K
  class space    used 13794K, capacity 14741K, committed 14956K, reserved 1048576K
}
Event: 139.034 GC heap before
{Heap before GC invocations=44 (full 0):
 garbage-first heap   total 327680K, used 146766K [0x00000000a0000000, 0x0000000100000000)
  region size 1024K, 16 young (16384K), 4 survivors (4096K)
 Metaspace       used 114383K, capacity 117303K, committed 117672K, reserved 1153024K
  class space    used 13794K, capacity 14741K, committed 14956K, reserved 1048576K
}
Event: 139.042 GC heap after
{Heap after GC invocations=45 (full 0):
 garbage-first heap   total 327680K, used 124193K [0x00000000a0000000, 0x0000000100000000)
  region size 1024K, 2 young (2048K), 2 survivors (2048K)
 Metaspace       used 114383K, capacity 117303K, committed 117672K, reserved 1153024K
  class space    used 13794K, capacity 14741K, committed 14956K, reserved 1048576K
}
Event: 141.050 GC heap before
{Heap before GC invocations=45 (full 0):
 garbage-first heap   total 327680K, used 223521K [0x00000000a0000000, 0x0000000100000000)
  region size 1024K, 101 young (103424K), 2 survivors (2048K)
 Metaspace       used 114576K, capacity 117479K, committed 117928K, reserved 1153024K
  class space    used 13801K, capacity 14749K, committed 14956K, reserved 1048576K
}
Event: 141.059 GC heap after
{Heap after GC invocations=46 (full 0):
 garbage-first heap   total 327680K, used 126553K [0x00000000a0000000, 0x0000000100000000)
  region size 1024K, 5 young (5120K), 5 survivors (5120K)
 Metaspace       used 114576K, capacity 117479K, committed 117928K, reserved 1153024K
  class space    used 13801K, capacity 14749K, committed 14956K, reserved 1048576K
}

Deoptimization events (20 events):
Event: 140.942 Thread 0x000001e4c5eb8000 DEOPT PACKING pc=0x000001e4b36966c4 sp=0x00000051f28fdee0
Event: 140.942 Thread 0x000001e4c5eb8000 DEOPT UNPACKING pc=0x000001e4ab4e78af sp=0x00000051f28fdef8 mode 2
Event: 141.173 Thread 0x000001e4c1d6c000 Uncommon trap: trap_request=0xffffff6e fr.pc=0x000001e4b369c2dc relative=0x000000000000051c
Event: 141.173 Thread 0x000001e4c1d6c000 Uncommon trap: reason=speculate_class_check action=maybe_recompile pc=0x000001e4b369c2dc method=jdk.internal.ref.PhantomCleanable.clean()V @ 12 c2
Event: 141.173 Thread 0x000001e4c1d6c000 DEOPT PACKING pc=0x000001e4b369c2dc sp=0x00000051ef7ff240
Event: 141.173 Thread 0x000001e4c1d6c000 DEOPT UNPACKING pc=0x000001e4ab4e78af sp=0x00000051ef7ff220 mode 2
Event: 141.173 Thread 0x000001e4c1d6c000 Uncommon trap: trap_request=0xffffff6e fr.pc=0x000001e4b369c2dc relative=0x000000000000051c
Event: 141.173 Thread 0x000001e4c1d6c000 Uncommon trap: reason=speculate_class_check action=maybe_recompile pc=0x000001e4b369c2dc method=jdk.internal.ref.PhantomCleanable.clean()V @ 12 c2
Event: 141.173 Thread 0x000001e4c1d6c000 DEOPT PACKING pc=0x000001e4b369c2dc sp=0x00000051ef7ff240
Event: 141.173 Thread 0x000001e4c1d6c000 DEOPT UNPACKING pc=0x000001e4ab4e78af sp=0x00000051ef7ff220 mode 2
Event: 141.173 Thread 0x000001e4c1d6c000 Uncommon trap: trap_request=0xffffff6e fr.pc=0x000001e4b369c2dc relative=0x000000000000051c
Event: 141.173 Thread 0x000001e4c1d6c000 Uncommon trap: reason=speculate_class_check action=maybe_recompile pc=0x000001e4b369c2dc method=jdk.internal.ref.PhantomCleanable.clean()V @ 12 c2
Event: 141.173 Thread 0x000001e4c1d6c000 DEOPT PACKING pc=0x000001e4b369c2dc sp=0x00000051ef7ff240
Event: 141.173 Thread 0x000001e4c1d6c000 DEOPT UNPACKING pc=0x000001e4ab4e78af sp=0x00000051ef7ff220 mode 2
Event: 141.173 Thread 0x000001e4c1d6c000 Uncommon trap: trap_request=0xffffff6e fr.pc=0x000001e4b369c2dc relative=0x000000000000051c
Event: 141.173 Thread 0x000001e4c1d6c000 Uncommon trap: reason=speculate_class_check action=maybe_recompile pc=0x000001e4b369c2dc method=jdk.internal.ref.PhantomCleanable.clean()V @ 12 c2
Event: 141.174 Thread 0x000001e4c1d6c000 DEOPT PACKING pc=0x000001e4b369c2dc sp=0x00000051ef7ff240
Event: 141.174 Thread 0x000001e4c1d6c000 DEOPT UNPACKING pc=0x000001e4ab4e78af sp=0x00000051ef7ff220 mode 2
Event: 141.371 Thread 0x000001e4c5eba000 DEOPT PACKING pc=0x000001e4adc3dae6 sp=0x00000051f24fc010
Event: 141.371 Thread 0x000001e4c5eba000 DEOPT UNPACKING pc=0x000001e4ab4e76ce sp=0x00000051f24fb4b0 mode 0

Classes redefined (0 events):
No events

Internal exceptions (20 events):
Event: 121.750 Thread 0x000001e4c28eb000 Exception <a 'sun/nio/fs/WindowsException'{0x00000000ad5a3630}> (0x00000000ad5a3630) thrown at [./src/hotspot/share/prims/jni.cpp, line 615]
Event: 121.750 Thread 0x000001e4c28eb000 Exception <a 'sun/nio/fs/WindowsException'{0x00000000ad5a3918}> (0x00000000ad5a3918) thrown at [./src/hotspot/share/prims/jni.cpp, line 615]
Event: 121.750 Thread 0x000001e4c28eb000 Exception <a 'sun/nio/fs/WindowsException'{0x00000000ad5a44f8}> (0x00000000ad5a44f8) thrown at [./src/hotspot/share/prims/jni.cpp, line 615]
Event: 121.849 Thread 0x000001e4c28eb000 Exception <a 'java/lang/NoSuchMethodError'{0x00000000acf66648}: <clinit>> (0x00000000acf66648) thrown at [./src/hotspot/share/prims/jni.cpp, line 1362]
Event: 121.851 Thread 0x000001e4c28eb000 Exception <a 'java/lang/NoSuchMethodError'{0x00000000acf7cc00}: <clinit>> (0x00000000acf7cc00) thrown at [./src/hotspot/share/prims/jni.cpp, line 1362]
Event: 121.852 Thread 0x000001e4c28eb000 Exception <a 'java/lang/NoSuchMethodError'{0x00000000acf9d110}: <clinit>> (0x00000000acf9d110) thrown at [./src/hotspot/share/prims/jni.cpp, line 1362]
Event: 121.855 Thread 0x000001e4c28eb000 Exception <a 'java/lang/NoSuchMethodError'{0x00000000acfcedc0}: <clinit>> (0x00000000acfcedc0) thrown at [./src/hotspot/share/prims/jni.cpp, line 1362]
Event: 124.519 Thread 0x000001e4c45a1000 Exception <a 'sun/nio/fs/WindowsException'{0x00000000b3717498}> (0x00000000b3717498) thrown at [./src/hotspot/share/prims/jni.cpp, line 615]
Event: 124.523 Thread 0x000001e4c45a1000 Exception <a 'sun/nio/fs/WindowsException'{0x00000000b372c948}> (0x00000000b372c948) thrown at [./src/hotspot/share/prims/jni.cpp, line 615]
Event: 124.524 Thread 0x000001e4c45a1000 Exception <a 'sun/nio/fs/WindowsException'{0x00000000b372ca30}> (0x00000000b372ca30) thrown at [./src/hotspot/share/prims/jni.cpp, line 615]
Event: 125.646 Thread 0x000001e4c28eb000 Exception <a 'java/lang/OutOfMemoryError'{0x00000000af62fa98}> (0x00000000af62fa98) thrown at [./src/hotspot/share/prims/jni.cpp, line 636]
Event: 125.875 Thread 0x000001e4c5eaf000 Exception <a 'java/lang/NoSuchMethodError'{0x00000000af690e28}: <clinit>> (0x00000000af690e28) thrown at [./src/hotspot/share/prims/jni.cpp, line 1362]
Event: 125.880 Thread 0x000001e4c5eaf000 Exception <a 'java/lang/NoSuchMethodError'{0x00000000af53ca88}: <clinit>> (0x00000000af53ca88) thrown at [./src/hotspot/share/prims/jni.cpp, line 1362]
Event: 125.984 Thread 0x000001e4c5eb3000 Exception <a 'sun/nio/fs/WindowsException'{0x00000000af577980}> (0x00000000af577980) thrown at [./src/hotspot/share/prims/jni.cpp, line 615]
Event: 138.370 Thread 0x000001e4c28e4800 Exception <a 'java/lang/NoSuchMethodError'{0x00000000af041488}: <clinit>> (0x00000000af041488) thrown at [./src/hotspot/share/prims/jni.cpp, line 1362]
Event: 139.551 Thread 0x000001e4c5eba000 Implicit null exception at 0x000001e4b36274bc to 0x000001e4b362b980
Event: 140.939 Thread 0x000001e4c5eb8000 Exception <a 'sun/nio/fs/WindowsException'{0x00000000aedbd2c0}> (0x00000000aedbd2c0) thrown at [./src/hotspot/share/prims/jni.cpp, line 615]
Event: 140.939 Thread 0x000001e4c5eb8000 Exception <a 'sun/nio/fs/WindowsException'{0x00000000aedbd670}> (0x00000000aedbd670) thrown at [./src/hotspot/share/prims/jni.cpp, line 615]
Event: 140.939 Thread 0x000001e4c5eb8000 Exception <a 'sun/nio/fs/WindowsException'{0x00000000aedbd758}> (0x00000000aedbd758) thrown at [./src/hotspot/share/prims/jni.cpp, line 615]
Event: 141.393 Thread 0x000001e4c5eba000 Exception <a 'java/lang/OutOfMemoryError'{0x00000000aea21c78}> (0x00000000aea21c78) thrown at [./src/hotspot/share/prims/jni.cpp, line 636]

Events (20 events):
Event: 141.193 Executing VM operation: RevokeBias
Event: 141.193 Executing VM operation: RevokeBias done
Event: 141.193 Executing VM operation: RevokeBias
Event: 141.193 Executing VM operation: RevokeBias done
Event: 141.194 Executing VM operation: RevokeBias
Event: 141.194 Executing VM operation: RevokeBias done
Event: 141.194 Executing VM operation: RevokeBias
Event: 141.195 Executing VM operation: RevokeBias done
Event: 141.196 Executing VM operation: RevokeBias
Event: 141.196 Executing VM operation: RevokeBias done
Event: 141.196 Executing VM operation: RevokeBias
Event: 141.197 Executing VM operation: RevokeBias done
Event: 141.197 Executing VM operation: RevokeBias
Event: 141.198 Executing VM operation: RevokeBias done
Event: 141.198 Executing VM operation: RevokeBias
Event: 141.198 Executing VM operation: RevokeBias done
Event: 141.231 Executing VM operation: CGC_Operation
Event: 141.231 Executing VM operation: CGC_Operation done
Event: 141.307 loading class org/gradle/api/internal/changedetection/state/ZipHasher$1
Event: 141.307 loading class org/gradle/api/internal/changedetection/state/ZipHasher$1 done


Dynamic libraries:
0x00007ff797e50000 - 0x00007ff797e5a000 	C:\Program Files\Android\Android Studio\jre\bin\java.exe
0x00007fffdbb70000 - 0x00007fffdbd65000 	C:\Windows\SYSTEM32\ntdll.dll
0x00007fffdb420000 - 0x00007fffdb4dd000 	C:\Windows\System32\KERNEL32.DLL
0x00007fffd9590000 - 0x00007fffd9859000 	C:\Windows\System32\KERNELBASE.dll
0x00007fffd9990000 - 0x00007fffd9a90000 	C:\Windows\System32\ucrtbase.dll
0x00007fffb97c0000 - 0x00007fffb97d9000 	C:\Program Files\Android\Android Studio\jre\bin\jli.dll
0x00007fffd9bd0000 - 0x00007fffd9d70000 	C:\Windows\System32\USER32.dll
0x00007fffd9450000 - 0x00007fffd9472000 	C:\Windows\System32\win32u.dll
0x00007fffa6ca0000 - 0x00007fffa6cb7000 	C:\Program Files\Android\Android Studio\jre\bin\VCRUNTIME140.dll
0x00007fffdb3e0000 - 0x00007fffdb40a000 	C:\Windows\System32\GDI32.dll
0x00007fffd9480000 - 0x00007fffd958b000 	C:\Windows\System32\gdi32full.dll
0x00007fffd9890000 - 0x00007fffd992d000 	C:\Windows\System32\msvcp_win.dll
0x00007fffbe7b0000 - 0x00007fffbea4a000 	C:\Windows\WinSxS\amd64_microsoft.windows.common-controls_6595b64144ccf1df_6.0.19041.1110_none_60b5254171f9507e\COMCTL32.dll
0x00007fffdb800000 - 0x00007fffdb89e000 	C:\Windows\System32\msvcrt.dll
0x00007fffdb170000 - 0x00007fffdb1a0000 	C:\Windows\System32\IMM32.DLL
0x00007fffa6060000 - 0x00007fffa60fd000 	C:\Program Files\Android\Android Studio\jre\bin\msvcp140.dll
0x00007fff86c20000 - 0x00007fff876ef000 	C:\Program Files\Android\Android Studio\jre\bin\server\jvm.dll
0x00007fffdb330000 - 0x00007fffdb3dc000 	C:\Windows\System32\ADVAPI32.dll
0x00007fffdb4e0000 - 0x00007fffdb57b000 	C:\Windows\System32\sechost.dll
0x00007fffda850000 - 0x00007fffda97a000 	C:\Windows\System32\RPCRT4.dll
0x00007fffdb160000 - 0x00007fffdb168000 	C:\Windows\System32\PSAPI.DLL
0x00007fffd6540000 - 0x00007fffd6549000 	C:\Windows\SYSTEM32\WSOCK32.dll
0x00007fffbd740000 - 0x00007fffbd767000 	C:\Windows\SYSTEM32\WINMM.dll
0x00007fffdb8a0000 - 0x00007fffdb90b000 	C:\Windows\System32\WS2_32.dll
0x00007fffceed0000 - 0x00007fffceeda000 	C:\Windows\SYSTEM32\VERSION.dll
0x00007fffd7b40000 - 0x00007fffd7b52000 	C:\Windows\SYSTEM32\kernel.appcore.dll
0x00007fffd4320000 - 0x00007fffd4331000 	C:\Program Files\Android\Android Studio\jre\bin\verify.dll
0x00007fffd7820000 - 0x00007fffd7a04000 	C:\Windows\SYSTEM32\DBGHELP.DLL
0x00007fffbfdc0000 - 0x00007fffbfdec000 	C:\Windows\SYSTEM32\dbgcore.DLL
0x00007fffd9b40000 - 0x00007fffd9bc3000 	C:\Windows\System32\bcryptPrimitives.dll
0x00007fffd1f00000 - 0x00007fffd1f29000 	C:\Program Files\Android\Android Studio\jre\bin\java.dll
0x00007fffd64f0000 - 0x00007fffd64fb000 	C:\Program Files\Android\Android Studio\jre\bin\jimage.dll
0x00007fffd1ee0000 - 0x00007fffd1ef8000 	C:\Program Files\Android\Android Studio\jre\bin\zip.dll
0x00007fffda980000 - 0x00007fffdb0bf000 	C:\Windows\System32\SHELL32.dll
0x00007fffd6fc0000 - 0x00007fffd7750000 	C:\Windows\SYSTEM32\windows.storage.dll
0x00007fffda4f0000 - 0x00007fffda845000 	C:\Windows\System32\combase.dll
0x00007fffd8d00000 - 0x00007fffd8d2c000 	C:\Windows\SYSTEM32\Wldp.dll
0x00007fffdb630000 - 0x00007fffdb6de000 	C:\Windows\System32\SHCORE.dll
0x00007fffd9d70000 - 0x00007fffd9dc5000 	C:\Windows\System32\shlwapi.dll
0x00007fffd91e0000 - 0x00007fffd91ff000 	C:\Windows\SYSTEM32\profapi.dll
0x00007fffd1870000 - 0x00007fffd188a000 	C:\Program Files\Android\Android Studio\jre\bin\net.dll
0x00007fffc8db0000 - 0x00007fffc8eb8000 	C:\Windows\SYSTEM32\WINHTTP.dll
0x00007fffd8a60000 - 0x00007fffd8aca000 	C:\Windows\system32\mswsock.dll
0x00007fffd1850000 - 0x00007fffd1864000 	C:\Program Files\Android\Android Studio\jre\bin\nio.dll
0x00007fffd1720000 - 0x00007fffd1746000 	C:\Users\patel\.gradle\native\31\windows-amd64\native-platform.dll
0x00007fffd4760000 - 0x00007fffd476a000 	C:\Program Files\Android\Android Studio\jre\bin\management.dll
0x00007fffd4430000 - 0x00007fffd443c000 	C:\Program Files\Android\Android Studio\jre\bin\management_ext.dll
0x00007fffd8c50000 - 0x00007fffd8c68000 	C:\Windows\SYSTEM32\CRYPTSP.dll
0x00007fffd8370000 - 0x00007fffd83a4000 	C:\Windows\system32\rsaenh.dll
0x00007fffd9860000 - 0x00007fffd9887000 	C:\Windows\System32\bcrypt.dll
0x00007fffd91a0000 - 0x00007fffd91ce000 	C:\Windows\SYSTEM32\USERENV.dll
0x00007fffd8c70000 - 0x00007fffd8c7c000 	C:\Windows\SYSTEM32\CRYPTBASE.dll
0x00007fffd8700000 - 0x00007fffd873b000 	C:\Windows\SYSTEM32\IPHLPAPI.DLL
0x00007fffdb9f0000 - 0x00007fffdb9f8000 	C:\Windows\System32\NSI.dll
0x00007fffcee80000 - 0x00007fffcee97000 	C:\Windows\SYSTEM32\dhcpcsvc6.DLL
0x00007fffcf2a0000 - 0x00007fffcf2bd000 	C:\Windows\SYSTEM32\dhcpcsvc.DLL
0x00007fffd8740000 - 0x00007fffd880c000 	C:\Windows\SYSTEM32\DNSAPI.dll
0x00007fffd03e0000 - 0x00007fffd0407000 	C:\Program Files\Android\Android Studio\jre\bin\sunec.dll
0x00007fffceea0000 - 0x00007fffceeaa000 	C:\Windows\System32\rasadhlp.dll
0x00007fffc80e0000 - 0x00007fffc815f000 	C:\Windows\System32\fwpuclnt.dll
0x00007fffd8030000 - 0x00007fffd8063000 	C:\Windows\SYSTEM32\ntmarta.dll
0x00007fffd6600000 - 0x00007fffd6690000 	C:\Windows\system32\apphelp.dll
0x00007fffb5250000 - 0x00007fffb53f4000 	C:\Program Files\Android\Android Studio\jre\bin\awt.dll
0x00007fffdb260000 - 0x00007fffdb32d000 	C:\Windows\System32\OLEAUT32.dll
0x00007fffd6c00000 - 0x00007fffd6c2f000 	C:\Windows\SYSTEM32\dwmapi.dll
0x00007fffd6920000 - 0x00007fffd69be000 	C:\Windows\system32\uxtheme.dll

dbghelp: loaded successfully - version: 4.0.5 - missing functions: none
symbol engine: initialized successfully - sym options: 0x614 - pdb path: .;C:\Program Files\Android\Android Studio\jre\bin;C:\Windows\SYSTEM32;C:\Windows\WinSxS\amd64_microsoft.windows.common-controls_6595b64144ccf1df_6.0.19041.1110_none_60b5254171f9507e;C:\Program Files\Android\Android Studio\jre\bin\server;C:\Users\patel\.gradle\native\31\windows-amd64

VM Arguments:
jvm_args: --add-opens=java.base/java.util=ALL-UNNAMED --add-opens=java.base/java.lang=ALL-UNNAMED --add-opens=java.base/java.lang.invoke=ALL-UNNAMED --add-opens=java.prefs/java.util.prefs=ALL-UNNAMED -Xmx1536m -Dfile.encoding=windows-1252 -Duser.country=US -Duser.language=en -Duser.variant 
java_command: org.gradle.launcher.daemon.bootstrap.GradleDaemon 6.1.1
java_class_path (initial): C:\Users\patel\.gradle\wrapper\dists\gradle-6.1.1-all\cfmwm155h49vnt3hynmlrsdst\gradle-6.1.1\lib\gradle-launcher-6.1.1.jar
Launcher Type: SUN_STANDARD

[Global flags]
     intx CICompilerCount                          = 4                                         {product} {ergonomic}
     uint ConcGCThreads                            = 2                                         {product} {ergonomic}
     uint G1ConcRefinementThreads                  = 8                                         {product} {ergonomic}
   size_t G1HeapRegionSize                         = 1048576                                   {product} {ergonomic}
    uintx GCDrainStackTargetSize                   = 64                                        {product} {ergonomic}
   size_t InitialHeapSize                          = 335544320                                 {product} {ergonomic}
   size_t MarkStackSize                            = 4194304                                   {product} {ergonomic}
   size_t MaxHeapSize                              = 1610612736                                {product} {command line}
   size_t MaxNewSize                               = 965738496                                 {product} {ergonomic}
   size_t MinHeapDeltaBytes                        = 1048576                                   {product} {ergonomic}
    uintx NonNMethodCodeHeapSize                   = 5836300                                {pd product} {ergonomic}
    uintx NonProfiledCodeHeapSize                  = 122910970                              {pd product} {ergonomic}
    uintx ProfiledCodeHeapSize                     = 122910970                              {pd product} {ergonomic}
    uintx ReservedCodeCacheSize                    = 251658240                              {pd product} {ergonomic}
     bool SegmentedCodeCache                       = true                                      {product} {ergonomic}
     bool UseCompressedClassPointers               = true                                 {lp64_product} {ergonomic}
     bool UseCompressedOops                        = true                                 {lp64_product} {ergonomic}
     bool UseG1GC                                  = true                                      {product} {ergonomic}
     bool UseLargePagesIndividualAllocation        = false                                  {pd product} {ergonomic}

Logging:
Log output configuration:
 #0: stdout all=warning uptime,level,tags
 #1: stderr all=off uptime,level,tags

Environment Variables:
PATH=C:\Program Files\Common Files\Oracle\Java\javapath;C:\Python39\Scripts\;C:\Python39\;C:\Program Files (x86)\Intel\Intel(R) Management Engine Components\iCLS\;C:\Program Files\Intel\Intel(R) Management Engine Components\iCLS\;C:\Windows\system32;C:\Windows;C:\Windows\System32\Wbem;C:\Windows\System32\WindowsPowerShell\v1.0\;C:\Program Files (x86)\Intel\Intel(R) Management Engine Components\DAL;C:\Program Files\Intel\Intel(R) Management Engine Components\DAL;C:\Program Files (x86)\Intel\Intel(R) Management Engine Components\IPT;C:\Program Files\Intel\Intel(R) Management Engine Components\IPT;C:\Windows\System32\OpenSSH\;H:\Internshala Trainings\Python Programing;C:\Users\patel\OneDrive\Desktop;H:\PracPackage;C:\Program Files\Java\jdk-16.0.1\bin;C:\TDM-GCC-64\bin;C:\Program Files\Git\cmd;C:\Users\patel\AppData\Local\Microsoft\WindowsApps;C:\Program Files\Java\jdk-14.0.1\bin;C:\Users\patel\AppData\Local\Programs\Microsoft VS Code\bin;H:\Practice;C:\TDM-GCC-64\bin;
USERNAME=patel
OS=Windows_NT
PROCESSOR_IDENTIFIER=Intel64 Family 6 Model 142 Stepping 10, GenuineIntel



---------------  S Y S T E M  ---------------

OS: Windows 10 , 64 bit Build 19041 (10.0.19041.1151)
OS uptime: 1 days 0:42 hours

CPU:total 8 (initial active 8) (4 cores per cpu, 2 threads per core) family 6 model 142 stepping 10 microcode 0xb4, cmov, cx8, fxsr, mmx, sse, sse2, sse3, ssse3, sse4.1, sse4.2, popcnt, avx, avx2, aes, clmul, erms, 3dnowpref, lzcnt, ht, tsc, tscinvbit, bmi1, bmi2, adx, fma

Memory: 4k page, system-wide physical 20389M (131M free)
TotalPageFile size 79847M (AvailPageFile size 72M)
current process WorkingSet (physical memory assigned to process): 699M, peak: 726M
current process commit charge ("private bytes"): 827M, peak: 898M

vm_info: OpenJDK 64-Bit Server VM (11.0.10+0-b96-7249189) for windows-amd64 JRE (11.0.10+0-b96-7249189), built on Mar 31 2021 21:44:00 by "builder" with MS VC++ 14.0 (VS2015)

END.
